[2015-09-09 05:54:04] local.ERROR: exception 'UnexpectedValueException' with message 'The Response content must be a string or object implementing __toString(), "object" given.' in /home/vagrant/Projects/corso/bootstrap/cache/compiled.php:14858
Stack trace:
#0 /home/vagrant/Projects/corso/bootstrap/cache/compiled.php(15248): Symfony\Component\HttpFoundation\Response->setContent(Object(stdClass))
#1 /home/vagrant/Projects/corso/bootstrap/cache/compiled.php(14761): Illuminate\Http\Response->setContent(Object(stdClass))
#2 /home/vagrant/Projects/corso/bootstrap/cache/compiled.php(7424): Symfony\Component\HttpFoundation\Response->__construct(Object(stdClass))
#3 /home/vagrant/Projects/corso/bootstrap/cache/compiled.php(8630): Illuminate\Routing\Router->prepareResponse(Object(Illuminate\Http\Request), Object(stdClass))
#4 [internal function]: Illuminate\Routing\ControllerDispatcher->Illuminate\Routing\{closure}(Object(Illuminate\Http\Request))
#5 /home/vagrant/Projects/corso/bootstrap/cache/compiled.php(9287): call_user_func(Object(Closure), Object(Illuminate\Http\Request))
#6 [internal function]: Illuminate\Pipeline\Pipeline->Illuminate\Pipeline\{closure}(Object(Illuminate\Http\Request))
#7 /home/vagrant/Projects/corso/bootstrap/cache/compiled.php(9269): call_user_func(Object(Closure), Object(Illuminate\Http\Request))
#8 /home/vagrant/Projects/corso/bootstrap/cache/compiled.php(8631): Illuminate\Pipeline\Pipeline->then(Object(Closure))
#9 /home/vagrant/Projects/corso/bootstrap/cache/compiled.php(8616): Illuminate\Routing\ControllerDispatcher->callWithinStack(Object(Corso\Http\Controllers\ClaroController), Object(Illuminate\Routing\Route), Object(Illuminate\Http\Request), 'dataProduct')
#10 /home/vagrant/Projects/corso/bootstrap/cache/compiled.php(7591): Illuminate\Routing\ControllerDispatcher->dispatch(Object(Illuminate\Routing\Route), Object(Illuminate\Http\Request), 'Corso\\Http\\Cont...', 'dataProduct')
#11 /home/vagrant/Projects/corso/bootstrap/cache/compiled.php(7562): Illuminate\Routing\Route->runWithCustomDispatcher(Object(Illuminate\Http\Request))
#12 /home/vagrant/Projects/corso/bootstrap/cache/compiled.php(7215): Illuminate\Routing\Route->run(Object(Illuminate\Http\Request))
#13 [internal function]: Illuminate\Routing\Router->Illuminate\Routing\{closure}(Object(Illuminate\Http\Request))
#14 /home/vagrant/Projects/corso/bootstrap/cache/compiled.php(9287): call_user_func(Object(Closure), Object(Illuminate\Http\Request))
#15 [internal function]: Illuminate\Pipeline\Pipeline->Illuminate\Pipeline\{closure}(Object(Illuminate\Http\Request))
#16 /home/vagrant/Projects/corso/bootstrap/cache/compiled.php(9269): call_user_func(Object(Closure), Object(Illuminate\Http\Request))
#17 /home/vagrant/Projects/corso/bootstrap/cache/compiled.php(7216): Illuminate\Pipeline\Pipeline->then(Object(Closure))
#18 /home/vagrant/Projects/corso/bootstrap/cache/compiled.php(7204): Illuminate\Routing\Router->runRouteWithinStack(Object(Illuminate\Routing\Route), Object(Illuminate\Http\Request))
#19 /home/vagrant/Projects/corso/bootstrap/cache/compiled.php(7189): Illuminate\Routing\Router->dispatchToRoute(Object(Illuminate\Http\Request))
#20 /home/vagrant/Projects/corso/bootstrap/cache/compiled.php(2106): Illuminate\Routing\Router->dispatch(Object(Illuminate\Http\Request))
#21 [internal function]: Illuminate\Foundation\Http\Kernel->Illuminate\Foundation\Http\{closure}(Object(Illuminate\Http\Request))
#22 /home/vagrant/Projects/corso/bootstrap/cache/compiled.php(9287): call_user_func(Object(Closure), Object(Illuminate\Http\Request))
#23 /home/vagrant/Projects/corso/bootstrap/cache/compiled.php(2726): Illuminate\Pipeline\Pipeline->Illuminate\Pipeline\{closure}(Object(Illuminate\Http\Request))
#24 /home/vagrant/Projects/corso/app/Http/Middleware/VerifyCsrfToken.php(33): Illuminate\Foundation\Http\Middleware\VerifyCsrfToken->handle(Object(Illuminate\Http\Request), Object(Closure))
#25 [internal function]: Corso\Http\Middleware\VerifyCsrfToken->handle(Object(Illuminate\Http\Request), Object(Closure))
#26 /home/vagrant/Projects/corso/bootstrap/cache/compiled.php(9279): call_user_func_array(Array, Array)
#27 /home/vagrant/Projects/corso/bootstrap/cache/compiled.php(12579): Illuminate\Pipeline\Pipeline->Illuminate\Pipeline\{closure}(Object(Illuminate\Http\Request))
#28 [internal function]: Illuminate\View\Middleware\ShareErrorsFromSession->handle(Object(Illuminate\Http\Request), Object(Closure))
#29 /home/vagrant/Projects/corso/bootstrap/cache/compiled.php(9279): call_user_func_array(Array, Array)
#30 /home/vagrant/Projects/corso/bootstrap/cache/compiled.php(11210): Illuminate\Pipeline\Pipeline->Illuminate\Pipeline\{closure}(Object(Illuminate\Http\Request))
#31 [internal function]: Illuminate\Session\Middleware\StartSession->handle(Object(Illuminate\Http\Request), Object(Closure))
#32 /home/vagrant/Projects/corso/bootstrap/cache/compiled.php(9279): call_user_func_array(Array, Array)
#33 /home/vagrant/Projects/corso/bootstrap/cache/compiled.php(12316): Illuminate\Pipeline\Pipeline->Illuminate\Pipeline\{closure}(Object(Illuminate\Http\Request))
#34 [internal function]: Illuminate\Cookie\Middleware\AddQueuedCookiesToResponse->handle(Object(Illuminate\Http\Request), Object(Closure))
#35 /home/vagrant/Projects/corso/bootstrap/cache/compiled.php(9279): call_user_func_array(Array, Array)
#36 /home/vagrant/Projects/corso/bootstrap/cache/compiled.php(12255): Illuminate\Pipeline\Pipeline->Illuminate\Pipeline\{closure}(Object(Illuminate\Http\Request))
#37 [internal function]: Illuminate\Cookie\Middleware\EncryptCookies->handle(Object(Illuminate\Http\Request), Object(Closure))
#38 /home/vagrant/Projects/corso/bootstrap/cache/compiled.php(9279): call_user_func_array(Array, Array)
#39 /home/vagrant/Projects/corso/bootstrap/cache/compiled.php(2776): Illuminate\Pipeline\Pipeline->Illuminate\Pipeline\{closure}(Object(Illuminate\Http\Request))
#40 [internal function]: Illuminate\Foundation\Http\Middleware\CheckForMaintenanceMode->handle(Object(Illuminate\Http\Request), Object(Closure))
#41 /home/vagrant/Projects/corso/bootstrap/cache/compiled.php(9279): call_user_func_array(Array, Array)
#42 [internal function]: Illuminate\Pipeline\Pipeline->Illuminate\Pipeline\{closure}(Object(Illuminate\Http\Request))
#43 /home/vagrant/Projects/corso/bootstrap/cache/compiled.php(9269): call_user_func(Object(Closure), Object(Illuminate\Http\Request))
#44 /home/vagrant/Projects/corso/bootstrap/cache/compiled.php(2053): Illuminate\Pipeline\Pipeline->then(Object(Closure))
#45 /home/vagrant/Projects/corso/bootstrap/cache/compiled.php(2036): Illuminate\Foundation\Http\Kernel->sendRequestThroughRouter(Object(Illuminate\Http\Request))
#46 /home/vagrant/Projects/corso/public/index.php(53): Illuminate\Foundation\Http\Kernel->handle(Object(Illuminate\Http\Request))
#47 {main}  
[2015-09-09 05:55:06] local.ERROR: exception 'UnexpectedValueException' with message 'The Response content must be a string or object implementing __toString(), "object" given.' in /home/vagrant/Projects/corso/bootstrap/cache/compiled.php:14858
Stack trace:
#0 /home/vagrant/Projects/corso/bootstrap/cache/compiled.php(15248): Symfony\Component\HttpFoundation\Response->setContent(Object(stdClass))
#1 /home/vagrant/Projects/corso/bootstrap/cache/compiled.php(14761): Illuminate\Http\Response->setContent(Object(stdClass))
#2 /home/vagrant/Projects/corso/bootstrap/cache/compiled.php(7424): Symfony\Component\HttpFoundation\Response->__construct(Object(stdClass))
#3 /home/vagrant/Projects/corso/bootstrap/cache/compiled.php(8630): Illuminate\Routing\Router->prepareResponse(Object(Illuminate\Http\Request), Object(stdClass))
#4 [internal function]: Illuminate\Routing\ControllerDispatcher->Illuminate\Routing\{closure}(Object(Illuminate\Http\Request))
#5 /home/vagrant/Projects/corso/bootstrap/cache/compiled.php(9287): call_user_func(Object(Closure), Object(Illuminate\Http\Request))
#6 [internal function]: Illuminate\Pipeline\Pipeline->Illuminate\Pipeline\{closure}(Object(Illuminate\Http\Request))
#7 /home/vagrant/Projects/corso/bootstrap/cache/compiled.php(9269): call_user_func(Object(Closure), Object(Illuminate\Http\Request))
#8 /home/vagrant/Projects/corso/bootstrap/cache/compiled.php(8631): Illuminate\Pipeline\Pipeline->then(Object(Closure))
#9 /home/vagrant/Projects/corso/bootstrap/cache/compiled.php(8616): Illuminate\Routing\ControllerDispatcher->callWithinStack(Object(Corso\Http\Controllers\ClaroController), Object(Illuminate\Routing\Route), Object(Illuminate\Http\Request), 'dataProduct')
#10 /home/vagrant/Projects/corso/bootstrap/cache/compiled.php(7591): Illuminate\Routing\ControllerDispatcher->dispatch(Object(Illuminate\Routing\Route), Object(Illuminate\Http\Request), 'Corso\\Http\\Cont...', 'dataProduct')
#11 /home/vagrant/Projects/corso/bootstrap/cache/compiled.php(7562): Illuminate\Routing\Route->runWithCustomDispatcher(Object(Illuminate\Http\Request))
#12 /home/vagrant/Projects/corso/bootstrap/cache/compiled.php(7215): Illuminate\Routing\Route->run(Object(Illuminate\Http\Request))
#13 [internal function]: Illuminate\Routing\Router->Illuminate\Routing\{closure}(Object(Illuminate\Http\Request))
#14 /home/vagrant/Projects/corso/bootstrap/cache/compiled.php(9287): call_user_func(Object(Closure), Object(Illuminate\Http\Request))
#15 [internal function]: Illuminate\Pipeline\Pipeline->Illuminate\Pipeline\{closure}(Object(Illuminate\Http\Request))
#16 /home/vagrant/Projects/corso/bootstrap/cache/compiled.php(9269): call_user_func(Object(Closure), Object(Illuminate\Http\Request))
#17 /home/vagrant/Projects/corso/bootstrap/cache/compiled.php(7216): Illuminate\Pipeline\Pipeline->then(Object(Closure))
#18 /home/vagrant/Projects/corso/bootstrap/cache/compiled.php(7204): Illuminate\Routing\Router->runRouteWithinStack(Object(Illuminate\Routing\Route), Object(Illuminate\Http\Request))
#19 /home/vagrant/Projects/corso/bootstrap/cache/compiled.php(7189): Illuminate\Routing\Router->dispatchToRoute(Object(Illuminate\Http\Request))
#20 /home/vagrant/Projects/corso/bootstrap/cache/compiled.php(2106): Illuminate\Routing\Router->dispatch(Object(Illuminate\Http\Request))
#21 [internal function]: Illuminate\Foundation\Http\Kernel->Illuminate\Foundation\Http\{closure}(Object(Illuminate\Http\Request))
#22 /home/vagrant/Projects/corso/bootstrap/cache/compiled.php(9287): call_user_func(Object(Closure), Object(Illuminate\Http\Request))
#23 /home/vagrant/Projects/corso/bootstrap/cache/compiled.php(2726): Illuminate\Pipeline\Pipeline->Illuminate\Pipeline\{closure}(Object(Illuminate\Http\Request))
#24 /home/vagrant/Projects/corso/app/Http/Middleware/VerifyCsrfToken.php(33): Illuminate\Foundation\Http\Middleware\VerifyCsrfToken->handle(Object(Illuminate\Http\Request), Object(Closure))
#25 [internal function]: Corso\Http\Middleware\VerifyCsrfToken->handle(Object(Illuminate\Http\Request), Object(Closure))
#26 /home/vagrant/Projects/corso/bootstrap/cache/compiled.php(9279): call_user_func_array(Array, Array)
#27 /home/vagrant/Projects/corso/bootstrap/cache/compiled.php(12579): Illuminate\Pipeline\Pipeline->Illuminate\Pipeline\{closure}(Object(Illuminate\Http\Request))
#28 [internal function]: Illuminate\View\Middleware\ShareErrorsFromSession->handle(Object(Illuminate\Http\Request), Object(Closure))
#29 /home/vagrant/Projects/corso/bootstrap/cache/compiled.php(9279): call_user_func_array(Array, Array)
#30 /home/vagrant/Projects/corso/bootstrap/cache/compiled.php(11210): Illuminate\Pipeline\Pipeline->Illuminate\Pipeline\{closure}(Object(Illuminate\Http\Request))
#31 [internal function]: Illuminate\Session\Middleware\StartSession->handle(Object(Illuminate\Http\Request), Object(Closure))
#32 /home/vagrant/Projects/corso/bootstrap/cache/compiled.php(9279): call_user_func_array(Array, Array)
#33 /home/vagrant/Projects/corso/bootstrap/cache/compiled.php(12316): Illuminate\Pipeline\Pipeline->Illuminate\Pipeline\{closure}(Object(Illuminate\Http\Request))
#34 [internal function]: Illuminate\Cookie\Middleware\AddQueuedCookiesToResponse->handle(Object(Illuminate\Http\Request), Object(Closure))
#35 /home/vagrant/Projects/corso/bootstrap/cache/compiled.php(9279): call_user_func_array(Array, Array)
#36 /home/vagrant/Projects/corso/bootstrap/cache/compiled.php(12255): Illuminate\Pipeline\Pipeline->Illuminate\Pipeline\{closure}(Object(Illuminate\Http\Request))
#37 [internal function]: Illuminate\Cookie\Middleware\EncryptCookies->handle(Object(Illuminate\Http\Request), Object(Closure))
#38 /home/vagrant/Projects/corso/bootstrap/cache/compiled.php(9279): call_user_func_array(Array, Array)
#39 /home/vagrant/Projects/corso/bootstrap/cache/compiled.php(2776): Illuminate\Pipeline\Pipeline->Illuminate\Pipeline\{closure}(Object(Illuminate\Http\Request))
#40 [internal function]: Illuminate\Foundation\Http\Middleware\CheckForMaintenanceMode->handle(Object(Illuminate\Http\Request), Object(Closure))
#41 /home/vagrant/Projects/corso/bootstrap/cache/compiled.php(9279): call_user_func_array(Array, Array)
#42 [internal function]: Illuminate\Pipeline\Pipeline->Illuminate\Pipeline\{closure}(Object(Illuminate\Http\Request))
#43 /home/vagrant/Projects/corso/bootstrap/cache/compiled.php(9269): call_user_func(Object(Closure), Object(Illuminate\Http\Request))
#44 /home/vagrant/Projects/corso/bootstrap/cache/compiled.php(2053): Illuminate\Pipeline\Pipeline->then(Object(Closure))
#45 /home/vagrant/Projects/corso/bootstrap/cache/compiled.php(2036): Illuminate\Foundation\Http\Kernel->sendRequestThroughRouter(Object(Illuminate\Http\Request))
#46 /home/vagrant/Projects/corso/public/index.php(53): Illuminate\Foundation\Http\Kernel->handle(Object(Illuminate\Http\Request))
#47 {main}  
[2015-09-09 05:58:21] local.ERROR: exception 'Symfony\Component\Debug\Exception\FatalErrorException' with message 'Class 'Corso\Http\Controllers\Record' not found' in /home/vagrant/Projects/corso/app/Http/Controllers/ClaroController.php:108
Stack trace:
#0 /home/vagrant/Projects/corso/bootstrap/cache/compiled.php(1891): Symfony\Component\Debug\Exception\FatalErrorException->__construct()
#1 /home/vagrant/Projects/corso/bootstrap/cache/compiled.php(1886): Illuminate\Foundation\Bootstrap\HandleExceptions->fatalExceptionFromError()
#2 /home/vagrant/Projects/corso/bootstrap/cache/compiled.php(0): Illuminate\Foundation\Bootstrap\HandleExceptions->handleShutdown()
#3 /home/vagrant/Projects/corso/bootstrap/cache/compiled.php(8581): Corso\Http\Controllers\ClaroController->dataProduct()
#4 /home/vagrant/Projects/corso/bootstrap/cache/compiled.php(8581): call_user_func_array:{/home/vagrant/Projects/corso/bootstrap/cache/compiled.php:8581}()
#5 /home/vagrant/Projects/corso/bootstrap/cache/compiled.php(8650): Illuminate\Routing\Controller->callAction()
#6 /home/vagrant/Projects/corso/bootstrap/cache/compiled.php(8630): Illuminate\Routing\ControllerDispatcher->call()
#7 /home/vagrant/Projects/corso/bootstrap/cache/compiled.php(9287): Illuminate\Routing\ControllerDispatcher->Illuminate\Routing\{closure}()
#8 /home/vagrant/Projects/corso/bootstrap/cache/compiled.php(9287): call_user_func:{/home/vagrant/Projects/corso/bootstrap/cache/compiled.php:9287}()
#9 /home/vagrant/Projects/corso/bootstrap/cache/compiled.php(9269): Illuminate\Pipeline\Pipeline->Illuminate\Pipeline\{closure}()
#10 /home/vagrant/Projects/corso/bootstrap/cache/compiled.php(9269): call_user_func:{/home/vagrant/Projects/corso/bootstrap/cache/compiled.php:9269}()
#11 /home/vagrant/Projects/corso/bootstrap/cache/compiled.php(8631): Illuminate\Pipeline\Pipeline->then()
#12 /home/vagrant/Projects/corso/bootstrap/cache/compiled.php(8616): Illuminate\Routing\ControllerDispatcher->callWithinStack()
#13 /home/vagrant/Projects/corso/bootstrap/cache/compiled.php(7591): Illuminate\Routing\ControllerDispatcher->dispatch()
#14 /home/vagrant/Projects/corso/bootstrap/cache/compiled.php(7562): Illuminate\Routing\Route->runWithCustomDispatcher()
#15 /home/vagrant/Projects/corso/bootstrap/cache/compiled.php(7215): Illuminate\Routing\Route->run()
#16 /home/vagrant/Projects/corso/bootstrap/cache/compiled.php(9287): Illuminate\Routing\Router->Illuminate\Routing\{closure}()
#17 /home/vagrant/Projects/corso/bootstrap/cache/compiled.php(9287): call_user_func:{/home/vagrant/Projects/corso/bootstrap/cache/compiled.php:9287}()
#18 /home/vagrant/Projects/corso/bootstrap/cache/compiled.php(9269): Illuminate\Pipeline\Pipeline->Illuminate\Pipeline\{closure}()
#19 /home/vagrant/Projects/corso/bootstrap/cache/compiled.php(9269): call_user_func:{/home/vagrant/Projects/corso/bootstrap/cache/compiled.php:9269}()
#20 /home/vagrant/Projects/corso/bootstrap/cache/compiled.php(7216): Illuminate\Pipeline\Pipeline->then()
#21 /home/vagrant/Projects/corso/bootstrap/cache/compiled.php(7204): Illuminate\Routing\Router->runRouteWithinStack()
#22 /home/vagrant/Projects/corso/bootstrap/cache/compiled.php(7189): Illuminate\Routing\Router->dispatchToRoute()
#23 /home/vagrant/Projects/corso/bootstrap/cache/compiled.php(2106): Illuminate\Routing\Router->dispatch()
#24 /home/vagrant/Projects/corso/bootstrap/cache/compiled.php(9287): Illuminate\Foundation\Http\Kernel->Illuminate\Foundation\Http\{closure}()
#25 /home/vagrant/Projects/corso/bootstrap/cache/compiled.php(9287): call_user_func:{/home/vagrant/Projects/corso/bootstrap/cache/compiled.php:9287}()
#26 /home/vagrant/Projects/corso/bootstrap/cache/compiled.php(2726): Illuminate\Pipeline\Pipeline->Illuminate\Pipeline\{closure}()
#27 /home/vagrant/Projects/corso/app/Http/Middleware/VerifyCsrfToken.php(33): Illuminate\Foundation\Http\Middleware\VerifyCsrfToken->handle()
#28 /home/vagrant/Projects/corso/bootstrap/cache/compiled.php(9279): Corso\Http\Middleware\VerifyCsrfToken->handle()
#29 /home/vagrant/Projects/corso/bootstrap/cache/compiled.php(9279): call_user_func_array:{/home/vagrant/Projects/corso/bootstrap/cache/compiled.php:9279}()
#30 /home/vagrant/Projects/corso/bootstrap/cache/compiled.php(12579): Illuminate\Pipeline\Pipeline->Illuminate\Pipeline\{closure}()
#31 /home/vagrant/Projects/corso/bootstrap/cache/compiled.php(9279): Illuminate\View\Middleware\ShareErrorsFromSession->handle()
#32 /home/vagrant/Projects/corso/bootstrap/cache/compiled.php(9279): call_user_func_array:{/home/vagrant/Projects/corso/bootstrap/cache/compiled.php:9279}()
#33 /home/vagrant/Projects/corso/bootstrap/cache/compiled.php(11210): Illuminate\Pipeline\Pipeline->Illuminate\Pipeline\{closure}()
#34 /home/vagrant/Projects/corso/bootstrap/cache/compiled.php(9279): Illuminate\Session\Middleware\StartSession->handle()
#35 /home/vagrant/Projects/corso/bootstrap/cache/compiled.php(9279): call_user_func_array:{/home/vagrant/Projects/corso/bootstrap/cache/compiled.php:9279}()
#36 /home/vagrant/Projects/corso/bootstrap/cache/compiled.php(12316): Illuminate\Pipeline\Pipeline->Illuminate\Pipeline\{closure}()
#37 /home/vagrant/Projects/corso/bootstrap/cache/compiled.php(9279): Illuminate\Cookie\Middleware\AddQueuedCookiesToResponse->handle()
#38 /home/vagrant/Projects/corso/bootstrap/cache/compiled.php(9279): call_user_func_array:{/home/vagrant/Projects/corso/bootstrap/cache/compiled.php:9279}()
#39 /home/vagrant/Projects/corso/bootstrap/cache/compiled.php(12255): Illuminate\Pipeline\Pipeline->Illuminate\Pipeline\{closure}()
#40 /home/vagrant/Projects/corso/bootstrap/cache/compiled.php(9279): Illuminate\Cookie\Middleware\EncryptCookies->handle()
#41 /home/vagrant/Projects/corso/bootstrap/cache/compiled.php(9279): call_user_func_array:{/home/vagrant/Projects/corso/bootstrap/cache/compiled.php:9279}()
#42 /home/vagrant/Projects/corso/bootstrap/cache/compiled.php(2776): Illuminate\Pipeline\Pipeline->Illuminate\Pipeline\{closure}()
#43 /home/vagrant/Projects/corso/bootstrap/cache/compiled.php(9279): Illuminate\Foundation\Http\Middleware\CheckForMaintenanceMode->handle()
#44 /home/vagrant/Projects/corso/bootstrap/cache/compiled.php(9279): call_user_func_array:{/home/vagrant/Projects/corso/bootstrap/cache/compiled.php:9279}()
#45 /home/vagrant/Projects/corso/bootstrap/cache/compiled.php(9269): Illuminate\Pipeline\Pipeline->Illuminate\Pipeline\{closure}()
#46 /home/vagrant/Projects/corso/bootstrap/cache/compiled.php(9269): call_user_func:{/home/vagrant/Projects/corso/bootstrap/cache/compiled.php:9269}()
#47 /home/vagrant/Projects/corso/bootstrap/cache/compiled.php(2053): Illuminate\Pipeline\Pipeline->then()
#48 /home/vagrant/Projects/corso/bootstrap/cache/compiled.php(2036): Illuminate\Foundation\Http\Kernel->sendRequestThroughRouter()
#49 /home/vagrant/Projects/corso/public/index.php(53): Illuminate\Foundation\Http\Kernel->handle()
#50 /home/vagrant/Projects/corso/public/index.php(0): {main}()
#51 {main}  
[2015-09-09 06:01:39] local.ERROR: exception 'Symfony\Component\Debug\Exception\FatalErrorException' with message 'Cannot use App\Entities\City as City because the name is already in use' in /home/vagrant/Projects/corso/app/Http/Controllers/ClaroController.php:20
Stack trace:
#0 /home/vagrant/Projects/corso/bootstrap/cache/compiled.php(1891): Symfony\Component\Debug\Exception\FatalErrorException->__construct()
#1 /home/vagrant/Projects/corso/bootstrap/cache/compiled.php(1886): Illuminate\Foundation\Bootstrap\HandleExceptions->fatalExceptionFromError()
#2 /home/vagrant/Projects/corso/bootstrap/cache/compiled.php(0): Illuminate\Foundation\Bootstrap\HandleExceptions->handleShutdown()
#3 /home/vagrant/Projects/corso/vendor/composer/ClassLoader.php(301): Composer\Autoload\includeFile()
#4 /home/vagrant/Projects/corso/bootstrap/cache/compiled.php(1088): Composer\Autoload\ClassLoader->loadClass()
#5 /home/vagrant/Projects/corso/bootstrap/cache/compiled.php(1088): spl_autoload_call()
#6 /home/vagrant/Projects/corso/bootstrap/cache/compiled.php(1088): ReflectionClass->__construct()
#7 /home/vagrant/Projects/corso/bootstrap/cache/compiled.php(1039): Illuminate\Container\Container->build()
#8 /home/vagrant/Projects/corso/bootstrap/cache/compiled.php(1577): Illuminate\Container\Container->make()
#9 /home/vagrant/Projects/corso/bootstrap/cache/compiled.php(8623): Illuminate\Foundation\Application->make()
#10 /home/vagrant/Projects/corso/bootstrap/cache/compiled.php(8612): Illuminate\Routing\ControllerDispatcher->makeController()
#11 /home/vagrant/Projects/corso/bootstrap/cache/compiled.php(7591): Illuminate\Routing\ControllerDispatcher->dispatch()
#12 /home/vagrant/Projects/corso/bootstrap/cache/compiled.php(7562): Illuminate\Routing\Route->runWithCustomDispatcher()
#13 /home/vagrant/Projects/corso/bootstrap/cache/compiled.php(7215): Illuminate\Routing\Route->run()
#14 /home/vagrant/Projects/corso/bootstrap/cache/compiled.php(9287): Illuminate\Routing\Router->Illuminate\Routing\{closure}()
#15 /home/vagrant/Projects/corso/bootstrap/cache/compiled.php(9287): call_user_func:{/home/vagrant/Projects/corso/bootstrap/cache/compiled.php:9287}()
#16 /home/vagrant/Projects/corso/bootstrap/cache/compiled.php(9269): Illuminate\Pipeline\Pipeline->Illuminate\Pipeline\{closure}()
#17 /home/vagrant/Projects/corso/bootstrap/cache/compiled.php(9269): call_user_func:{/home/vagrant/Projects/corso/bootstrap/cache/compiled.php:9269}()
#18 /home/vagrant/Projects/corso/bootstrap/cache/compiled.php(7216): Illuminate\Pipeline\Pipeline->then()
#19 /home/vagrant/Projects/corso/bootstrap/cache/compiled.php(7204): Illuminate\Routing\Router->runRouteWithinStack()
#20 /home/vagrant/Projects/corso/bootstrap/cache/compiled.php(7189): Illuminate\Routing\Router->dispatchToRoute()
#21 /home/vagrant/Projects/corso/bootstrap/cache/compiled.php(2106): Illuminate\Routing\Router->dispatch()
#22 /home/vagrant/Projects/corso/bootstrap/cache/compiled.php(9287): Illuminate\Foundation\Http\Kernel->Illuminate\Foundation\Http\{closure}()
#23 /home/vagrant/Projects/corso/bootstrap/cache/compiled.php(9287): call_user_func:{/home/vagrant/Projects/corso/bootstrap/cache/compiled.php:9287}()
#24 /home/vagrant/Projects/corso/bootstrap/cache/compiled.php(2726): Illuminate\Pipeline\Pipeline->Illuminate\Pipeline\{closure}()
#25 /home/vagrant/Projects/corso/app/Http/Middleware/VerifyCsrfToken.php(33): Illuminate\Foundation\Http\Middleware\VerifyCsrfToken->handle()
#26 /home/vagrant/Projects/corso/bootstrap/cache/compiled.php(9279): Corso\Http\Middleware\VerifyCsrfToken->handle()
#27 /home/vagrant/Projects/corso/bootstrap/cache/compiled.php(9279): call_user_func_array:{/home/vagrant/Projects/corso/bootstrap/cache/compiled.php:9279}()
#28 /home/vagrant/Projects/corso/bootstrap/cache/compiled.php(12579): Illuminate\Pipeline\Pipeline->Illuminate\Pipeline\{closure}()
#29 /home/vagrant/Projects/corso/bootstrap/cache/compiled.php(9279): Illuminate\View\Middleware\ShareErrorsFromSession->handle()
#30 /home/vagrant/Projects/corso/bootstrap/cache/compiled.php(9279): call_user_func_array:{/home/vagrant/Projects/corso/bootstrap/cache/compiled.php:9279}()
#31 /home/vagrant/Projects/corso/bootstrap/cache/compiled.php(11210): Illuminate\Pipeline\Pipeline->Illuminate\Pipeline\{closure}()
#32 /home/vagrant/Projects/corso/bootstrap/cache/compiled.php(9279): Illuminate\Session\Middleware\StartSession->handle()
#33 /home/vagrant/Projects/corso/bootstrap/cache/compiled.php(9279): call_user_func_array:{/home/vagrant/Projects/corso/bootstrap/cache/compiled.php:9279}()
#34 /home/vagrant/Projects/corso/bootstrap/cache/compiled.php(12316): Illuminate\Pipeline\Pipeline->Illuminate\Pipeline\{closure}()
#35 /home/vagrant/Projects/corso/bootstrap/cache/compiled.php(9279): Illuminate\Cookie\Middleware\AddQueuedCookiesToResponse->handle()
#36 /home/vagrant/Projects/corso/bootstrap/cache/compiled.php(9279): call_user_func_array:{/home/vagrant/Projects/corso/bootstrap/cache/compiled.php:9279}()
#37 /home/vagrant/Projects/corso/bootstrap/cache/compiled.php(12255): Illuminate\Pipeline\Pipeline->Illuminate\Pipeline\{closure}()
#38 /home/vagrant/Projects/corso/bootstrap/cache/compiled.php(9279): Illuminate\Cookie\Middleware\EncryptCookies->handle()
#39 /home/vagrant/Projects/corso/bootstrap/cache/compiled.php(9279): call_user_func_array:{/home/vagrant/Projects/corso/bootstrap/cache/compiled.php:9279}()
#40 /home/vagrant/Projects/corso/bootstrap/cache/compiled.php(2776): Illuminate\Pipeline\Pipeline->Illuminate\Pipeline\{closure}()
#41 /home/vagrant/Projects/corso/bootstrap/cache/compiled.php(9279): Illuminate\Foundation\Http\Middleware\CheckForMaintenanceMode->handle()
#42 /home/vagrant/Projects/corso/bootstrap/cache/compiled.php(9279): call_user_func_array:{/home/vagrant/Projects/corso/bootstrap/cache/compiled.php:9279}()
#43 /home/vagrant/Projects/corso/bootstrap/cache/compiled.php(9269): Illuminate\Pipeline\Pipeline->Illuminate\Pipeline\{closure}()
#44 /home/vagrant/Projects/corso/bootstrap/cache/compiled.php(9269): call_user_func:{/home/vagrant/Projects/corso/bootstrap/cache/compiled.php:9269}()
#45 /home/vagrant/Projects/corso/bootstrap/cache/compiled.php(2053): Illuminate\Pipeline\Pipeline->then()
#46 /home/vagrant/Projects/corso/bootstrap/cache/compiled.php(2036): Illuminate\Foundation\Http\Kernel->sendRequestThroughRouter()
#47 /home/vagrant/Projects/corso/public/index.php(53): Illuminate\Foundation\Http\Kernel->handle()
#48 /home/vagrant/Projects/corso/public/index.php(0): {main}()
#49 {main}  
[2015-09-09 06:02:38] local.ERROR: exception 'Symfony\Component\Debug\Exception\FatalErrorException' with message 'Class 'App\Entities\Record' not found' in /home/vagrant/Projects/corso/app/Http/Controllers/ClaroController.php:114
Stack trace:
#0 /home/vagrant/Projects/corso/bootstrap/cache/compiled.php(1891): Symfony\Component\Debug\Exception\FatalErrorException->__construct()
#1 /home/vagrant/Projects/corso/bootstrap/cache/compiled.php(1886): Illuminate\Foundation\Bootstrap\HandleExceptions->fatalExceptionFromError()
#2 /home/vagrant/Projects/corso/bootstrap/cache/compiled.php(0): Illuminate\Foundation\Bootstrap\HandleExceptions->handleShutdown()
#3 /home/vagrant/Projects/corso/bootstrap/cache/compiled.php(8581): Corso\Http\Controllers\ClaroController->dataProduct()
#4 /home/vagrant/Projects/corso/bootstrap/cache/compiled.php(8581): call_user_func_array:{/home/vagrant/Projects/corso/bootstrap/cache/compiled.php:8581}()
#5 /home/vagrant/Projects/corso/bootstrap/cache/compiled.php(8650): Illuminate\Routing\Controller->callAction()
#6 /home/vagrant/Projects/corso/bootstrap/cache/compiled.php(8630): Illuminate\Routing\ControllerDispatcher->call()
#7 /home/vagrant/Projects/corso/bootstrap/cache/compiled.php(9287): Illuminate\Routing\ControllerDispatcher->Illuminate\Routing\{closure}()
#8 /home/vagrant/Projects/corso/bootstrap/cache/compiled.php(9287): call_user_func:{/home/vagrant/Projects/corso/bootstrap/cache/compiled.php:9287}()
#9 /home/vagrant/Projects/corso/bootstrap/cache/compiled.php(9269): Illuminate\Pipeline\Pipeline->Illuminate\Pipeline\{closure}()
#10 /home/vagrant/Projects/corso/bootstrap/cache/compiled.php(9269): call_user_func:{/home/vagrant/Projects/corso/bootstrap/cache/compiled.php:9269}()
#11 /home/vagrant/Projects/corso/bootstrap/cache/compiled.php(8631): Illuminate\Pipeline\Pipeline->then()
#12 /home/vagrant/Projects/corso/bootstrap/cache/compiled.php(8616): Illuminate\Routing\ControllerDispatcher->callWithinStack()
#13 /home/vagrant/Projects/corso/bootstrap/cache/compiled.php(7591): Illuminate\Routing\ControllerDispatcher->dispatch()
#14 /home/vagrant/Projects/corso/bootstrap/cache/compiled.php(7562): Illuminate\Routing\Route->runWithCustomDispatcher()
#15 /home/vagrant/Projects/corso/bootstrap/cache/compiled.php(7215): Illuminate\Routing\Route->run()
#16 /home/vagrant/Projects/corso/bootstrap/cache/compiled.php(9287): Illuminate\Routing\Router->Illuminate\Routing\{closure}()
#17 /home/vagrant/Projects/corso/bootstrap/cache/compiled.php(9287): call_user_func:{/home/vagrant/Projects/corso/bootstrap/cache/compiled.php:9287}()
#18 /home/vagrant/Projects/corso/bootstrap/cache/compiled.php(9269): Illuminate\Pipeline\Pipeline->Illuminate\Pipeline\{closure}()
#19 /home/vagrant/Projects/corso/bootstrap/cache/compiled.php(9269): call_user_func:{/home/vagrant/Projects/corso/bootstrap/cache/compiled.php:9269}()
#20 /home/vagrant/Projects/corso/bootstrap/cache/compiled.php(7216): Illuminate\Pipeline\Pipeline->then()
#21 /home/vagrant/Projects/corso/bootstrap/cache/compiled.php(7204): Illuminate\Routing\Router->runRouteWithinStack()
#22 /home/vagrant/Projects/corso/bootstrap/cache/compiled.php(7189): Illuminate\Routing\Router->dispatchToRoute()
#23 /home/vagrant/Projects/corso/bootstrap/cache/compiled.php(2106): Illuminate\Routing\Router->dispatch()
#24 /home/vagrant/Projects/corso/bootstrap/cache/compiled.php(9287): Illuminate\Foundation\Http\Kernel->Illuminate\Foundation\Http\{closure}()
#25 /home/vagrant/Projects/corso/bootstrap/cache/compiled.php(9287): call_user_func:{/home/vagrant/Projects/corso/bootstrap/cache/compiled.php:9287}()
#26 /home/vagrant/Projects/corso/bootstrap/cache/compiled.php(2726): Illuminate\Pipeline\Pipeline->Illuminate\Pipeline\{closure}()
#27 /home/vagrant/Projects/corso/app/Http/Middleware/VerifyCsrfToken.php(33): Illuminate\Foundation\Http\Middleware\VerifyCsrfToken->handle()
#28 /home/vagrant/Projects/corso/bootstrap/cache/compiled.php(9279): Corso\Http\Middleware\VerifyCsrfToken->handle()
#29 /home/vagrant/Projects/corso/bootstrap/cache/compiled.php(9279): call_user_func_array:{/home/vagrant/Projects/corso/bootstrap/cache/compiled.php:9279}()
#30 /home/vagrant/Projects/corso/bootstrap/cache/compiled.php(12579): Illuminate\Pipeline\Pipeline->Illuminate\Pipeline\{closure}()
#31 /home/vagrant/Projects/corso/bootstrap/cache/compiled.php(9279): Illuminate\View\Middleware\ShareErrorsFromSession->handle()
#32 /home/vagrant/Projects/corso/bootstrap/cache/compiled.php(9279): call_user_func_array:{/home/vagrant/Projects/corso/bootstrap/cache/compiled.php:9279}()
#33 /home/vagrant/Projects/corso/bootstrap/cache/compiled.php(11210): Illuminate\Pipeline\Pipeline->Illuminate\Pipeline\{closure}()
#34 /home/vagrant/Projects/corso/bootstrap/cache/compiled.php(9279): Illuminate\Session\Middleware\StartSession->handle()
#35 /home/vagrant/Projects/corso/bootstrap/cache/compiled.php(9279): call_user_func_array:{/home/vagrant/Projects/corso/bootstrap/cache/compiled.php:9279}()
#36 /home/vagrant/Projects/corso/bootstrap/cache/compiled.php(12316): Illuminate\Pipeline\Pipeline->Illuminate\Pipeline\{closure}()
#37 /home/vagrant/Projects/corso/bootstrap/cache/compiled.php(9279): Illuminate\Cookie\Middleware\AddQueuedCookiesToResponse->handle()
#38 /home/vagrant/Projects/corso/bootstrap/cache/compiled.php(9279): call_user_func_array:{/home/vagrant/Projects/corso/bootstrap/cache/compiled.php:9279}()
#39 /home/vagrant/Projects/corso/bootstrap/cache/compiled.php(12255): Illuminate\Pipeline\Pipeline->Illuminate\Pipeline\{closure}()
#40 /home/vagrant/Projects/corso/bootstrap/cache/compiled.php(9279): Illuminate\Cookie\Middleware\EncryptCookies->handle()
#41 /home/vagrant/Projects/corso/bootstrap/cache/compiled.php(9279): call_user_func_array:{/home/vagrant/Projects/corso/bootstrap/cache/compiled.php:9279}()
#42 /home/vagrant/Projects/corso/bootstrap/cache/compiled.php(2776): Illuminate\Pipeline\Pipeline->Illuminate\Pipeline\{closure}()
#43 /home/vagrant/Projects/corso/bootstrap/cache/compiled.php(9279): Illuminate\Foundation\Http\Middleware\CheckForMaintenanceMode->handle()
#44 /home/vagrant/Projects/corso/bootstrap/cache/compiled.php(9279): call_user_func_array:{/home/vagrant/Projects/corso/bootstrap/cache/compiled.php:9279}()
#45 /home/vagrant/Projects/corso/bootstrap/cache/compiled.php(9269): Illuminate\Pipeline\Pipeline->Illuminate\Pipeline\{closure}()
#46 /home/vagrant/Projects/corso/bootstrap/cache/compiled.php(9269): call_user_func:{/home/vagrant/Projects/corso/bootstrap/cache/compiled.php:9269}()
#47 /home/vagrant/Projects/corso/bootstrap/cache/compiled.php(2053): Illuminate\Pipeline\Pipeline->then()
#48 /home/vagrant/Projects/corso/bootstrap/cache/compiled.php(2036): Illuminate\Foundation\Http\Kernel->sendRequestThroughRouter()
#49 /home/vagrant/Projects/corso/public/index.php(53): Illuminate\Foundation\Http\Kernel->handle()
#50 /home/vagrant/Projects/corso/public/index.php(0): {main}()
#51 {main}  
[2015-09-09 06:03:40] local.ERROR: exception 'PDOException' with message 'SQLSTATE[42S22]: Column not found: 1054 Unknown column 'historials_id' in 'where clause'' in /home/vagrant/Projects/corso/vendor/laravel/framework/src/Illuminate/Database/Connection.php:310
Stack trace:
#0 /home/vagrant/Projects/corso/vendor/laravel/framework/src/Illuminate/Database/Connection.php(310): PDO->prepare('select * from `...')
#1 /home/vagrant/Projects/corso/vendor/laravel/framework/src/Illuminate/Database/Connection.php(629): Illuminate\Database\Connection->Illuminate\Database\{closure}(Object(Illuminate\Database\MySqlConnection), 'select * from `...', Array)
#2 /home/vagrant/Projects/corso/vendor/laravel/framework/src/Illuminate/Database/Connection.php(596): Illuminate\Database\Connection->runQueryCallback('select * from `...', Array, Object(Closure))
#3 /home/vagrant/Projects/corso/vendor/laravel/framework/src/Illuminate/Database/Connection.php(315): Illuminate\Database\Connection->run('select * from `...', Array, Object(Closure))
#4 /home/vagrant/Projects/corso/vendor/laravel/framework/src/Illuminate/Database/Query/Builder.php(1389): Illuminate\Database\Connection->select('select * from `...', Array, true)
#5 /home/vagrant/Projects/corso/vendor/laravel/framework/src/Illuminate/Database/Query/Builder.php(1379): Illuminate\Database\Query\Builder->runSelect()
#6 /home/vagrant/Projects/corso/vendor/laravel/framework/src/Illuminate/Database/Query/Builder.php(1364): Illuminate\Database\Query\Builder->getFresh(Array)
#7 /home/vagrant/Projects/corso/vendor/laravel/framework/src/Illuminate/Database/Eloquent/Builder.php(409): Illuminate\Database\Query\Builder->get(Array)
#8 /home/vagrant/Projects/corso/vendor/laravel/framework/src/Illuminate/Database/Eloquent/Builder.php(168): Illuminate\Database\Eloquent\Builder->getModels(Array)
#9 /home/vagrant/Projects/corso/app/Http/Controllers/ClaroController.php(122): Illuminate\Database\Eloquent\Builder->get()
#10 [internal function]: Corso\Http\Controllers\ClaroController->dataProduct()
#11 /home/vagrant/Projects/corso/bootstrap/cache/compiled.php(8581): call_user_func_array(Array, Array)
#12 /home/vagrant/Projects/corso/bootstrap/cache/compiled.php(8650): Illuminate\Routing\Controller->callAction('dataProduct', Array)
#13 /home/vagrant/Projects/corso/bootstrap/cache/compiled.php(8630): Illuminate\Routing\ControllerDispatcher->call(Object(Corso\Http\Controllers\ClaroController), Object(Illuminate\Routing\Route), 'dataProduct')
#14 [internal function]: Illuminate\Routing\ControllerDispatcher->Illuminate\Routing\{closure}(Object(Illuminate\Http\Request))
#15 /home/vagrant/Projects/corso/bootstrap/cache/compiled.php(9287): call_user_func(Object(Closure), Object(Illuminate\Http\Request))
#16 [internal function]: Illuminate\Pipeline\Pipeline->Illuminate\Pipeline\{closure}(Object(Illuminate\Http\Request))
#17 /home/vagrant/Projects/corso/bootstrap/cache/compiled.php(9269): call_user_func(Object(Closure), Object(Illuminate\Http\Request))
#18 /home/vagrant/Projects/corso/bootstrap/cache/compiled.php(8631): Illuminate\Pipeline\Pipeline->then(Object(Closure))
#19 /home/vagrant/Projects/corso/bootstrap/cache/compiled.php(8616): Illuminate\Routing\ControllerDispatcher->callWithinStack(Object(Corso\Http\Controllers\ClaroController), Object(Illuminate\Routing\Route), Object(Illuminate\Http\Request), 'dataProduct')
#20 /home/vagrant/Projects/corso/bootstrap/cache/compiled.php(7591): Illuminate\Routing\ControllerDispatcher->dispatch(Object(Illuminate\Routing\Route), Object(Illuminate\Http\Request), 'Corso\\Http\\Cont...', 'dataProduct')
#21 /home/vagrant/Projects/corso/bootstrap/cache/compiled.php(7562): Illuminate\Routing\Route->runWithCustomDispatcher(Object(Illuminate\Http\Request))
#22 /home/vagrant/Projects/corso/bootstrap/cache/compiled.php(7215): Illuminate\Routing\Route->run(Object(Illuminate\Http\Request))
#23 [internal function]: Illuminate\Routing\Router->Illuminate\Routing\{closure}(Object(Illuminate\Http\Request))
#24 /home/vagrant/Projects/corso/bootstrap/cache/compiled.php(9287): call_user_func(Object(Closure), Object(Illuminate\Http\Request))
#25 [internal function]: Illuminate\Pipeline\Pipeline->Illuminate\Pipeline\{closure}(Object(Illuminate\Http\Request))
#26 /home/vagrant/Projects/corso/bootstrap/cache/compiled.php(9269): call_user_func(Object(Closure), Object(Illuminate\Http\Request))
#27 /home/vagrant/Projects/corso/bootstrap/cache/compiled.php(7216): Illuminate\Pipeline\Pipeline->then(Object(Closure))
#28 /home/vagrant/Projects/corso/bootstrap/cache/compiled.php(7204): Illuminate\Routing\Router->runRouteWithinStack(Object(Illuminate\Routing\Route), Object(Illuminate\Http\Request))
#29 /home/vagrant/Projects/corso/bootstrap/cache/compiled.php(7189): Illuminate\Routing\Router->dispatchToRoute(Object(Illuminate\Http\Request))
#30 /home/vagrant/Projects/corso/bootstrap/cache/compiled.php(2106): Illuminate\Routing\Router->dispatch(Object(Illuminate\Http\Request))
#31 [internal function]: Illuminate\Foundation\Http\Kernel->Illuminate\Foundation\Http\{closure}(Object(Illuminate\Http\Request))
#32 /home/vagrant/Projects/corso/bootstrap/cache/compiled.php(9287): call_user_func(Object(Closure), Object(Illuminate\Http\Request))
#33 /home/vagrant/Projects/corso/bootstrap/cache/compiled.php(2726): Illuminate\Pipeline\Pipeline->Illuminate\Pipeline\{closure}(Object(Illuminate\Http\Request))
#34 /home/vagrant/Projects/corso/app/Http/Middleware/VerifyCsrfToken.php(33): Illuminate\Foundation\Http\Middleware\VerifyCsrfToken->handle(Object(Illuminate\Http\Request), Object(Closure))
#35 [internal function]: Corso\Http\Middleware\VerifyCsrfToken->handle(Object(Illuminate\Http\Request), Object(Closure))
#36 /home/vagrant/Projects/corso/bootstrap/cache/compiled.php(9279): call_user_func_array(Array, Array)
#37 /home/vagrant/Projects/corso/bootstrap/cache/compiled.php(12579): Illuminate\Pipeline\Pipeline->Illuminate\Pipeline\{closure}(Object(Illuminate\Http\Request))
#38 [internal function]: Illuminate\View\Middleware\ShareErrorsFromSession->handle(Object(Illuminate\Http\Request), Object(Closure))
#39 /home/vagrant/Projects/corso/bootstrap/cache/compiled.php(9279): call_user_func_array(Array, Array)
#40 /home/vagrant/Projects/corso/bootstrap/cache/compiled.php(11210): Illuminate\Pipeline\Pipeline->Illuminate\Pipeline\{closure}(Object(Illuminate\Http\Request))
#41 [internal function]: Illuminate\Session\Middleware\StartSession->handle(Object(Illuminate\Http\Request), Object(Closure))
#42 /home/vagrant/Projects/corso/bootstrap/cache/compiled.php(9279): call_user_func_array(Array, Array)
#43 /home/vagrant/Projects/corso/bootstrap/cache/compiled.php(12316): Illuminate\Pipeline\Pipeline->Illuminate\Pipeline\{closure}(Object(Illuminate\Http\Request))
#44 [internal function]: Illuminate\Cookie\Middleware\AddQueuedCookiesToResponse->handle(Object(Illuminate\Http\Request), Object(Closure))
#45 /home/vagrant/Projects/corso/bootstrap/cache/compiled.php(9279): call_user_func_array(Array, Array)
#46 /home/vagrant/Projects/corso/bootstrap/cache/compiled.php(12255): Illuminate\Pipeline\Pipeline->Illuminate\Pipeline\{closure}(Object(Illuminate\Http\Request))
#47 [internal function]: Illuminate\Cookie\Middleware\EncryptCookies->handle(Object(Illuminate\Http\Request), Object(Closure))
#48 /home/vagrant/Projects/corso/bootstrap/cache/compiled.php(9279): call_user_func_array(Array, Array)
#49 /home/vagrant/Projects/corso/bootstrap/cache/compiled.php(2776): Illuminate\Pipeline\Pipeline->Illuminate\Pipeline\{closure}(Object(Illuminate\Http\Request))
#50 [internal function]: Illuminate\Foundation\Http\Middleware\CheckForMaintenanceMode->handle(Object(Illuminate\Http\Request), Object(Closure))
#51 /home/vagrant/Projects/corso/bootstrap/cache/compiled.php(9279): call_user_func_array(Array, Array)
#52 [internal function]: Illuminate\Pipeline\Pipeline->Illuminate\Pipeline\{closure}(Object(Illuminate\Http\Request))
#53 /home/vagrant/Projects/corso/bootstrap/cache/compiled.php(9269): call_user_func(Object(Closure), Object(Illuminate\Http\Request))
#54 /home/vagrant/Projects/corso/bootstrap/cache/compiled.php(2053): Illuminate\Pipeline\Pipeline->then(Object(Closure))
#55 /home/vagrant/Projects/corso/bootstrap/cache/compiled.php(2036): Illuminate\Foundation\Http\Kernel->sendRequestThroughRouter(Object(Illuminate\Http\Request))
#56 /home/vagrant/Projects/corso/public/index.php(53): Illuminate\Foundation\Http\Kernel->handle(Object(Illuminate\Http\Request))
#57 {main}

Next exception 'Illuminate\Database\QueryException' with message 'SQLSTATE[42S22]: Column not found: 1054 Unknown column 'historials_id' in 'where clause' (SQL: select * from `data_companies` where `historials_id` = 1)' in /home/vagrant/Projects/corso/vendor/laravel/framework/src/Illuminate/Database/Connection.php:636
Stack trace:
#0 /home/vagrant/Projects/corso/vendor/laravel/framework/src/Illuminate/Database/Connection.php(596): Illuminate\Database\Connection->runQueryCallback('select * from `...', Array, Object(Closure))
#1 /home/vagrant/Projects/corso/vendor/laravel/framework/src/Illuminate/Database/Connection.php(315): Illuminate\Database\Connection->run('select * from `...', Array, Object(Closure))
#2 /home/vagrant/Projects/corso/vendor/laravel/framework/src/Illuminate/Database/Query/Builder.php(1389): Illuminate\Database\Connection->select('select * from `...', Array, true)
#3 /home/vagrant/Projects/corso/vendor/laravel/framework/src/Illuminate/Database/Query/Builder.php(1379): Illuminate\Database\Query\Builder->runSelect()
#4 /home/vagrant/Projects/corso/vendor/laravel/framework/src/Illuminate/Database/Query/Builder.php(1364): Illuminate\Database\Query\Builder->getFresh(Array)
#5 /home/vagrant/Projects/corso/vendor/laravel/framework/src/Illuminate/Database/Eloquent/Builder.php(409): Illuminate\Database\Query\Builder->get(Array)
#6 /home/vagrant/Projects/corso/vendor/laravel/framework/src/Illuminate/Database/Eloquent/Builder.php(168): Illuminate\Database\Eloquent\Builder->getModels(Array)
#7 /home/vagrant/Projects/corso/app/Http/Controllers/ClaroController.php(122): Illuminate\Database\Eloquent\Builder->get()
#8 [internal function]: Corso\Http\Controllers\ClaroController->dataProduct()
#9 /home/vagrant/Projects/corso/bootstrap/cache/compiled.php(8581): call_user_func_array(Array, Array)
#10 /home/vagrant/Projects/corso/bootstrap/cache/compiled.php(8650): Illuminate\Routing\Controller->callAction('dataProduct', Array)
#11 /home/vagrant/Projects/corso/bootstrap/cache/compiled.php(8630): Illuminate\Routing\ControllerDispatcher->call(Object(Corso\Http\Controllers\ClaroController), Object(Illuminate\Routing\Route), 'dataProduct')
#12 [internal function]: Illuminate\Routing\ControllerDispatcher->Illuminate\Routing\{closure}(Object(Illuminate\Http\Request))
#13 /home/vagrant/Projects/corso/bootstrap/cache/compiled.php(9287): call_user_func(Object(Closure), Object(Illuminate\Http\Request))
#14 [internal function]: Illuminate\Pipeline\Pipeline->Illuminate\Pipeline\{closure}(Object(Illuminate\Http\Request))
#15 /home/vagrant/Projects/corso/bootstrap/cache/compiled.php(9269): call_user_func(Object(Closure), Object(Illuminate\Http\Request))
#16 /home/vagrant/Projects/corso/bootstrap/cache/compiled.php(8631): Illuminate\Pipeline\Pipeline->then(Object(Closure))
#17 /home/vagrant/Projects/corso/bootstrap/cache/compiled.php(8616): Illuminate\Routing\ControllerDispatcher->callWithinStack(Object(Corso\Http\Controllers\ClaroController), Object(Illuminate\Routing\Route), Object(Illuminate\Http\Request), 'dataProduct')
#18 /home/vagrant/Projects/corso/bootstrap/cache/compiled.php(7591): Illuminate\Routing\ControllerDispatcher->dispatch(Object(Illuminate\Routing\Route), Object(Illuminate\Http\Request), 'Corso\\Http\\Cont...', 'dataProduct')
#19 /home/vagrant/Projects/corso/bootstrap/cache/compiled.php(7562): Illuminate\Routing\Route->runWithCustomDispatcher(Object(Illuminate\Http\Request))
#20 /home/vagrant/Projects/corso/bootstrap/cache/compiled.php(7215): Illuminate\Routing\Route->run(Object(Illuminate\Http\Request))
#21 [internal function]: Illuminate\Routing\Router->Illuminate\Routing\{closure}(Object(Illuminate\Http\Request))
#22 /home/vagrant/Projects/corso/bootstrap/cache/compiled.php(9287): call_user_func(Object(Closure), Object(Illuminate\Http\Request))
#23 [internal function]: Illuminate\Pipeline\Pipeline->Illuminate\Pipeline\{closure}(Object(Illuminate\Http\Request))
#24 /home/vagrant/Projects/corso/bootstrap/cache/compiled.php(9269): call_user_func(Object(Closure), Object(Illuminate\Http\Request))
#25 /home/vagrant/Projects/corso/bootstrap/cache/compiled.php(7216): Illuminate\Pipeline\Pipeline->then(Object(Closure))
#26 /home/vagrant/Projects/corso/bootstrap/cache/compiled.php(7204): Illuminate\Routing\Router->runRouteWithinStack(Object(Illuminate\Routing\Route), Object(Illuminate\Http\Request))
#27 /home/vagrant/Projects/corso/bootstrap/cache/compiled.php(7189): Illuminate\Routing\Router->dispatchToRoute(Object(Illuminate\Http\Request))
#28 /home/vagrant/Projects/corso/bootstrap/cache/compiled.php(2106): Illuminate\Routing\Router->dispatch(Object(Illuminate\Http\Request))
#29 [internal function]: Illuminate\Foundation\Http\Kernel->Illuminate\Foundation\Http\{closure}(Object(Illuminate\Http\Request))
#30 /home/vagrant/Projects/corso/bootstrap/cache/compiled.php(9287): call_user_func(Object(Closure), Object(Illuminate\Http\Request))
#31 /home/vagrant/Projects/corso/bootstrap/cache/compiled.php(2726): Illuminate\Pipeline\Pipeline->Illuminate\Pipeline\{closure}(Object(Illuminate\Http\Request))
#32 /home/vagrant/Projects/corso/app/Http/Middleware/VerifyCsrfToken.php(33): Illuminate\Foundation\Http\Middleware\VerifyCsrfToken->handle(Object(Illuminate\Http\Request), Object(Closure))
#33 [internal function]: Corso\Http\Middleware\VerifyCsrfToken->handle(Object(Illuminate\Http\Request), Object(Closure))
#34 /home/vagrant/Projects/corso/bootstrap/cache/compiled.php(9279): call_user_func_array(Array, Array)
#35 /home/vagrant/Projects/corso/bootstrap/cache/compiled.php(12579): Illuminate\Pipeline\Pipeline->Illuminate\Pipeline\{closure}(Object(Illuminate\Http\Request))
#36 [internal function]: Illuminate\View\Middleware\ShareErrorsFromSession->handle(Object(Illuminate\Http\Request), Object(Closure))
#37 /home/vagrant/Projects/corso/bootstrap/cache/compiled.php(9279): call_user_func_array(Array, Array)
#38 /home/vagrant/Projects/corso/bootstrap/cache/compiled.php(11210): Illuminate\Pipeline\Pipeline->Illuminate\Pipeline\{closure}(Object(Illuminate\Http\Request))
#39 [internal function]: Illuminate\Session\Middleware\StartSession->handle(Object(Illuminate\Http\Request), Object(Closure))
#40 /home/vagrant/Projects/corso/bootstrap/cache/compiled.php(9279): call_user_func_array(Array, Array)
#41 /home/vagrant/Projects/corso/bootstrap/cache/compiled.php(12316): Illuminate\Pipeline\Pipeline->Illuminate\Pipeline\{closure}(Object(Illuminate\Http\Request))
#42 [internal function]: Illuminate\Cookie\Middleware\AddQueuedCookiesToResponse->handle(Object(Illuminate\Http\Request), Object(Closure))
#43 /home/vagrant/Projects/corso/bootstrap/cache/compiled.php(9279): call_user_func_array(Array, Array)
#44 /home/vagrant/Projects/corso/bootstrap/cache/compiled.php(12255): Illuminate\Pipeline\Pipeline->Illuminate\Pipeline\{closure}(Object(Illuminate\Http\Request))
#45 [internal function]: Illuminate\Cookie\Middleware\EncryptCookies->handle(Object(Illuminate\Http\Request), Object(Closure))
#46 /home/vagrant/Projects/corso/bootstrap/cache/compiled.php(9279): call_user_func_array(Array, Array)
#47 /home/vagrant/Projects/corso/bootstrap/cache/compiled.php(2776): Illuminate\Pipeline\Pipeline->Illuminate\Pipeline\{closure}(Object(Illuminate\Http\Request))
#48 [internal function]: Illuminate\Foundation\Http\Middleware\CheckForMaintenanceMode->handle(Object(Illuminate\Http\Request), Object(Closure))
#49 /home/vagrant/Projects/corso/bootstrap/cache/compiled.php(9279): call_user_func_array(Array, Array)
#50 [internal function]: Illuminate\Pipeline\Pipeline->Illuminate\Pipeline\{closure}(Object(Illuminate\Http\Request))
#51 /home/vagrant/Projects/corso/bootstrap/cache/compiled.php(9269): call_user_func(Object(Closure), Object(Illuminate\Http\Request))
#52 /home/vagrant/Projects/corso/bootstrap/cache/compiled.php(2053): Illuminate\Pipeline\Pipeline->then(Object(Closure))
#53 /home/vagrant/Projects/corso/bootstrap/cache/compiled.php(2036): Illuminate\Foundation\Http\Kernel->sendRequestThroughRouter(Object(Illuminate\Http\Request))
#54 /home/vagrant/Projects/corso/public/index.php(53): Illuminate\Foundation\Http\Kernel->handle(Object(Illuminate\Http\Request))
#55 {main}  
[2015-09-09 06:05:37] local.ERROR: exception 'Symfony\Component\Debug\Exception\FatalErrorException' with message 'Class 'Corso\Entities\Staff' not found' in /home/vagrant/Projects/corso/app/Http/Controllers/ClaroController.php:128
Stack trace:
#0 /home/vagrant/Projects/corso/bootstrap/cache/compiled.php(1891): Symfony\Component\Debug\Exception\FatalErrorException->__construct()
#1 /home/vagrant/Projects/corso/bootstrap/cache/compiled.php(1886): Illuminate\Foundation\Bootstrap\HandleExceptions->fatalExceptionFromError()
#2 /home/vagrant/Projects/corso/bootstrap/cache/compiled.php(0): Illuminate\Foundation\Bootstrap\HandleExceptions->handleShutdown()
#3 /home/vagrant/Projects/corso/bootstrap/cache/compiled.php(8581): Corso\Http\Controllers\ClaroController->dataProduct()
#4 /home/vagrant/Projects/corso/bootstrap/cache/compiled.php(8581): call_user_func_array:{/home/vagrant/Projects/corso/bootstrap/cache/compiled.php:8581}()
#5 /home/vagrant/Projects/corso/bootstrap/cache/compiled.php(8650): Illuminate\Routing\Controller->callAction()
#6 /home/vagrant/Projects/corso/bootstrap/cache/compiled.php(8630): Illuminate\Routing\ControllerDispatcher->call()
#7 /home/vagrant/Projects/corso/bootstrap/cache/compiled.php(9287): Illuminate\Routing\ControllerDispatcher->Illuminate\Routing\{closure}()
#8 /home/vagrant/Projects/corso/bootstrap/cache/compiled.php(9287): call_user_func:{/home/vagrant/Projects/corso/bootstrap/cache/compiled.php:9287}()
#9 /home/vagrant/Projects/corso/bootstrap/cache/compiled.php(9269): Illuminate\Pipeline\Pipeline->Illuminate\Pipeline\{closure}()
#10 /home/vagrant/Projects/corso/bootstrap/cache/compiled.php(9269): call_user_func:{/home/vagrant/Projects/corso/bootstrap/cache/compiled.php:9269}()
#11 /home/vagrant/Projects/corso/bootstrap/cache/compiled.php(8631): Illuminate\Pipeline\Pipeline->then()
#12 /home/vagrant/Projects/corso/bootstrap/cache/compiled.php(8616): Illuminate\Routing\ControllerDispatcher->callWithinStack()
#13 /home/vagrant/Projects/corso/bootstrap/cache/compiled.php(7591): Illuminate\Routing\ControllerDispatcher->dispatch()
#14 /home/vagrant/Projects/corso/bootstrap/cache/compiled.php(7562): Illuminate\Routing\Route->runWithCustomDispatcher()
#15 /home/vagrant/Projects/corso/bootstrap/cache/compiled.php(7215): Illuminate\Routing\Route->run()
#16 /home/vagrant/Projects/corso/bootstrap/cache/compiled.php(9287): Illuminate\Routing\Router->Illuminate\Routing\{closure}()
#17 /home/vagrant/Projects/corso/bootstrap/cache/compiled.php(9287): call_user_func:{/home/vagrant/Projects/corso/bootstrap/cache/compiled.php:9287}()
#18 /home/vagrant/Projects/corso/bootstrap/cache/compiled.php(9269): Illuminate\Pipeline\Pipeline->Illuminate\Pipeline\{closure}()
#19 /home/vagrant/Projects/corso/bootstrap/cache/compiled.php(9269): call_user_func:{/home/vagrant/Projects/corso/bootstrap/cache/compiled.php:9269}()
#20 /home/vagrant/Projects/corso/bootstrap/cache/compiled.php(7216): Illuminate\Pipeline\Pipeline->then()
#21 /home/vagrant/Projects/corso/bootstrap/cache/compiled.php(7204): Illuminate\Routing\Router->runRouteWithinStack()
#22 /home/vagrant/Projects/corso/bootstrap/cache/compiled.php(7189): Illuminate\Routing\Router->dispatchToRoute()
#23 /home/vagrant/Projects/corso/bootstrap/cache/compiled.php(2106): Illuminate\Routing\Router->dispatch()
#24 /home/vagrant/Projects/corso/bootstrap/cache/compiled.php(9287): Illuminate\Foundation\Http\Kernel->Illuminate\Foundation\Http\{closure}()
#25 /home/vagrant/Projects/corso/bootstrap/cache/compiled.php(9287): call_user_func:{/home/vagrant/Projects/corso/bootstrap/cache/compiled.php:9287}()
#26 /home/vagrant/Projects/corso/bootstrap/cache/compiled.php(2726): Illuminate\Pipeline\Pipeline->Illuminate\Pipeline\{closure}()
#27 /home/vagrant/Projects/corso/app/Http/Middleware/VerifyCsrfToken.php(33): Illuminate\Foundation\Http\Middleware\VerifyCsrfToken->handle()
#28 /home/vagrant/Projects/corso/bootstrap/cache/compiled.php(9279): Corso\Http\Middleware\VerifyCsrfToken->handle()
#29 /home/vagrant/Projects/corso/bootstrap/cache/compiled.php(9279): call_user_func_array:{/home/vagrant/Projects/corso/bootstrap/cache/compiled.php:9279}()
#30 /home/vagrant/Projects/corso/bootstrap/cache/compiled.php(12579): Illuminate\Pipeline\Pipeline->Illuminate\Pipeline\{closure}()
#31 /home/vagrant/Projects/corso/bootstrap/cache/compiled.php(9279): Illuminate\View\Middleware\ShareErrorsFromSession->handle()
#32 /home/vagrant/Projects/corso/bootstrap/cache/compiled.php(9279): call_user_func_array:{/home/vagrant/Projects/corso/bootstrap/cache/compiled.php:9279}()
#33 /home/vagrant/Projects/corso/bootstrap/cache/compiled.php(11210): Illuminate\Pipeline\Pipeline->Illuminate\Pipeline\{closure}()
#34 /home/vagrant/Projects/corso/bootstrap/cache/compiled.php(9279): Illuminate\Session\Middleware\StartSession->handle()
#35 /home/vagrant/Projects/corso/bootstrap/cache/compiled.php(9279): call_user_func_array:{/home/vagrant/Projects/corso/bootstrap/cache/compiled.php:9279}()
#36 /home/vagrant/Projects/corso/bootstrap/cache/compiled.php(12316): Illuminate\Pipeline\Pipeline->Illuminate\Pipeline\{closure}()
#37 /home/vagrant/Projects/corso/bootstrap/cache/compiled.php(9279): Illuminate\Cookie\Middleware\AddQueuedCookiesToResponse->handle()
#38 /home/vagrant/Projects/corso/bootstrap/cache/compiled.php(9279): call_user_func_array:{/home/vagrant/Projects/corso/bootstrap/cache/compiled.php:9279}()
#39 /home/vagrant/Projects/corso/bootstrap/cache/compiled.php(12255): Illuminate\Pipeline\Pipeline->Illuminate\Pipeline\{closure}()
#40 /home/vagrant/Projects/corso/bootstrap/cache/compiled.php(9279): Illuminate\Cookie\Middleware\EncryptCookies->handle()
#41 /home/vagrant/Projects/corso/bootstrap/cache/compiled.php(9279): call_user_func_array:{/home/vagrant/Projects/corso/bootstrap/cache/compiled.php:9279}()
#42 /home/vagrant/Projects/corso/bootstrap/cache/compiled.php(2776): Illuminate\Pipeline\Pipeline->Illuminate\Pipeline\{closure}()
#43 /home/vagrant/Projects/corso/bootstrap/cache/compiled.php(9279): Illuminate\Foundation\Http\Middleware\CheckForMaintenanceMode->handle()
#44 /home/vagrant/Projects/corso/bootstrap/cache/compiled.php(9279): call_user_func_array:{/home/vagrant/Projects/corso/bootstrap/cache/compiled.php:9279}()
#45 /home/vagrant/Projects/corso/bootstrap/cache/compiled.php(9269): Illuminate\Pipeline\Pipeline->Illuminate\Pipeline\{closure}()
#46 /home/vagrant/Projects/corso/bootstrap/cache/compiled.php(9269): call_user_func:{/home/vagrant/Projects/corso/bootstrap/cache/compiled.php:9269}()
#47 /home/vagrant/Projects/corso/bootstrap/cache/compiled.php(2053): Illuminate\Pipeline\Pipeline->then()
#48 /home/vagrant/Projects/corso/bootstrap/cache/compiled.php(2036): Illuminate\Foundation\Http\Kernel->sendRequestThroughRouter()
#49 /home/vagrant/Projects/corso/public/index.php(53): Illuminate\Foundation\Http\Kernel->handle()
#50 /home/vagrant/Projects/corso/public/index.php(0): {main}()
#51 {main}  
[2015-09-09 06:14:23] local.ERROR: exception 'Symfony\Component\Debug\Exception\FatalErrorException' with message 'Class 'Corso\Entities\Statu' not found' in /home/vagrant/Projects/corso/app/Http/Controllers/ClaroController.php:130
Stack trace:
#0 /home/vagrant/Projects/corso/bootstrap/cache/compiled.php(1891): Symfony\Component\Debug\Exception\FatalErrorException->__construct()
#1 /home/vagrant/Projects/corso/bootstrap/cache/compiled.php(1886): Illuminate\Foundation\Bootstrap\HandleExceptions->fatalExceptionFromError()
#2 /home/vagrant/Projects/corso/bootstrap/cache/compiled.php(0): Illuminate\Foundation\Bootstrap\HandleExceptions->handleShutdown()
#3 /home/vagrant/Projects/corso/bootstrap/cache/compiled.php(8581): Corso\Http\Controllers\ClaroController->dataProduct()
#4 /home/vagrant/Projects/corso/bootstrap/cache/compiled.php(8581): call_user_func_array:{/home/vagrant/Projects/corso/bootstrap/cache/compiled.php:8581}()
#5 /home/vagrant/Projects/corso/bootstrap/cache/compiled.php(8650): Illuminate\Routing\Controller->callAction()
#6 /home/vagrant/Projects/corso/bootstrap/cache/compiled.php(8630): Illuminate\Routing\ControllerDispatcher->call()
#7 /home/vagrant/Projects/corso/bootstrap/cache/compiled.php(9287): Illuminate\Routing\ControllerDispatcher->Illuminate\Routing\{closure}()
#8 /home/vagrant/Projects/corso/bootstrap/cache/compiled.php(9287): call_user_func:{/home/vagrant/Projects/corso/bootstrap/cache/compiled.php:9287}()
#9 /home/vagrant/Projects/corso/bootstrap/cache/compiled.php(9269): Illuminate\Pipeline\Pipeline->Illuminate\Pipeline\{closure}()
#10 /home/vagrant/Projects/corso/bootstrap/cache/compiled.php(9269): call_user_func:{/home/vagrant/Projects/corso/bootstrap/cache/compiled.php:9269}()
#11 /home/vagrant/Projects/corso/bootstrap/cache/compiled.php(8631): Illuminate\Pipeline\Pipeline->then()
#12 /home/vagrant/Projects/corso/bootstrap/cache/compiled.php(8616): Illuminate\Routing\ControllerDispatcher->callWithinStack()
#13 /home/vagrant/Projects/corso/bootstrap/cache/compiled.php(7591): Illuminate\Routing\ControllerDispatcher->dispatch()
#14 /home/vagrant/Projects/corso/bootstrap/cache/compiled.php(7562): Illuminate\Routing\Route->runWithCustomDispatcher()
#15 /home/vagrant/Projects/corso/bootstrap/cache/compiled.php(7215): Illuminate\Routing\Route->run()
#16 /home/vagrant/Projects/corso/bootstrap/cache/compiled.php(9287): Illuminate\Routing\Router->Illuminate\Routing\{closure}()
#17 /home/vagrant/Projects/corso/bootstrap/cache/compiled.php(9287): call_user_func:{/home/vagrant/Projects/corso/bootstrap/cache/compiled.php:9287}()
#18 /home/vagrant/Projects/corso/bootstrap/cache/compiled.php(9269): Illuminate\Pipeline\Pipeline->Illuminate\Pipeline\{closure}()
#19 /home/vagrant/Projects/corso/bootstrap/cache/compiled.php(9269): call_user_func:{/home/vagrant/Projects/corso/bootstrap/cache/compiled.php:9269}()
#20 /home/vagrant/Projects/corso/bootstrap/cache/compiled.php(7216): Illuminate\Pipeline\Pipeline->then()
#21 /home/vagrant/Projects/corso/bootstrap/cache/compiled.php(7204): Illuminate\Routing\Router->runRouteWithinStack()
#22 /home/vagrant/Projects/corso/bootstrap/cache/compiled.php(7189): Illuminate\Routing\Router->dispatchToRoute()
#23 /home/vagrant/Projects/corso/bootstrap/cache/compiled.php(2106): Illuminate\Routing\Router->dispatch()
#24 /home/vagrant/Projects/corso/bootstrap/cache/compiled.php(9287): Illuminate\Foundation\Http\Kernel->Illuminate\Foundation\Http\{closure}()
#25 /home/vagrant/Projects/corso/bootstrap/cache/compiled.php(9287): call_user_func:{/home/vagrant/Projects/corso/bootstrap/cache/compiled.php:9287}()
#26 /home/vagrant/Projects/corso/bootstrap/cache/compiled.php(2726): Illuminate\Pipeline\Pipeline->Illuminate\Pipeline\{closure}()
#27 /home/vagrant/Projects/corso/app/Http/Middleware/VerifyCsrfToken.php(33): Illuminate\Foundation\Http\Middleware\VerifyCsrfToken->handle()
#28 /home/vagrant/Projects/corso/bootstrap/cache/compiled.php(9279): Corso\Http\Middleware\VerifyCsrfToken->handle()
#29 /home/vagrant/Projects/corso/bootstrap/cache/compiled.php(9279): call_user_func_array:{/home/vagrant/Projects/corso/bootstrap/cache/compiled.php:9279}()
#30 /home/vagrant/Projects/corso/bootstrap/cache/compiled.php(12579): Illuminate\Pipeline\Pipeline->Illuminate\Pipeline\{closure}()
#31 /home/vagrant/Projects/corso/bootstrap/cache/compiled.php(9279): Illuminate\View\Middleware\ShareErrorsFromSession->handle()
#32 /home/vagrant/Projects/corso/bootstrap/cache/compiled.php(9279): call_user_func_array:{/home/vagrant/Projects/corso/bootstrap/cache/compiled.php:9279}()
#33 /home/vagrant/Projects/corso/bootstrap/cache/compiled.php(11210): Illuminate\Pipeline\Pipeline->Illuminate\Pipeline\{closure}()
#34 /home/vagrant/Projects/corso/bootstrap/cache/compiled.php(9279): Illuminate\Session\Middleware\StartSession->handle()
#35 /home/vagrant/Projects/corso/bootstrap/cache/compiled.php(9279): call_user_func_array:{/home/vagrant/Projects/corso/bootstrap/cache/compiled.php:9279}()
#36 /home/vagrant/Projects/corso/bootstrap/cache/compiled.php(12316): Illuminate\Pipeline\Pipeline->Illuminate\Pipeline\{closure}()
#37 /home/vagrant/Projects/corso/bootstrap/cache/compiled.php(9279): Illuminate\Cookie\Middleware\AddQueuedCookiesToResponse->handle()
#38 /home/vagrant/Projects/corso/bootstrap/cache/compiled.php(9279): call_user_func_array:{/home/vagrant/Projects/corso/bootstrap/cache/compiled.php:9279}()
#39 /home/vagrant/Projects/corso/bootstrap/cache/compiled.php(12255): Illuminate\Pipeline\Pipeline->Illuminate\Pipeline\{closure}()
#40 /home/vagrant/Projects/corso/bootstrap/cache/compiled.php(9279): Illuminate\Cookie\Middleware\EncryptCookies->handle()
#41 /home/vagrant/Projects/corso/bootstrap/cache/compiled.php(9279): call_user_func_array:{/home/vagrant/Projects/corso/bootstrap/cache/compiled.php:9279}()
#42 /home/vagrant/Projects/corso/bootstrap/cache/compiled.php(2776): Illuminate\Pipeline\Pipeline->Illuminate\Pipeline\{closure}()
#43 /home/vagrant/Projects/corso/bootstrap/cache/compiled.php(9279): Illuminate\Foundation\Http\Middleware\CheckForMaintenanceMode->handle()
#44 /home/vagrant/Projects/corso/bootstrap/cache/compiled.php(9279): call_user_func_array:{/home/vagrant/Projects/corso/bootstrap/cache/compiled.php:9279}()
#45 /home/vagrant/Projects/corso/bootstrap/cache/compiled.php(9269): Illuminate\Pipeline\Pipeline->Illuminate\Pipeline\{closure}()
#46 /home/vagrant/Projects/corso/bootstrap/cache/compiled.php(9269): call_user_func:{/home/vagrant/Projects/corso/bootstrap/cache/compiled.php:9269}()
#47 /home/vagrant/Projects/corso/bootstrap/cache/compiled.php(2053): Illuminate\Pipeline\Pipeline->then()
#48 /home/vagrant/Projects/corso/bootstrap/cache/compiled.php(2036): Illuminate\Foundation\Http\Kernel->sendRequestThroughRouter()
#49 /home/vagrant/Projects/corso/public/index.php(53): Illuminate\Foundation\Http\Kernel->handle()
#50 /home/vagrant/Projects/corso/public/index.php(0): {main}()
#51 {main}  
[2015-09-09 06:37:45] local.ERROR: exception 'PDOException' with message 'SQLSTATE[42S22]: Column not found: 1054 Unknown column 'statuses.2' in 'where clause'' in /home/vagrant/Projects/corso/vendor/laravel/framework/src/Illuminate/Database/Connection.php:310
Stack trace:
#0 /home/vagrant/Projects/corso/vendor/laravel/framework/src/Illuminate/Database/Connection.php(310): PDO->prepare('select * from `...')
#1 /home/vagrant/Projects/corso/vendor/laravel/framework/src/Illuminate/Database/Connection.php(629): Illuminate\Database\Connection->Illuminate\Database\{closure}(Object(Illuminate\Database\MySqlConnection), 'select * from `...', Array)
#2 /home/vagrant/Projects/corso/vendor/laravel/framework/src/Illuminate/Database/Connection.php(596): Illuminate\Database\Connection->runQueryCallback('select * from `...', Array, Object(Closure))
#3 /home/vagrant/Projects/corso/vendor/laravel/framework/src/Illuminate/Database/Connection.php(315): Illuminate\Database\Connection->run('select * from `...', Array, Object(Closure))
#4 /home/vagrant/Projects/corso/vendor/laravel/framework/src/Illuminate/Database/Query/Builder.php(1389): Illuminate\Database\Connection->select('select * from `...', Array, true)
#5 /home/vagrant/Projects/corso/vendor/laravel/framework/src/Illuminate/Database/Query/Builder.php(1379): Illuminate\Database\Query\Builder->runSelect()
#6 /home/vagrant/Projects/corso/vendor/laravel/framework/src/Illuminate/Database/Query/Builder.php(1364): Illuminate\Database\Query\Builder->getFresh(Array)
#7 /home/vagrant/Projects/corso/vendor/laravel/framework/src/Illuminate/Database/Eloquent/Builder.php(409): Illuminate\Database\Query\Builder->get(Array)
#8 /home/vagrant/Projects/corso/vendor/laravel/framework/src/Illuminate/Database/Eloquent/Builder.php(168): Illuminate\Database\Eloquent\Builder->getModels(Array)
#9 [internal function]: Illuminate\Database\Eloquent\Builder->get()
#10 /home/vagrant/Projects/corso/vendor/laravel/framework/src/Illuminate/Database/Eloquent/Relations/Relation.php(307): call_user_func_array(Array, Array)
#11 /home/vagrant/Projects/corso/vendor/laravel/framework/src/Illuminate/Database/Eloquent/Relations/Relation.php(112): Illuminate\Database\Eloquent\Relations\Relation->__call('get', Array)
#12 /home/vagrant/Projects/corso/vendor/laravel/framework/src/Illuminate/Database/Eloquent/Relations/Relation.php(112): Illuminate\Database\Eloquent\Relations\BelongsTo->get()
#13 /home/vagrant/Projects/corso/vendor/laravel/framework/src/Illuminate/Database/Eloquent/Builder.php(460): Illuminate\Database\Eloquent\Relations\Relation->getEager()
#14 /home/vagrant/Projects/corso/vendor/laravel/framework/src/Illuminate/Database/Eloquent/Builder.php(429): Illuminate\Database\Eloquent\Builder->loadRelation(Array, 'status', Object(Closure))
#15 /home/vagrant/Projects/corso/vendor/laravel/framework/src/Illuminate/Database/Eloquent/Builder.php(174): Illuminate\Database\Eloquent\Builder->eagerLoadRelations(Array)
#16 /home/vagrant/Projects/corso/app/Http/Controllers/ClaroController.php(122): Illuminate\Database\Eloquent\Builder->get()
#17 [internal function]: Corso\Http\Controllers\ClaroController->dataProduct()
#18 /home/vagrant/Projects/corso/bootstrap/cache/compiled.php(8581): call_user_func_array(Array, Array)
#19 /home/vagrant/Projects/corso/bootstrap/cache/compiled.php(8650): Illuminate\Routing\Controller->callAction('dataProduct', Array)
#20 /home/vagrant/Projects/corso/bootstrap/cache/compiled.php(8630): Illuminate\Routing\ControllerDispatcher->call(Object(Corso\Http\Controllers\ClaroController), Object(Illuminate\Routing\Route), 'dataProduct')
#21 [internal function]: Illuminate\Routing\ControllerDispatcher->Illuminate\Routing\{closure}(Object(Illuminate\Http\Request))
#22 /home/vagrant/Projects/corso/bootstrap/cache/compiled.php(9287): call_user_func(Object(Closure), Object(Illuminate\Http\Request))
#23 [internal function]: Illuminate\Pipeline\Pipeline->Illuminate\Pipeline\{closure}(Object(Illuminate\Http\Request))
#24 /home/vagrant/Projects/corso/bootstrap/cache/compiled.php(9269): call_user_func(Object(Closure), Object(Illuminate\Http\Request))
#25 /home/vagrant/Projects/corso/bootstrap/cache/compiled.php(8631): Illuminate\Pipeline\Pipeline->then(Object(Closure))
#26 /home/vagrant/Projects/corso/bootstrap/cache/compiled.php(8616): Illuminate\Routing\ControllerDispatcher->callWithinStack(Object(Corso\Http\Controllers\ClaroController), Object(Illuminate\Routing\Route), Object(Illuminate\Http\Request), 'dataProduct')
#27 /home/vagrant/Projects/corso/bootstrap/cache/compiled.php(7591): Illuminate\Routing\ControllerDispatcher->dispatch(Object(Illuminate\Routing\Route), Object(Illuminate\Http\Request), 'Corso\\Http\\Cont...', 'dataProduct')
#28 /home/vagrant/Projects/corso/bootstrap/cache/compiled.php(7562): Illuminate\Routing\Route->runWithCustomDispatcher(Object(Illuminate\Http\Request))
#29 /home/vagrant/Projects/corso/bootstrap/cache/compiled.php(7215): Illuminate\Routing\Route->run(Object(Illuminate\Http\Request))
#30 [internal function]: Illuminate\Routing\Router->Illuminate\Routing\{closure}(Object(Illuminate\Http\Request))
#31 /home/vagrant/Projects/corso/bootstrap/cache/compiled.php(9287): call_user_func(Object(Closure), Object(Illuminate\Http\Request))
#32 [internal function]: Illuminate\Pipeline\Pipeline->Illuminate\Pipeline\{closure}(Object(Illuminate\Http\Request))
#33 /home/vagrant/Projects/corso/bootstrap/cache/compiled.php(9269): call_user_func(Object(Closure), Object(Illuminate\Http\Request))
#34 /home/vagrant/Projects/corso/bootstrap/cache/compiled.php(7216): Illuminate\Pipeline\Pipeline->then(Object(Closure))
#35 /home/vagrant/Projects/corso/bootstrap/cache/compiled.php(7204): Illuminate\Routing\Router->runRouteWithinStack(Object(Illuminate\Routing\Route), Object(Illuminate\Http\Request))
#36 /home/vagrant/Projects/corso/bootstrap/cache/compiled.php(7189): Illuminate\Routing\Router->dispatchToRoute(Object(Illuminate\Http\Request))
#37 /home/vagrant/Projects/corso/bootstrap/cache/compiled.php(2106): Illuminate\Routing\Router->dispatch(Object(Illuminate\Http\Request))
#38 [internal function]: Illuminate\Foundation\Http\Kernel->Illuminate\Foundation\Http\{closure}(Object(Illuminate\Http\Request))
#39 /home/vagrant/Projects/corso/bootstrap/cache/compiled.php(9287): call_user_func(Object(Closure), Object(Illuminate\Http\Request))
#40 /home/vagrant/Projects/corso/bootstrap/cache/compiled.php(2726): Illuminate\Pipeline\Pipeline->Illuminate\Pipeline\{closure}(Object(Illuminate\Http\Request))
#41 /home/vagrant/Projects/corso/app/Http/Middleware/VerifyCsrfToken.php(33): Illuminate\Foundation\Http\Middleware\VerifyCsrfToken->handle(Object(Illuminate\Http\Request), Object(Closure))
#42 [internal function]: Corso\Http\Middleware\VerifyCsrfToken->handle(Object(Illuminate\Http\Request), Object(Closure))
#43 /home/vagrant/Projects/corso/bootstrap/cache/compiled.php(9279): call_user_func_array(Array, Array)
#44 /home/vagrant/Projects/corso/bootstrap/cache/compiled.php(12579): Illuminate\Pipeline\Pipeline->Illuminate\Pipeline\{closure}(Object(Illuminate\Http\Request))
#45 [internal function]: Illuminate\View\Middleware\ShareErrorsFromSession->handle(Object(Illuminate\Http\Request), Object(Closure))
#46 /home/vagrant/Projects/corso/bootstrap/cache/compiled.php(9279): call_user_func_array(Array, Array)
#47 /home/vagrant/Projects/corso/bootstrap/cache/compiled.php(11210): Illuminate\Pipeline\Pipeline->Illuminate\Pipeline\{closure}(Object(Illuminate\Http\Request))
#48 [internal function]: Illuminate\Session\Middleware\StartSession->handle(Object(Illuminate\Http\Request), Object(Closure))
#49 /home/vagrant/Projects/corso/bootstrap/cache/compiled.php(9279): call_user_func_array(Array, Array)
#50 /home/vagrant/Projects/corso/bootstrap/cache/compiled.php(12316): Illuminate\Pipeline\Pipeline->Illuminate\Pipeline\{closure}(Object(Illuminate\Http\Request))
#51 [internal function]: Illuminate\Cookie\Middleware\AddQueuedCookiesToResponse->handle(Object(Illuminate\Http\Request), Object(Closure))
#52 /home/vagrant/Projects/corso/bootstrap/cache/compiled.php(9279): call_user_func_array(Array, Array)
#53 /home/vagrant/Projects/corso/bootstrap/cache/compiled.php(12255): Illuminate\Pipeline\Pipeline->Illuminate\Pipeline\{closure}(Object(Illuminate\Http\Request))
#54 [internal function]: Illuminate\Cookie\Middleware\EncryptCookies->handle(Object(Illuminate\Http\Request), Object(Closure))
#55 /home/vagrant/Projects/corso/bootstrap/cache/compiled.php(9279): call_user_func_array(Array, Array)
#56 /home/vagrant/Projects/corso/bootstrap/cache/compiled.php(2776): Illuminate\Pipeline\Pipeline->Illuminate\Pipeline\{closure}(Object(Illuminate\Http\Request))
#57 [internal function]: Illuminate\Foundation\Http\Middleware\CheckForMaintenanceMode->handle(Object(Illuminate\Http\Request), Object(Closure))
#58 /home/vagrant/Projects/corso/bootstrap/cache/compiled.php(9279): call_user_func_array(Array, Array)
#59 [internal function]: Illuminate\Pipeline\Pipeline->Illuminate\Pipeline\{closure}(Object(Illuminate\Http\Request))
#60 /home/vagrant/Projects/corso/bootstrap/cache/compiled.php(9269): call_user_func(Object(Closure), Object(Illuminate\Http\Request))
#61 /home/vagrant/Projects/corso/bootstrap/cache/compiled.php(2053): Illuminate\Pipeline\Pipeline->then(Object(Closure))
#62 /home/vagrant/Projects/corso/bootstrap/cache/compiled.php(2036): Illuminate\Foundation\Http\Kernel->sendRequestThroughRouter(Object(Illuminate\Http\Request))
#63 /home/vagrant/Projects/corso/public/index.php(53): Illuminate\Foundation\Http\Kernel->handle(Object(Illuminate\Http\Request))
#64 {main}

Next exception 'Illuminate\Database\QueryException' with message 'SQLSTATE[42S22]: Column not found: 1054 Unknown column 'statuses.2' in 'where clause' (SQL: select * from `statuses` where `statuses`.`2` in (1, 2, 3, 4, 5, 6, 7, 8, 9, 10, 11, 12, 13, 14, 15, 16, 17, 18, 19, 20, 21, 22, 23, 24, 25, 26, 27, 28, 29, 30, 31, 32, 33, 34, 35, 36, 37, 38, 39, 40, 41, 42, 43, 44, 45, 46, 47, 48, 49, 50, 51, 52, 53, 54, 55, 56, 57, 58, 59, 60, 61, 62, 63, 64, 65, 66, 67, 68, 69, 70, 71, 72, 73, 74, 75, 76, 77, 78, 79, 80, 81, 82, 83, 84, 85, 86, 87, 88, 89, 90, 91, 92, 93, 94, 95, 96, 97, 98, 99, 100, 101, 102, 103, 104, 105, 106, 107, 108, 109, 110, 111, 112, 113, 114, 115, 116, 117, 118, 119, 120, 121, 122, 123, 124, 125, 126, 127, 128, 129, 130, 131, 132, 133, 134, 135, 136, 137, 138, 139, 140, 141, 142, 143, 144, 145, 146, 147, 148, 149, 150, 151, 152, 153, 154, 155, 156, 157, 158, 159, 160, 161, 162, 163, 164, 165, 166, 167, 168, 169, 170, 171, 172, 173, 174, 175, 176, 177, 178, 179, 180, 181, 182, 183, 184, 185, 186, 187, 188, 189, 190, 191, 192, 193, 194, 195, 196, 197, 198, 199, 200, 201, 202, 203, 204, 205, 206, 207, 208, 209, 210, 211, 212, 213, 214, 215, 216, 217, 218, 219, 220, 221, 222, 223, 224, 225, 226, 227, 228, 229, 230, 231, 232, 233, 234, 235, 236, 237, 238, 239, 240, 241, 242, 243, 244, 245, 246, 247, 248, 249, 250, 251, 252, 253, 254, 255, 256, 257, 258, 259, 260, 261, 262, 263, 264, 265, 266, 267, 268, 269, 270, 271, 272, 273, 274, 275, 276, 277, 278, 279, 280, 281, 282, 283, 284, 285, 286, 287, 288, 289, 290, 291, 292, 293, 294, 295, 296, 297, 298, 299, 300, 301, 302, 303, 304, 305, 306, 307, 308, 309, 310, 311, 312, 313, 314, 315, 316, 317, 318, 319, 320, 321, 322, 323, 324, 325, 326, 327, 328, 329, 330, 331, 332, 333, 334, 335, 336, 337, 338, 339, 340, 341, 342, 343, 344, 345, 346, 347, 348, 349, 350, 351, 352, 353, 354, 355, 356, 357, 358, 359, 360, 361, 362, 363, 364, 365, 366, 367, 368, 369, 370, 371, 372, 373, 374, 375, 376, 377, 378, 379, 380, 381, 382, 383, 384, 385, 386, 387, 388, 389, 390, 391, 392, 393, 394, 395, 396, 397, 398, 399, 400, 401, 402, 403, 404, 405, 406, 407, 408, 409))' in /home/vagrant/Projects/corso/vendor/laravel/framework/src/Illuminate/Database/Connection.php:636
Stack trace:
#0 /home/vagrant/Projects/corso/vendor/laravel/framework/src/Illuminate/Database/Connection.php(596): Illuminate\Database\Connection->runQueryCallback('select * from `...', Array, Object(Closure))
#1 /home/vagrant/Projects/corso/vendor/laravel/framework/src/Illuminate/Database/Connection.php(315): Illuminate\Database\Connection->run('select * from `...', Array, Object(Closure))
#2 /home/vagrant/Projects/corso/vendor/laravel/framework/src/Illuminate/Database/Query/Builder.php(1389): Illuminate\Database\Connection->select('select * from `...', Array, true)
#3 /home/vagrant/Projects/corso/vendor/laravel/framework/src/Illuminate/Database/Query/Builder.php(1379): Illuminate\Database\Query\Builder->runSelect()
#4 /home/vagrant/Projects/corso/vendor/laravel/framework/src/Illuminate/Database/Query/Builder.php(1364): Illuminate\Database\Query\Builder->getFresh(Array)
#5 /home/vagrant/Projects/corso/vendor/laravel/framework/src/Illuminate/Database/Eloquent/Builder.php(409): Illuminate\Database\Query\Builder->get(Array)
#6 /home/vagrant/Projects/corso/vendor/laravel/framework/src/Illuminate/Database/Eloquent/Builder.php(168): Illuminate\Database\Eloquent\Builder->getModels(Array)
#7 [internal function]: Illuminate\Database\Eloquent\Builder->get()
#8 /home/vagrant/Projects/corso/vendor/laravel/framework/src/Illuminate/Database/Eloquent/Relations/Relation.php(307): call_user_func_array(Array, Array)
#9 /home/vagrant/Projects/corso/vendor/laravel/framework/src/Illuminate/Database/Eloquent/Relations/Relation.php(112): Illuminate\Database\Eloquent\Relations\Relation->__call('get', Array)
#10 /home/vagrant/Projects/corso/vendor/laravel/framework/src/Illuminate/Database/Eloquent/Relations/Relation.php(112): Illuminate\Database\Eloquent\Relations\BelongsTo->get()
#11 /home/vagrant/Projects/corso/vendor/laravel/framework/src/Illuminate/Database/Eloquent/Builder.php(460): Illuminate\Database\Eloquent\Relations\Relation->getEager()
#12 /home/vagrant/Projects/corso/vendor/laravel/framework/src/Illuminate/Database/Eloquent/Builder.php(429): Illuminate\Database\Eloquent\Builder->loadRelation(Array, 'status', Object(Closure))
#13 /home/vagrant/Projects/corso/vendor/laravel/framework/src/Illuminate/Database/Eloquent/Builder.php(174): Illuminate\Database\Eloquent\Builder->eagerLoadRelations(Array)
#14 /home/vagrant/Projects/corso/app/Http/Controllers/ClaroController.php(122): Illuminate\Database\Eloquent\Builder->get()
#15 [internal function]: Corso\Http\Controllers\ClaroController->dataProduct()
#16 /home/vagrant/Projects/corso/bootstrap/cache/compiled.php(8581): call_user_func_array(Array, Array)
#17 /home/vagrant/Projects/corso/bootstrap/cache/compiled.php(8650): Illuminate\Routing\Controller->callAction('dataProduct', Array)
#18 /home/vagrant/Projects/corso/bootstrap/cache/compiled.php(8630): Illuminate\Routing\ControllerDispatcher->call(Object(Corso\Http\Controllers\ClaroController), Object(Illuminate\Routing\Route), 'dataProduct')
#19 [internal function]: Illuminate\Routing\ControllerDispatcher->Illuminate\Routing\{closure}(Object(Illuminate\Http\Request))
#20 /home/vagrant/Projects/corso/bootstrap/cache/compiled.php(9287): call_user_func(Object(Closure), Object(Illuminate\Http\Request))
#21 [internal function]: Illuminate\Pipeline\Pipeline->Illuminate\Pipeline\{closure}(Object(Illuminate\Http\Request))
#22 /home/vagrant/Projects/corso/bootstrap/cache/compiled.php(9269): call_user_func(Object(Closure), Object(Illuminate\Http\Request))
#23 /home/vagrant/Projects/corso/bootstrap/cache/compiled.php(8631): Illuminate\Pipeline\Pipeline->then(Object(Closure))
#24 /home/vagrant/Projects/corso/bootstrap/cache/compiled.php(8616): Illuminate\Routing\ControllerDispatcher->callWithinStack(Object(Corso\Http\Controllers\ClaroController), Object(Illuminate\Routing\Route), Object(Illuminate\Http\Request), 'dataProduct')
#25 /home/vagrant/Projects/corso/bootstrap/cache/compiled.php(7591): Illuminate\Routing\ControllerDispatcher->dispatch(Object(Illuminate\Routing\Route), Object(Illuminate\Http\Request), 'Corso\\Http\\Cont...', 'dataProduct')
#26 /home/vagrant/Projects/corso/bootstrap/cache/compiled.php(7562): Illuminate\Routing\Route->runWithCustomDispatcher(Object(Illuminate\Http\Request))
#27 /home/vagrant/Projects/corso/bootstrap/cache/compiled.php(7215): Illuminate\Routing\Route->run(Object(Illuminate\Http\Request))
#28 [internal function]: Illuminate\Routing\Router->Illuminate\Routing\{closure}(Object(Illuminate\Http\Request))
#29 /home/vagrant/Projects/corso/bootstrap/cache/compiled.php(9287): call_user_func(Object(Closure), Object(Illuminate\Http\Request))
#30 [internal function]: Illuminate\Pipeline\Pipeline->Illuminate\Pipeline\{closure}(Object(Illuminate\Http\Request))
#31 /home/vagrant/Projects/corso/bootstrap/cache/compiled.php(9269): call_user_func(Object(Closure), Object(Illuminate\Http\Request))
#32 /home/vagrant/Projects/corso/bootstrap/cache/compiled.php(7216): Illuminate\Pipeline\Pipeline->then(Object(Closure))
#33 /home/vagrant/Projects/corso/bootstrap/cache/compiled.php(7204): Illuminate\Routing\Router->runRouteWithinStack(Object(Illuminate\Routing\Route), Object(Illuminate\Http\Request))
#34 /home/vagrant/Projects/corso/bootstrap/cache/compiled.php(7189): Illuminate\Routing\Router->dispatchToRoute(Object(Illuminate\Http\Request))
#35 /home/vagrant/Projects/corso/bootstrap/cache/compiled.php(2106): Illuminate\Routing\Router->dispatch(Object(Illuminate\Http\Request))
#36 [internal function]: Illuminate\Foundation\Http\Kernel->Illuminate\Foundation\Http\{closure}(Object(Illuminate\Http\Request))
#37 /home/vagrant/Projects/corso/bootstrap/cache/compiled.php(9287): call_user_func(Object(Closure), Object(Illuminate\Http\Request))
#38 /home/vagrant/Projects/corso/bootstrap/cache/compiled.php(2726): Illuminate\Pipeline\Pipeline->Illuminate\Pipeline\{closure}(Object(Illuminate\Http\Request))
#39 /home/vagrant/Projects/corso/app/Http/Middleware/VerifyCsrfToken.php(33): Illuminate\Foundation\Http\Middleware\VerifyCsrfToken->handle(Object(Illuminate\Http\Request), Object(Closure))
#40 [internal function]: Corso\Http\Middleware\VerifyCsrfToken->handle(Object(Illuminate\Http\Request), Object(Closure))
#41 /home/vagrant/Projects/corso/bootstrap/cache/compiled.php(9279): call_user_func_array(Array, Array)
#42 /home/vagrant/Projects/corso/bootstrap/cache/compiled.php(12579): Illuminate\Pipeline\Pipeline->Illuminate\Pipeline\{closure}(Object(Illuminate\Http\Request))
#43 [internal function]: Illuminate\View\Middleware\ShareErrorsFromSession->handle(Object(Illuminate\Http\Request), Object(Closure))
#44 /home/vagrant/Projects/corso/bootstrap/cache/compiled.php(9279): call_user_func_array(Array, Array)
#45 /home/vagrant/Projects/corso/bootstrap/cache/compiled.php(11210): Illuminate\Pipeline\Pipeline->Illuminate\Pipeline\{closure}(Object(Illuminate\Http\Request))
#46 [internal function]: Illuminate\Session\Middleware\StartSession->handle(Object(Illuminate\Http\Request), Object(Closure))
#47 /home/vagrant/Projects/corso/bootstrap/cache/compiled.php(9279): call_user_func_array(Array, Array)
#48 /home/vagrant/Projects/corso/bootstrap/cache/compiled.php(12316): Illuminate\Pipeline\Pipeline->Illuminate\Pipeline\{closure}(Object(Illuminate\Http\Request))
#49 [internal function]: Illuminate\Cookie\Middleware\AddQueuedCookiesToResponse->handle(Object(Illuminate\Http\Request), Object(Closure))
#50 /home/vagrant/Projects/corso/bootstrap/cache/compiled.php(9279): call_user_func_array(Array, Array)
#51 /home/vagrant/Projects/corso/bootstrap/cache/compiled.php(12255): Illuminate\Pipeline\Pipeline->Illuminate\Pipeline\{closure}(Object(Illuminate\Http\Request))
#52 [internal function]: Illuminate\Cookie\Middleware\EncryptCookies->handle(Object(Illuminate\Http\Request), Object(Closure))
#53 /home/vagrant/Projects/corso/bootstrap/cache/compiled.php(9279): call_user_func_array(Array, Array)
#54 /home/vagrant/Projects/corso/bootstrap/cache/compiled.php(2776): Illuminate\Pipeline\Pipeline->Illuminate\Pipeline\{closure}(Object(Illuminate\Http\Request))
#55 [internal function]: Illuminate\Foundation\Http\Middleware\CheckForMaintenanceMode->handle(Object(Illuminate\Http\Request), Object(Closure))
#56 /home/vagrant/Projects/corso/bootstrap/cache/compiled.php(9279): call_user_func_array(Array, Array)
#57 [internal function]: Illuminate\Pipeline\Pipeline->Illuminate\Pipeline\{closure}(Object(Illuminate\Http\Request))
#58 /home/vagrant/Projects/corso/bootstrap/cache/compiled.php(9269): call_user_func(Object(Closure), Object(Illuminate\Http\Request))
#59 /home/vagrant/Projects/corso/bootstrap/cache/compiled.php(2053): Illuminate\Pipeline\Pipeline->then(Object(Closure))
#60 /home/vagrant/Projects/corso/bootstrap/cache/compiled.php(2036): Illuminate\Foundation\Http\Kernel->sendRequestThroughRouter(Object(Illuminate\Http\Request))
#61 /home/vagrant/Projects/corso/public/index.php(53): Illuminate\Foundation\Http\Kernel->handle(Object(Illuminate\Http\Request))
#62 {main}  
