[2015-07-10 16:35:21] local.ERROR: exception 'PHPExcel_Exception' with message 'Row 2 is out of range (2 - 1)' in /home/elcorso/public_html/test/vendor/phpoffice/phpexcel/Classes/PHPExcel/Worksheet/RowIterator.php:125
Stack trace:
#0 /home/elcorso/public_html/test/vendor/phpoffice/phpexcel/Classes/PHPExcel/Worksheet/RowIterator.php(99): PHPExcel_Worksheet_RowIterator->seek(2)
#1 /home/elcorso/public_html/test/vendor/phpoffice/phpexcel/Classes/PHPExcel/Worksheet/RowIterator.php(81): PHPExcel_Worksheet_RowIterator->resetStart(2)
#2 /home/elcorso/public_html/test/vendor/phpoffice/phpexcel/Classes/PHPExcel/Worksheet.php(2568): PHPExcel_Worksheet_RowIterator->__construct(Object(PHPExcel_Worksheet), 2, NULL)
#3 /home/elcorso/public_html/test/vendor/maatwebsite/excel/src/Maatwebsite/Excel/Parsers/ExcelParser.php(329): PHPExcel_Worksheet->getRowIterator(2)
#4 /home/elcorso/public_html/test/vendor/maatwebsite/excel/src/Maatwebsite/Excel/Parsers/ExcelParser.php(182): Maatwebsite\Excel\Parsers\ExcelParser->parseRows()
#5 /home/elcorso/public_html/test/vendor/maatwebsite/excel/src/Maatwebsite/Excel/Parsers/ExcelParser.php(132): Maatwebsite\Excel\Parsers\ExcelParser->parseWorksheet()
#6 /home/elcorso/public_html/test/vendor/maatwebsite/excel/src/Maatwebsite/Excel/Readers/LaravelExcelReader.php(1024): Maatwebsite\Excel\Parsers\ExcelParser->parseFile(Array)
#7 /home/elcorso/public_html/test/vendor/maatwebsite/excel/src/Maatwebsite/Excel/Readers/LaravelExcelReader.php(473): Maatwebsite\Excel\Readers\LaravelExcelReader->_parseFile(Array)
#8 /home/elcorso/public_html/test/vendor/maatwebsite/excel/src/Maatwebsite/Excel/Readers/LaravelExcelReader.php(440): Maatwebsite\Excel\Readers\LaravelExcelReader->get(Array)
#9 /home/elcorso/public_html/test/app/Http/Controllers/BusinessController.php(71): Maatwebsite\Excel\Readers\LaravelExcelReader->all()
#10 /home/elcorso/public_html/test/app/Http/Controllers/ClaroController.php(135): Corso\Http\Controllers\BusinessController::uploadExcel(Object(Symfony\Component\HttpFoundation\File\UploadedFile), 'claro', 'CICLO2072015.xl...')
#11 [internal function]: Corso\Http\Controllers\ClaroController->importarExcelClaro()
#12 /home/elcorso/public_html/test/vendor/laravel/framework/src/Illuminate/Routing/Controller.php(246): call_user_func_array(Array, Array)
#13 /home/elcorso/public_html/test/vendor/laravel/framework/src/Illuminate/Routing/ControllerDispatcher.php(162): Illuminate\Routing\Controller->callAction('importarExcelCl...', Array)
#14 /home/elcorso/public_html/test/vendor/laravel/framework/src/Illuminate/Routing/ControllerDispatcher.php(107): Illuminate\Routing\ControllerDispatcher->call(Object(Corso\Http\Controllers\ClaroController), Object(Illuminate\Routing\Route), 'importarExcelCl...')
#15 [internal function]: Illuminate\Routing\ControllerDispatcher->Illuminate\Routing\{closure}(Object(Illuminate\Http\Request))
#16 /home/elcorso/public_html/test/vendor/laravel/framework/src/Illuminate/Pipeline/Pipeline.php(141): call_user_func(Object(Closure), Object(Illuminate\Http\Request))
#17 [internal function]: Illuminate\Pipeline\Pipeline->Illuminate\Pipeline\{closure}(Object(Illuminate\Http\Request))
#18 /home/elcorso/public_html/test/vendor/laravel/framework/src/Illuminate/Pipeline/Pipeline.php(101): call_user_func(Object(Closure), Object(Illuminate\Http\Request))
#19 /home/elcorso/public_html/test/vendor/laravel/framework/src/Illuminate/Routing/ControllerDispatcher.php(108): Illuminate\Pipeline\Pipeline->then(Object(Closure))
#20 /home/elcorso/public_html/test/vendor/laravel/framework/src/Illuminate/Routing/ControllerDispatcher.php(67): Illuminate\Routing\ControllerDispatcher->callWithinStack(Object(Corso\Http\Controllers\ClaroController), Object(Illuminate\Routing\Route), Object(Illuminate\Http\Request), 'importarExcelCl...')
#21 /home/elcorso/public_html/test/vendor/laravel/framework/src/Illuminate/Routing/Route.php(204): Illuminate\Routing\ControllerDispatcher->dispatch(Object(Illuminate\Routing\Route), Object(Illuminate\Http\Request), 'Corso\\Http\\Cont...', 'importarExcelCl...')
#22 /home/elcorso/public_html/test/vendor/laravel/framework/src/Illuminate/Routing/Route.php(134): Illuminate\Routing\Route->runWithCustomDispatcher(Object(Illuminate\Http\Request))
#23 /home/elcorso/public_html/test/vendor/laravel/framework/src/Illuminate/Routing/Router.php(701): Illuminate\Routing\Route->run(Object(Illuminate\Http\Request))
#24 [internal function]: Illuminate\Routing\Router->Illuminate\Routing\{closure}(Object(Illuminate\Http\Request))
#25 /home/elcorso/public_html/test/vendor/laravel/framework/src/Illuminate/Pipeline/Pipeline.php(141): call_user_func(Object(Closure), Object(Illuminate\Http\Request))
#26 [internal function]: Illuminate\Pipeline\Pipeline->Illuminate\Pipeline\{closure}(Object(Illuminate\Http\Request))
#27 /home/elcorso/public_html/test/vendor/laravel/framework/src/Illuminate/Pipeline/Pipeline.php(101): call_user_func(Object(Closure), Object(Illuminate\Http\Request))
#28 /home/elcorso/public_html/test/vendor/laravel/framework/src/Illuminate/Routing/Router.php(703): Illuminate\Pipeline\Pipeline->then(Object(Closure))
#29 /home/elcorso/public_html/test/vendor/laravel/framework/src/Illuminate/Routing/Router.php(670): Illuminate\Routing\Router->runRouteWithinStack(Object(Illuminate\Routing\Route), Object(Illuminate\Http\Request))
#30 /home/elcorso/public_html/test/vendor/laravel/framework/src/Illuminate/Routing/Router.php(628): Illuminate\Routing\Router->dispatchToRoute(Object(Illuminate\Http\Request))
#31 /home/elcorso/public_html/test/vendor/laravel/framework/src/Illuminate/Foundation/Http/Kernel.php(214): Illuminate\Routing\Router->dispatch(Object(Illuminate\Http\Request))
#32 [internal function]: Illuminate\Foundation\Http\Kernel->Illuminate\Foundation\Http\{closure}(Object(Illuminate\Http\Request))
#33 /home/elcorso/public_html/test/vendor/laravel/framework/src/Illuminate/Pipeline/Pipeline.php(141): call_user_func(Object(Closure), Object(Illuminate\Http\Request))
#34 /home/elcorso/public_html/test/vendor/laravel/framework/src/Illuminate/Foundation/Http/Middleware/VerifyCsrfToken.php(43): Illuminate\Pipeline\Pipeline->Illuminate\Pipeline\{closure}(Object(Illuminate\Http\Request))
#35 /home/elcorso/public_html/test/app/Http/Middleware/VerifyCsrfToken.php(33): Illuminate\Foundation\Http\Middleware\VerifyCsrfToken->handle(Object(Illuminate\Http\Request), Object(Closure))
#36 /home/elcorso/public_html/test/vendor/laravel/framework/src/Illuminate/Pipeline/Pipeline.php(125): Corso\Http\Middleware\VerifyCsrfToken->handle(Object(Illuminate\Http\Request), Object(Closure))
#37 /home/elcorso/public_html/test/vendor/laravel/framework/src/Illuminate/View/Middleware/ShareErrorsFromSession.php(55): Illuminate\Pipeline\Pipeline->Illuminate\Pipeline\{closure}(Object(Illuminate\Http\Request))
#38 /home/elcorso/public_html/test/vendor/laravel/framework/src/Illuminate/Pipeline/Pipeline.php(125): Illuminate\View\Middleware\ShareErrorsFromSession->handle(Object(Illuminate\Http\Request), Object(Closure))
#39 /home/elcorso/public_html/test/vendor/laravel/framework/src/Illuminate/Session/Middleware/StartSession.php(61): Illuminate\Pipeline\Pipeline->Illuminate\Pipeline\{closure}(Object(Illuminate\Http\Request))
#40 /home/elcorso/public_html/test/vendor/laravel/framework/src/Illuminate/Pipeline/Pipeline.php(125): Illuminate\Session\Middleware\StartSession->handle(Object(Illuminate\Http\Request), Object(Closure))
#41 /home/elcorso/public_html/test/vendor/laravel/framework/src/Illuminate/Cookie/Middleware/AddQueuedCookiesToResponse.php(36): Illuminate\Pipeline\Pipeline->Illuminate\Pipeline\{closure}(Object(Illuminate\Http\Request))
#42 /home/elcorso/public_html/test/vendor/laravel/framework/src/Illuminate/Pipeline/Pipeline.php(125): Illuminate\Cookie\Middleware\AddQueuedCookiesToResponse->handle(Object(Illuminate\Http\Request), Object(Closure))
#43 /home/elcorso/public_html/test/vendor/laravel/framework/src/Illuminate/Cookie/Middleware/EncryptCookies.php(40): Illuminate\Pipeline\Pipeline->Illuminate\Pipeline\{closure}(Object(Illuminate\Http\Request))
#44 /home/elcorso/public_html/test/vendor/laravel/framework/src/Illuminate/Pipeline/Pipeline.php(125): Illuminate\Cookie\Middleware\EncryptCookies->handle(Object(Illuminate\Http\Request), Object(Closure))
#45 /home/elcorso/public_html/test/vendor/laravel/framework/src/Illuminate/Foundation/Http/Middleware/CheckForMaintenanceMode.php(42): Illuminate\Pipeline\Pipeline->Illuminate\Pipeline\{closure}(Object(Illuminate\Http\Request))
#46 /home/elcorso/public_html/test/vendor/laravel/framework/src/Illuminate/Pipeline/Pipeline.php(125): Illuminate\Foundation\Http\Middleware\CheckForMaintenanceMode->handle(Object(Illuminate\Http\Request), Object(Closure))
#47 [internal function]: Illuminate\Pipeline\Pipeline->Illuminate\Pipeline\{closure}(Object(Illuminate\Http\Request))
#48 /home/elcorso/public_html/test/vendor/laravel/framework/src/Illuminate/Pipeline/Pipeline.php(101): call_user_func(Object(Closure), Object(Illuminate\Http\Request))
#49 /home/elcorso/public_html/test/vendor/laravel/framework/src/Illuminate/Foundation/Http/Kernel.php(115): Illuminate\Pipeline\Pipeline->then(Object(Closure))
#50 /home/elcorso/public_html/test/vendor/laravel/framework/src/Illuminate/Foundation/Http/Kernel.php(84): Illuminate\Foundation\Http\Kernel->sendRequestThroughRouter(Object(Illuminate\Http\Request))
#51 /home/elcorso/public_html/test/public/index.php(53): Illuminate\Foundation\Http\Kernel->handle(Object(Illuminate\Http\Request))
#52 {main}  
[2015-07-10 16:39:20] local.ERROR: exception 'PHPExcel_Exception' with message 'Row 2 is out of range (2 - 1)' in /home/elcorso/public_html/test/vendor/phpoffice/phpexcel/Classes/PHPExcel/Worksheet/RowIterator.php:125
Stack trace:
#0 /home/elcorso/public_html/test/vendor/phpoffice/phpexcel/Classes/PHPExcel/Worksheet/RowIterator.php(99): PHPExcel_Worksheet_RowIterator->seek(2)
#1 /home/elcorso/public_html/test/vendor/phpoffice/phpexcel/Classes/PHPExcel/Worksheet/RowIterator.php(81): PHPExcel_Worksheet_RowIterator->resetStart(2)
#2 /home/elcorso/public_html/test/vendor/phpoffice/phpexcel/Classes/PHPExcel/Worksheet.php(2568): PHPExcel_Worksheet_RowIterator->__construct(Object(PHPExcel_Worksheet), 2, NULL)
#3 /home/elcorso/public_html/test/vendor/maatwebsite/excel/src/Maatwebsite/Excel/Parsers/ExcelParser.php(329): PHPExcel_Worksheet->getRowIterator(2)
#4 /home/elcorso/public_html/test/vendor/maatwebsite/excel/src/Maatwebsite/Excel/Parsers/ExcelParser.php(182): Maatwebsite\Excel\Parsers\ExcelParser->parseRows()
#5 /home/elcorso/public_html/test/vendor/maatwebsite/excel/src/Maatwebsite/Excel/Parsers/ExcelParser.php(132): Maatwebsite\Excel\Parsers\ExcelParser->parseWorksheet()
#6 /home/elcorso/public_html/test/vendor/maatwebsite/excel/src/Maatwebsite/Excel/Readers/LaravelExcelReader.php(1024): Maatwebsite\Excel\Parsers\ExcelParser->parseFile(Array)
#7 /home/elcorso/public_html/test/vendor/maatwebsite/excel/src/Maatwebsite/Excel/Readers/LaravelExcelReader.php(473): Maatwebsite\Excel\Readers\LaravelExcelReader->_parseFile(Array)
#8 /home/elcorso/public_html/test/vendor/maatwebsite/excel/src/Maatwebsite/Excel/Readers/LaravelExcelReader.php(440): Maatwebsite\Excel\Readers\LaravelExcelReader->get(Array)
#9 /home/elcorso/public_html/test/app/Http/Controllers/BusinessController.php(71): Maatwebsite\Excel\Readers\LaravelExcelReader->all()
#10 /home/elcorso/public_html/test/app/Http/Controllers/ClaroController.php(135): Corso\Http\Controllers\BusinessController::uploadExcel(Object(Symfony\Component\HttpFoundation\File\UploadedFile), 'claro', 'CICLO2072015.xl...')
#11 [internal function]: Corso\Http\Controllers\ClaroController->importarExcelClaro()
#12 /home/elcorso/public_html/test/vendor/laravel/framework/src/Illuminate/Routing/Controller.php(246): call_user_func_array(Array, Array)
#13 /home/elcorso/public_html/test/vendor/laravel/framework/src/Illuminate/Routing/ControllerDispatcher.php(162): Illuminate\Routing\Controller->callAction('importarExcelCl...', Array)
#14 /home/elcorso/public_html/test/vendor/laravel/framework/src/Illuminate/Routing/ControllerDispatcher.php(107): Illuminate\Routing\ControllerDispatcher->call(Object(Corso\Http\Controllers\ClaroController), Object(Illuminate\Routing\Route), 'importarExcelCl...')
#15 [internal function]: Illuminate\Routing\ControllerDispatcher->Illuminate\Routing\{closure}(Object(Illuminate\Http\Request))
#16 /home/elcorso/public_html/test/vendor/laravel/framework/src/Illuminate/Pipeline/Pipeline.php(141): call_user_func(Object(Closure), Object(Illuminate\Http\Request))
#17 [internal function]: Illuminate\Pipeline\Pipeline->Illuminate\Pipeline\{closure}(Object(Illuminate\Http\Request))
#18 /home/elcorso/public_html/test/vendor/laravel/framework/src/Illuminate/Pipeline/Pipeline.php(101): call_user_func(Object(Closure), Object(Illuminate\Http\Request))
#19 /home/elcorso/public_html/test/vendor/laravel/framework/src/Illuminate/Routing/ControllerDispatcher.php(108): Illuminate\Pipeline\Pipeline->then(Object(Closure))
#20 /home/elcorso/public_html/test/vendor/laravel/framework/src/Illuminate/Routing/ControllerDispatcher.php(67): Illuminate\Routing\ControllerDispatcher->callWithinStack(Object(Corso\Http\Controllers\ClaroController), Object(Illuminate\Routing\Route), Object(Illuminate\Http\Request), 'importarExcelCl...')
#21 /home/elcorso/public_html/test/vendor/laravel/framework/src/Illuminate/Routing/Route.php(204): Illuminate\Routing\ControllerDispatcher->dispatch(Object(Illuminate\Routing\Route), Object(Illuminate\Http\Request), 'Corso\\Http\\Cont...', 'importarExcelCl...')
#22 /home/elcorso/public_html/test/vendor/laravel/framework/src/Illuminate/Routing/Route.php(134): Illuminate\Routing\Route->runWithCustomDispatcher(Object(Illuminate\Http\Request))
#23 /home/elcorso/public_html/test/vendor/laravel/framework/src/Illuminate/Routing/Router.php(701): Illuminate\Routing\Route->run(Object(Illuminate\Http\Request))
#24 [internal function]: Illuminate\Routing\Router->Illuminate\Routing\{closure}(Object(Illuminate\Http\Request))
#25 /home/elcorso/public_html/test/vendor/laravel/framework/src/Illuminate/Pipeline/Pipeline.php(141): call_user_func(Object(Closure), Object(Illuminate\Http\Request))
#26 [internal function]: Illuminate\Pipeline\Pipeline->Illuminate\Pipeline\{closure}(Object(Illuminate\Http\Request))
#27 /home/elcorso/public_html/test/vendor/laravel/framework/src/Illuminate/Pipeline/Pipeline.php(101): call_user_func(Object(Closure), Object(Illuminate\Http\Request))
#28 /home/elcorso/public_html/test/vendor/laravel/framework/src/Illuminate/Routing/Router.php(703): Illuminate\Pipeline\Pipeline->then(Object(Closure))
#29 /home/elcorso/public_html/test/vendor/laravel/framework/src/Illuminate/Routing/Router.php(670): Illuminate\Routing\Router->runRouteWithinStack(Object(Illuminate\Routing\Route), Object(Illuminate\Http\Request))
#30 /home/elcorso/public_html/test/vendor/laravel/framework/src/Illuminate/Routing/Router.php(628): Illuminate\Routing\Router->dispatchToRoute(Object(Illuminate\Http\Request))
#31 /home/elcorso/public_html/test/vendor/laravel/framework/src/Illuminate/Foundation/Http/Kernel.php(214): Illuminate\Routing\Router->dispatch(Object(Illuminate\Http\Request))
#32 [internal function]: Illuminate\Foundation\Http\Kernel->Illuminate\Foundation\Http\{closure}(Object(Illuminate\Http\Request))
#33 /home/elcorso/public_html/test/vendor/laravel/framework/src/Illuminate/Pipeline/Pipeline.php(141): call_user_func(Object(Closure), Object(Illuminate\Http\Request))
#34 /home/elcorso/public_html/test/vendor/laravel/framework/src/Illuminate/Foundation/Http/Middleware/VerifyCsrfToken.php(43): Illuminate\Pipeline\Pipeline->Illuminate\Pipeline\{closure}(Object(Illuminate\Http\Request))
#35 /home/elcorso/public_html/test/app/Http/Middleware/VerifyCsrfToken.php(33): Illuminate\Foundation\Http\Middleware\VerifyCsrfToken->handle(Object(Illuminate\Http\Request), Object(Closure))
#36 /home/elcorso/public_html/test/vendor/laravel/framework/src/Illuminate/Pipeline/Pipeline.php(125): Corso\Http\Middleware\VerifyCsrfToken->handle(Object(Illuminate\Http\Request), Object(Closure))
#37 /home/elcorso/public_html/test/vendor/laravel/framework/src/Illuminate/View/Middleware/ShareErrorsFromSession.php(55): Illuminate\Pipeline\Pipeline->Illuminate\Pipeline\{closure}(Object(Illuminate\Http\Request))
#38 /home/elcorso/public_html/test/vendor/laravel/framework/src/Illuminate/Pipeline/Pipeline.php(125): Illuminate\View\Middleware\ShareErrorsFromSession->handle(Object(Illuminate\Http\Request), Object(Closure))
#39 /home/elcorso/public_html/test/vendor/laravel/framework/src/Illuminate/Session/Middleware/StartSession.php(61): Illuminate\Pipeline\Pipeline->Illuminate\Pipeline\{closure}(Object(Illuminate\Http\Request))
#40 /home/elcorso/public_html/test/vendor/laravel/framework/src/Illuminate/Pipeline/Pipeline.php(125): Illuminate\Session\Middleware\StartSession->handle(Object(Illuminate\Http\Request), Object(Closure))
#41 /home/elcorso/public_html/test/vendor/laravel/framework/src/Illuminate/Cookie/Middleware/AddQueuedCookiesToResponse.php(36): Illuminate\Pipeline\Pipeline->Illuminate\Pipeline\{closure}(Object(Illuminate\Http\Request))
#42 /home/elcorso/public_html/test/vendor/laravel/framework/src/Illuminate/Pipeline/Pipeline.php(125): Illuminate\Cookie\Middleware\AddQueuedCookiesToResponse->handle(Object(Illuminate\Http\Request), Object(Closure))
#43 /home/elcorso/public_html/test/vendor/laravel/framework/src/Illuminate/Cookie/Middleware/EncryptCookies.php(40): Illuminate\Pipeline\Pipeline->Illuminate\Pipeline\{closure}(Object(Illuminate\Http\Request))
#44 /home/elcorso/public_html/test/vendor/laravel/framework/src/Illuminate/Pipeline/Pipeline.php(125): Illuminate\Cookie\Middleware\EncryptCookies->handle(Object(Illuminate\Http\Request), Object(Closure))
#45 /home/elcorso/public_html/test/vendor/laravel/framework/src/Illuminate/Foundation/Http/Middleware/CheckForMaintenanceMode.php(42): Illuminate\Pipeline\Pipeline->Illuminate\Pipeline\{closure}(Object(Illuminate\Http\Request))
#46 /home/elcorso/public_html/test/vendor/laravel/framework/src/Illuminate/Pipeline/Pipeline.php(125): Illuminate\Foundation\Http\Middleware\CheckForMaintenanceMode->handle(Object(Illuminate\Http\Request), Object(Closure))
#47 [internal function]: Illuminate\Pipeline\Pipeline->Illuminate\Pipeline\{closure}(Object(Illuminate\Http\Request))
#48 /home/elcorso/public_html/test/vendor/laravel/framework/src/Illuminate/Pipeline/Pipeline.php(101): call_user_func(Object(Closure), Object(Illuminate\Http\Request))
#49 /home/elcorso/public_html/test/vendor/laravel/framework/src/Illuminate/Foundation/Http/Kernel.php(115): Illuminate\Pipeline\Pipeline->then(Object(Closure))
#50 /home/elcorso/public_html/test/vendor/laravel/framework/src/Illuminate/Foundation/Http/Kernel.php(84): Illuminate\Foundation\Http\Kernel->sendRequestThroughRouter(Object(Illuminate\Http\Request))
#51 /home/elcorso/public_html/test/public/index.php(53): Illuminate\Foundation\Http\Kernel->handle(Object(Illuminate\Http\Request))
#52 {main}  
