[2015-09-06 04:44:42] local.ERROR: exception 'PDOException' with message 'SQLSTATE[HY000] [1045] Access denied for user 'forge'@'localhost' (using password: NO)' in /home/vagrant/Projects/corso/vendor/laravel/framework/src/Illuminate/Database/Connectors/Connector.php:50
Stack trace:
#0 /home/vagrant/Projects/corso/vendor/laravel/framework/src/Illuminate/Database/Connectors/Connector.php(50): PDO->__construct('mysql:host=loca...', 'forge', '', Array)
#1 /home/vagrant/Projects/corso/vendor/laravel/framework/src/Illuminate/Database/Connectors/MySqlConnector.php(22): Illuminate\Database\Connectors\Connector->createConnection('mysql:host=loca...', Array, Array)
#2 /home/vagrant/Projects/corso/bootstrap/cache/compiled.php(11096): Illuminate\Database\Connectors\MySqlConnector->connect(Array)
#3 /home/vagrant/Projects/corso/bootstrap/cache/compiled.php(11092): Illuminate\Database\Connectors\ConnectionFactory->createSingleConnection(Array)
#4 /home/vagrant/Projects/corso/bootstrap/cache/compiled.php(11007): Illuminate\Database\Connectors\ConnectionFactory->make(Array, 'mysql')
#5 /home/vagrant/Projects/corso/bootstrap/cache/compiled.php(10962): Illuminate\Database\DatabaseManager->makeConnection('mysql')
#6 /home/vagrant/Projects/corso/vendor/laravel/framework/src/Illuminate/Database/Migrations/DatabaseMigrationRepository.php(171): Illuminate\Database\DatabaseManager->connection(NULL)
#7 /home/vagrant/Projects/corso/vendor/laravel/framework/src/Illuminate/Database/Migrations/DatabaseMigrationRepository.php(139): Illuminate\Database\Migrations\DatabaseMigrationRepository->getConnection()
#8 /home/vagrant/Projects/corso/vendor/laravel/framework/src/Illuminate/Database/Migrations/Migrator.php(393): Illuminate\Database\Migrations\DatabaseMigrationRepository->repositoryExists()
#9 /home/vagrant/Projects/corso/vendor/laravel/framework/src/Illuminate/Database/Console/Migrations/ResetCommand.php(61): Illuminate\Database\Migrations\Migrator->repositoryExists()
#10 [internal function]: Illuminate\Database\Console\Migrations\ResetCommand->fire()
#11 /home/vagrant/Projects/corso/bootstrap/cache/compiled.php(984): call_user_func_array(Array, Array)
#12 /home/vagrant/Projects/corso/vendor/laravel/framework/src/Illuminate/Console/Command.php(150): Illuminate\Container\Container->call(Array)
#13 /home/vagrant/Projects/corso/vendor/symfony/console/Command/Command.php(259): Illuminate\Console\Command->execute(Object(Symfony\Component\Console\Input\ArrayInput), Object(Illuminate\Console\OutputStyle))
#14 /home/vagrant/Projects/corso/vendor/laravel/framework/src/Illuminate/Console/Command.php(136): Symfony\Component\Console\Command\Command->run(Object(Symfony\Component\Console\Input\ArrayInput), Object(Illuminate\Console\OutputStyle))
#15 /home/vagrant/Projects/corso/vendor/laravel/framework/src/Illuminate/Console/Command.php(166): Illuminate\Console\Command->run(Object(Symfony\Component\Console\Input\ArrayInput), Object(Illuminate\Console\OutputStyle))
#16 /home/vagrant/Projects/corso/vendor/laravel/framework/src/Illuminate/Database/Console/Migrations/RefreshCommand.php(44): Illuminate\Console\Command->call('migrate:reset', Array)
#17 [internal function]: Illuminate\Database\Console\Migrations\RefreshCommand->fire()
#18 /home/vagrant/Projects/corso/bootstrap/cache/compiled.php(984): call_user_func_array(Array, Array)
#19 /home/vagrant/Projects/corso/vendor/laravel/framework/src/Illuminate/Console/Command.php(150): Illuminate\Container\Container->call(Array)
#20 /home/vagrant/Projects/corso/vendor/symfony/console/Command/Command.php(259): Illuminate\Console\Command->execute(Object(Symfony\Component\Console\Input\ArgvInput), Object(Symfony\Component\Console\Output\ConsoleOutput))
#21 /home/vagrant/Projects/corso/vendor/laravel/framework/src/Illuminate/Console/Command.php(136): Symfony\Component\Console\Command\Command->run(Object(Symfony\Component\Console\Input\ArgvInput), Object(Symfony\Component\Console\Output\ConsoleOutput))
#22 /home/vagrant/Projects/corso/vendor/symfony/console/Application.php(878): Illuminate\Console\Command->run(Object(Symfony\Component\Console\Input\ArgvInput), Object(Symfony\Component\Console\Output\ConsoleOutput))
#23 /home/vagrant/Projects/corso/vendor/symfony/console/Application.php(195): Symfony\Component\Console\Application->doRunCommand(Object(Illuminate\Database\Console\Migrations\RefreshCommand), Object(Symfony\Component\Console\Input\ArgvInput), Object(Symfony\Component\Console\Output\ConsoleOutput))
#24 /home/vagrant/Projects/corso/vendor/symfony/console/Application.php(126): Symfony\Component\Console\Application->doRun(Object(Symfony\Component\Console\Input\ArgvInput), Object(Symfony\Component\Console\Output\ConsoleOutput))
#25 /home/vagrant/Projects/corso/vendor/laravel/framework/src/Illuminate/Foundation/Console/Kernel.php(100): Symfony\Component\Console\Application->run(Object(Symfony\Component\Console\Input\ArgvInput), Object(Symfony\Component\Console\Output\ConsoleOutput))
#26 /home/vagrant/Projects/corso/artisan(36): Illuminate\Foundation\Console\Kernel->handle(Object(Symfony\Component\Console\Input\ArgvInput), Object(Symfony\Component\Console\Output\ConsoleOutput))
#27 {main}  
