[2015-08-06 04:14:41] local.ERROR: exception 'PDOException' with message 'SQLSTATE[HY000] [1130] Host '190.42.205.189' is not allowed to connect to this MySQL server' in /home/vagrant/Projects/corso/vendor/laravel/framework/src/Illuminate/Database/Connectors/Connector.php:50
Stack trace:
#0 /home/vagrant/Projects/corso/vendor/laravel/framework/src/Illuminate/Database/Connectors/Connector.php(50): PDO->__construct('mysql:host=184....', 'elcorso_elcorso', '6!Ki2Q]b+=XE', Array)
#1 /home/vagrant/Projects/corso/vendor/laravel/framework/src/Illuminate/Database/Connectors/MySqlConnector.php(22): Illuminate\Database\Connectors\Connector->createConnection('mysql:host=184....', Array, Array)
#2 /home/vagrant/Projects/corso/vendor/laravel/framework/src/Illuminate/Database/Connectors/ConnectionFactory.php(60): Illuminate\Database\Connectors\MySqlConnector->connect(Array)
#3 /home/vagrant/Projects/corso/vendor/laravel/framework/src/Illuminate/Database/Connectors/ConnectionFactory.php(49): Illuminate\Database\Connectors\ConnectionFactory->createSingleConnection(Array)
#4 /home/vagrant/Projects/corso/vendor/laravel/framework/src/Illuminate/Database/DatabaseManager.php(175): Illuminate\Database\Connectors\ConnectionFactory->make(Array, 'mysql')
#5 /home/vagrant/Projects/corso/vendor/laravel/framework/src/Illuminate/Database/DatabaseManager.php(67): Illuminate\Database\DatabaseManager->makeConnection('mysql')
#6 /home/vagrant/Projects/corso/vendor/laravel/framework/src/Illuminate/Database/Eloquent/Model.php(3181): Illuminate\Database\DatabaseManager->connection(NULL)
#7 /home/vagrant/Projects/corso/vendor/laravel/framework/src/Illuminate/Database/Eloquent/Model.php(3147): Illuminate\Database\Eloquent\Model::resolveConnection(NULL)
#8 /home/vagrant/Projects/corso/vendor/laravel/framework/src/Illuminate/Database/Eloquent/Model.php(1895): Illuminate\Database\Eloquent\Model->getConnection()
#9 /home/vagrant/Projects/corso/vendor/laravel/framework/src/Illuminate/Database/Eloquent/Model.php(1838): Illuminate\Database\Eloquent\Model->newBaseQueryBuilder()
#10 /home/vagrant/Projects/corso/vendor/laravel/framework/src/Illuminate/Database/Eloquent/Model.php(1812): Illuminate\Database\Eloquent\Model->newQueryWithoutScopes()
#11 /home/vagrant/Projects/corso/vendor/laravel/framework/src/Illuminate/Auth/EloquentUserProvider.php(92): Illuminate\Database\Eloquent\Model->newQuery()
#12 /home/vagrant/Projects/corso/vendor/laravel/framework/src/Illuminate/Auth/Guard.php(365): Illuminate\Auth\EloquentUserProvider->retrieveByCredentials(Array)
#13 [internal function]: Illuminate\Auth\Guard->attempt(Array, false)
#14 /home/vagrant/Projects/corso/vendor/laravel/framework/src/Illuminate/Support/Manager.php(137): call_user_func_array(Array, Array)
#15 /home/vagrant/Projects/corso/vendor/laravel/framework/src/Illuminate/Support/Facades/Facade.php(213): Illuminate\Support\Manager->__call('attempt', Array)
#16 /home/vagrant/Projects/corso/vendor/laravel/framework/src/Illuminate/Support/Facades/Facade.php(213): Illuminate\Auth\AuthManager->attempt(Array, false)
#17 /home/vagrant/Projects/corso/vendor/laravel/framework/src/Illuminate/Foundation/Auth/AuthenticatesUsers.php(50): Illuminate\Support\Facades\Facade::__callStatic('attempt', Array)
#18 /home/vagrant/Projects/corso/vendor/laravel/framework/src/Illuminate/Foundation/Auth/AuthenticatesUsers.php(50): Illuminate\Support\Facades\Auth::attempt(Array, false)
#19 [internal function]: Corso\Http\Controllers\Auth\AuthController->postLogin(Object(Illuminate\Http\Request))
#20 /home/vagrant/Projects/corso/vendor/laravel/framework/src/Illuminate/Routing/Controller.php(256): call_user_func_array(Array, Array)
#21 /home/vagrant/Projects/corso/vendor/laravel/framework/src/Illuminate/Routing/ControllerDispatcher.php(164): Illuminate\Routing\Controller->callAction('postLogin', Array)
#22 /home/vagrant/Projects/corso/vendor/laravel/framework/src/Illuminate/Routing/ControllerDispatcher.php(112): Illuminate\Routing\ControllerDispatcher->call(Object(Corso\Http\Controllers\Auth\AuthController), Object(Illuminate\Routing\Route), 'postLogin')
#23 [internal function]: Illuminate\Routing\ControllerDispatcher->Illuminate\Routing\{closure}(Object(Illuminate\Http\Request))
#24 /home/vagrant/Projects/corso/vendor/laravel/framework/src/Illuminate/Pipeline/Pipeline.php(139): call_user_func(Object(Closure), Object(Illuminate\Http\Request))
#25 /home/vagrant/Projects/corso/app/Http/Middleware/RedirectIfAuthenticated.php(81): Illuminate\Pipeline\Pipeline->Illuminate\Pipeline\{closure}(Object(Illuminate\Http\Request))
#26 [internal function]: Corso\Http\Middleware\RedirectIfAuthenticated->handle(Object(Illuminate\Http\Request), Object(Closure))
#27 /home/vagrant/Projects/corso/vendor/laravel/framework/src/Illuminate/Pipeline/Pipeline.php(124): call_user_func_array(Array, Array)
#28 [internal function]: Illuminate\Pipeline\Pipeline->Illuminate\Pipeline\{closure}(Object(Illuminate\Http\Request))
#29 /home/vagrant/Projects/corso/vendor/laravel/framework/src/Illuminate/Pipeline/Pipeline.php(103): call_user_func(Object(Closure), Object(Illuminate\Http\Request))
#30 /home/vagrant/Projects/corso/vendor/laravel/framework/src/Illuminate/Routing/ControllerDispatcher.php(114): Illuminate\Pipeline\Pipeline->then(Object(Closure))
#31 /home/vagrant/Projects/corso/vendor/laravel/framework/src/Illuminate/Routing/ControllerDispatcher.php(69): Illuminate\Routing\ControllerDispatcher->callWithinStack(Object(Corso\Http\Controllers\Auth\AuthController), Object(Illuminate\Routing\Route), Object(Illuminate\Http\Request), 'postLogin')
#32 /home/vagrant/Projects/corso/vendor/laravel/framework/src/Illuminate/Routing/Route.php(201): Illuminate\Routing\ControllerDispatcher->dispatch(Object(Illuminate\Routing\Route), Object(Illuminate\Http\Request), 'Corso\\Http\\Cont...', 'postLogin')
#33 /home/vagrant/Projects/corso/vendor/laravel/framework/src/Illuminate/Routing/Route.php(134): Illuminate\Routing\Route->runWithCustomDispatcher(Object(Illuminate\Http\Request))
#34 /home/vagrant/Projects/corso/vendor/laravel/framework/src/Illuminate/Routing/Router.php(704): Illuminate\Routing\Route->run(Object(Illuminate\Http\Request))
#35 [internal function]: Illuminate\Routing\Router->Illuminate\Routing\{closure}(Object(Illuminate\Http\Request))
#36 /home/vagrant/Projects/corso/vendor/laravel/framework/src/Illuminate/Pipeline/Pipeline.php(139): call_user_func(Object(Closure), Object(Illuminate\Http\Request))
#37 [internal function]: Illuminate\Pipeline\Pipeline->Illuminate\Pipeline\{closure}(Object(Illuminate\Http\Request))
#38 /home/vagrant/Projects/corso/vendor/laravel/framework/src/Illuminate/Pipeline/Pipeline.php(103): call_user_func(Object(Closure), Object(Illuminate\Http\Request))
#39 /home/vagrant/Projects/corso/vendor/laravel/framework/src/Illuminate/Routing/Router.php(706): Illuminate\Pipeline\Pipeline->then(Object(Closure))
#40 /home/vagrant/Projects/corso/vendor/laravel/framework/src/Illuminate/Routing/Router.php(671): Illuminate\Routing\Router->runRouteWithinStack(Object(Illuminate\Routing\Route), Object(Illuminate\Http\Request))
#41 /home/vagrant/Projects/corso/vendor/laravel/framework/src/Illuminate/Routing/Router.php(631): Illuminate\Routing\Router->dispatchToRoute(Object(Illuminate\Http\Request))
#42 /home/vagrant/Projects/corso/vendor/laravel/framework/src/Illuminate/Foundation/Http/Kernel.php(236): Illuminate\Routing\Router->dispatch(Object(Illuminate\Http\Request))
#43 [internal function]: Illuminate\Foundation\Http\Kernel->Illuminate\Foundation\Http\{closure}(Object(Illuminate\Http\Request))
#44 /home/vagrant/Projects/corso/vendor/laravel/framework/src/Illuminate/Pipeline/Pipeline.php(139): call_user_func(Object(Closure), Object(Illuminate\Http\Request))
#45 /home/vagrant/Projects/corso/vendor/laravel/framework/src/Illuminate/Foundation/Http/Middleware/VerifyCsrfToken.php(50): Illuminate\Pipeline\Pipeline->Illuminate\Pipeline\{closure}(Object(Illuminate\Http\Request))
#46 /home/vagrant/Projects/corso/app/Http/Middleware/VerifyCsrfToken.php(33): Illuminate\Foundation\Http\Middleware\VerifyCsrfToken->handle(Object(Illuminate\Http\Request), Object(Closure))
#47 [internal function]: Corso\Http\Middleware\VerifyCsrfToken->handle(Object(Illuminate\Http\Request), Object(Closure))
#48 /home/vagrant/Projects/corso/vendor/laravel/framework/src/Illuminate/Pipeline/Pipeline.php(124): call_user_func_array(Array, Array)
#49 /home/vagrant/Projects/corso/vendor/laravel/framework/src/Illuminate/View/Middleware/ShareErrorsFromSession.php(54): Illuminate\Pipeline\Pipeline->Illuminate\Pipeline\{closure}(Object(Illuminate\Http\Request))
#50 [internal function]: Illuminate\View\Middleware\ShareErrorsFromSession->handle(Object(Illuminate\Http\Request), Object(Closure))
#51 /home/vagrant/Projects/corso/vendor/laravel/framework/src/Illuminate/Pipeline/Pipeline.php(124): call_user_func_array(Array, Array)
#52 /home/vagrant/Projects/corso/vendor/laravel/framework/src/Illuminate/Session/Middleware/StartSession.php(62): Illuminate\Pipeline\Pipeline->Illuminate\Pipeline\{closure}(Object(Illuminate\Http\Request))
#53 [internal function]: Illuminate\Session\Middleware\StartSession->handle(Object(Illuminate\Http\Request), Object(Closure))
#54 /home/vagrant/Projects/corso/vendor/laravel/framework/src/Illuminate/Pipeline/Pipeline.php(124): call_user_func_array(Array, Array)
#55 /home/vagrant/Projects/corso/vendor/laravel/framework/src/Illuminate/Cookie/Middleware/AddQueuedCookiesToResponse.php(37): Illuminate\Pipeline\Pipeline->Illuminate\Pipeline\{closure}(Object(Illuminate\Http\Request))
#56 [internal function]: Illuminate\Cookie\Middleware\AddQueuedCookiesToResponse->handle(Object(Illuminate\Http\Request), Object(Closure))
#57 /home/vagrant/Projects/corso/vendor/laravel/framework/src/Illuminate/Pipeline/Pipeline.php(124): call_user_func_array(Array, Array)
#58 /home/vagrant/Projects/corso/vendor/laravel/framework/src/Illuminate/Cookie/Middleware/EncryptCookies.php(59): Illuminate\Pipeline\Pipeline->Illuminate\Pipeline\{closure}(Object(Illuminate\Http\Request))
#59 [internal function]: Illuminate\Cookie\Middleware\EncryptCookies->handle(Object(Illuminate\Http\Request), Object(Closure))
#60 /home/vagrant/Projects/corso/vendor/laravel/framework/src/Illuminate/Pipeline/Pipeline.php(124): call_user_func_array(Array, Array)
#61 /home/vagrant/Projects/corso/vendor/laravel/framework/src/Illuminate/Foundation/Http/Middleware/CheckForMaintenanceMode.php(42): Illuminate\Pipeline\Pipeline->Illuminate\Pipeline\{closure}(Object(Illuminate\Http\Request))
#62 [internal function]: Illuminate\Foundation\Http\Middleware\CheckForMaintenanceMode->handle(Object(Illuminate\Http\Request), Object(Closure))
#63 /home/vagrant/Projects/corso/vendor/laravel/framework/src/Illuminate/Pipeline/Pipeline.php(124): call_user_func_array(Array, Array)
#64 [internal function]: Illuminate\Pipeline\Pipeline->Illuminate\Pipeline\{closure}(Object(Illuminate\Http\Request))
#65 /home/vagrant/Projects/corso/vendor/laravel/framework/src/Illuminate/Pipeline/Pipeline.php(103): call_user_func(Object(Closure), Object(Illuminate\Http\Request))
#66 /home/vagrant/Projects/corso/vendor/laravel/framework/src/Illuminate/Foundation/Http/Kernel.php(122): Illuminate\Pipeline\Pipeline->then(Object(Closure))
#67 /home/vagrant/Projects/corso/vendor/laravel/framework/src/Illuminate/Foundation/Http/Kernel.php(87): Illuminate\Foundation\Http\Kernel->sendRequestThroughRouter(Object(Illuminate\Http\Request))
#68 /home/vagrant/Projects/corso/public/index.php(53): Illuminate\Foundation\Http\Kernel->handle(Object(Illuminate\Http\Request))
#69 {main}  
[2015-08-06 04:17:39] local.ERROR: exception 'PDOException' with message 'SQLSTATE[HY000] [1130] Host '190.42.205.189' is not allowed to connect to this MySQL server' in /home/vagrant/Projects/corso/vendor/laravel/framework/src/Illuminate/Database/Connectors/Connector.php:50
Stack trace:
#0 /home/vagrant/Projects/corso/vendor/laravel/framework/src/Illuminate/Database/Connectors/Connector.php(50): PDO->__construct('mysql:host=184....', 'elcorso_elcorso', '6!Ki2Q]b+=XE', Array)
#1 /home/vagrant/Projects/corso/vendor/laravel/framework/src/Illuminate/Database/Connectors/MySqlConnector.php(22): Illuminate\Database\Connectors\Connector->createConnection('mysql:host=184....', Array, Array)
#2 /home/vagrant/Projects/corso/vendor/laravel/framework/src/Illuminate/Database/Connectors/ConnectionFactory.php(60): Illuminate\Database\Connectors\MySqlConnector->connect(Array)
#3 /home/vagrant/Projects/corso/vendor/laravel/framework/src/Illuminate/Database/Connectors/ConnectionFactory.php(49): Illuminate\Database\Connectors\ConnectionFactory->createSingleConnection(Array)
#4 /home/vagrant/Projects/corso/vendor/laravel/framework/src/Illuminate/Database/DatabaseManager.php(175): Illuminate\Database\Connectors\ConnectionFactory->make(Array, 'mysql')
#5 /home/vagrant/Projects/corso/vendor/laravel/framework/src/Illuminate/Database/DatabaseManager.php(67): Illuminate\Database\DatabaseManager->makeConnection('mysql')
#6 /home/vagrant/Projects/corso/vendor/laravel/framework/src/Illuminate/Database/Eloquent/Model.php(3181): Illuminate\Database\DatabaseManager->connection(NULL)
#7 /home/vagrant/Projects/corso/vendor/laravel/framework/src/Illuminate/Database/Eloquent/Model.php(3147): Illuminate\Database\Eloquent\Model::resolveConnection(NULL)
#8 /home/vagrant/Projects/corso/vendor/laravel/framework/src/Illuminate/Database/Eloquent/Model.php(1895): Illuminate\Database\Eloquent\Model->getConnection()
#9 /home/vagrant/Projects/corso/vendor/laravel/framework/src/Illuminate/Database/Eloquent/Model.php(1838): Illuminate\Database\Eloquent\Model->newBaseQueryBuilder()
#10 /home/vagrant/Projects/corso/vendor/laravel/framework/src/Illuminate/Database/Eloquent/Model.php(1812): Illuminate\Database\Eloquent\Model->newQueryWithoutScopes()
#11 /home/vagrant/Projects/corso/vendor/laravel/framework/src/Illuminate/Auth/EloquentUserProvider.php(92): Illuminate\Database\Eloquent\Model->newQuery()
#12 /home/vagrant/Projects/corso/vendor/laravel/framework/src/Illuminate/Auth/Guard.php(365): Illuminate\Auth\EloquentUserProvider->retrieveByCredentials(Array)
#13 [internal function]: Illuminate\Auth\Guard->attempt(Array, false)
#14 /home/vagrant/Projects/corso/vendor/laravel/framework/src/Illuminate/Support/Manager.php(137): call_user_func_array(Array, Array)
#15 /home/vagrant/Projects/corso/vendor/laravel/framework/src/Illuminate/Support/Facades/Facade.php(213): Illuminate\Support\Manager->__call('attempt', Array)
#16 /home/vagrant/Projects/corso/vendor/laravel/framework/src/Illuminate/Support/Facades/Facade.php(213): Illuminate\Auth\AuthManager->attempt(Array, false)
#17 /home/vagrant/Projects/corso/vendor/laravel/framework/src/Illuminate/Foundation/Auth/AuthenticatesUsers.php(50): Illuminate\Support\Facades\Facade::__callStatic('attempt', Array)
#18 /home/vagrant/Projects/corso/vendor/laravel/framework/src/Illuminate/Foundation/Auth/AuthenticatesUsers.php(50): Illuminate\Support\Facades\Auth::attempt(Array, false)
#19 [internal function]: Corso\Http\Controllers\Auth\AuthController->postLogin(Object(Illuminate\Http\Request))
#20 /home/vagrant/Projects/corso/vendor/laravel/framework/src/Illuminate/Routing/Controller.php(256): call_user_func_array(Array, Array)
#21 /home/vagrant/Projects/corso/vendor/laravel/framework/src/Illuminate/Routing/ControllerDispatcher.php(164): Illuminate\Routing\Controller->callAction('postLogin', Array)
#22 /home/vagrant/Projects/corso/vendor/laravel/framework/src/Illuminate/Routing/ControllerDispatcher.php(112): Illuminate\Routing\ControllerDispatcher->call(Object(Corso\Http\Controllers\Auth\AuthController), Object(Illuminate\Routing\Route), 'postLogin')
#23 [internal function]: Illuminate\Routing\ControllerDispatcher->Illuminate\Routing\{closure}(Object(Illuminate\Http\Request))
#24 /home/vagrant/Projects/corso/vendor/laravel/framework/src/Illuminate/Pipeline/Pipeline.php(139): call_user_func(Object(Closure), Object(Illuminate\Http\Request))
#25 /home/vagrant/Projects/corso/app/Http/Middleware/RedirectIfAuthenticated.php(81): Illuminate\Pipeline\Pipeline->Illuminate\Pipeline\{closure}(Object(Illuminate\Http\Request))
#26 [internal function]: Corso\Http\Middleware\RedirectIfAuthenticated->handle(Object(Illuminate\Http\Request), Object(Closure))
#27 /home/vagrant/Projects/corso/vendor/laravel/framework/src/Illuminate/Pipeline/Pipeline.php(124): call_user_func_array(Array, Array)
#28 [internal function]: Illuminate\Pipeline\Pipeline->Illuminate\Pipeline\{closure}(Object(Illuminate\Http\Request))
#29 /home/vagrant/Projects/corso/vendor/laravel/framework/src/Illuminate/Pipeline/Pipeline.php(103): call_user_func(Object(Closure), Object(Illuminate\Http\Request))
#30 /home/vagrant/Projects/corso/vendor/laravel/framework/src/Illuminate/Routing/ControllerDispatcher.php(114): Illuminate\Pipeline\Pipeline->then(Object(Closure))
#31 /home/vagrant/Projects/corso/vendor/laravel/framework/src/Illuminate/Routing/ControllerDispatcher.php(69): Illuminate\Routing\ControllerDispatcher->callWithinStack(Object(Corso\Http\Controllers\Auth\AuthController), Object(Illuminate\Routing\Route), Object(Illuminate\Http\Request), 'postLogin')
#32 /home/vagrant/Projects/corso/vendor/laravel/framework/src/Illuminate/Routing/Route.php(201): Illuminate\Routing\ControllerDispatcher->dispatch(Object(Illuminate\Routing\Route), Object(Illuminate\Http\Request), 'Corso\\Http\\Cont...', 'postLogin')
#33 /home/vagrant/Projects/corso/vendor/laravel/framework/src/Illuminate/Routing/Route.php(134): Illuminate\Routing\Route->runWithCustomDispatcher(Object(Illuminate\Http\Request))
#34 /home/vagrant/Projects/corso/vendor/laravel/framework/src/Illuminate/Routing/Router.php(704): Illuminate\Routing\Route->run(Object(Illuminate\Http\Request))
#35 [internal function]: Illuminate\Routing\Router->Illuminate\Routing\{closure}(Object(Illuminate\Http\Request))
#36 /home/vagrant/Projects/corso/vendor/laravel/framework/src/Illuminate/Pipeline/Pipeline.php(139): call_user_func(Object(Closure), Object(Illuminate\Http\Request))
#37 [internal function]: Illuminate\Pipeline\Pipeline->Illuminate\Pipeline\{closure}(Object(Illuminate\Http\Request))
#38 /home/vagrant/Projects/corso/vendor/laravel/framework/src/Illuminate/Pipeline/Pipeline.php(103): call_user_func(Object(Closure), Object(Illuminate\Http\Request))
#39 /home/vagrant/Projects/corso/vendor/laravel/framework/src/Illuminate/Routing/Router.php(706): Illuminate\Pipeline\Pipeline->then(Object(Closure))
#40 /home/vagrant/Projects/corso/vendor/laravel/framework/src/Illuminate/Routing/Router.php(671): Illuminate\Routing\Router->runRouteWithinStack(Object(Illuminate\Routing\Route), Object(Illuminate\Http\Request))
#41 /home/vagrant/Projects/corso/vendor/laravel/framework/src/Illuminate/Routing/Router.php(631): Illuminate\Routing\Router->dispatchToRoute(Object(Illuminate\Http\Request))
#42 /home/vagrant/Projects/corso/vendor/laravel/framework/src/Illuminate/Foundation/Http/Kernel.php(236): Illuminate\Routing\Router->dispatch(Object(Illuminate\Http\Request))
#43 [internal function]: Illuminate\Foundation\Http\Kernel->Illuminate\Foundation\Http\{closure}(Object(Illuminate\Http\Request))
#44 /home/vagrant/Projects/corso/vendor/laravel/framework/src/Illuminate/Pipeline/Pipeline.php(139): call_user_func(Object(Closure), Object(Illuminate\Http\Request))
#45 /home/vagrant/Projects/corso/vendor/laravel/framework/src/Illuminate/Foundation/Http/Middleware/VerifyCsrfToken.php(50): Illuminate\Pipeline\Pipeline->Illuminate\Pipeline\{closure}(Object(Illuminate\Http\Request))
#46 /home/vagrant/Projects/corso/app/Http/Middleware/VerifyCsrfToken.php(33): Illuminate\Foundation\Http\Middleware\VerifyCsrfToken->handle(Object(Illuminate\Http\Request), Object(Closure))
#47 [internal function]: Corso\Http\Middleware\VerifyCsrfToken->handle(Object(Illuminate\Http\Request), Object(Closure))
#48 /home/vagrant/Projects/corso/vendor/laravel/framework/src/Illuminate/Pipeline/Pipeline.php(124): call_user_func_array(Array, Array)
#49 /home/vagrant/Projects/corso/vendor/laravel/framework/src/Illuminate/View/Middleware/ShareErrorsFromSession.php(54): Illuminate\Pipeline\Pipeline->Illuminate\Pipeline\{closure}(Object(Illuminate\Http\Request))
#50 [internal function]: Illuminate\View\Middleware\ShareErrorsFromSession->handle(Object(Illuminate\Http\Request), Object(Closure))
#51 /home/vagrant/Projects/corso/vendor/laravel/framework/src/Illuminate/Pipeline/Pipeline.php(124): call_user_func_array(Array, Array)
#52 /home/vagrant/Projects/corso/vendor/laravel/framework/src/Illuminate/Session/Middleware/StartSession.php(62): Illuminate\Pipeline\Pipeline->Illuminate\Pipeline\{closure}(Object(Illuminate\Http\Request))
#53 [internal function]: Illuminate\Session\Middleware\StartSession->handle(Object(Illuminate\Http\Request), Object(Closure))
#54 /home/vagrant/Projects/corso/vendor/laravel/framework/src/Illuminate/Pipeline/Pipeline.php(124): call_user_func_array(Array, Array)
#55 /home/vagrant/Projects/corso/vendor/laravel/framework/src/Illuminate/Cookie/Middleware/AddQueuedCookiesToResponse.php(37): Illuminate\Pipeline\Pipeline->Illuminate\Pipeline\{closure}(Object(Illuminate\Http\Request))
#56 [internal function]: Illuminate\Cookie\Middleware\AddQueuedCookiesToResponse->handle(Object(Illuminate\Http\Request), Object(Closure))
#57 /home/vagrant/Projects/corso/vendor/laravel/framework/src/Illuminate/Pipeline/Pipeline.php(124): call_user_func_array(Array, Array)
#58 /home/vagrant/Projects/corso/vendor/laravel/framework/src/Illuminate/Cookie/Middleware/EncryptCookies.php(59): Illuminate\Pipeline\Pipeline->Illuminate\Pipeline\{closure}(Object(Illuminate\Http\Request))
#59 [internal function]: Illuminate\Cookie\Middleware\EncryptCookies->handle(Object(Illuminate\Http\Request), Object(Closure))
#60 /home/vagrant/Projects/corso/vendor/laravel/framework/src/Illuminate/Pipeline/Pipeline.php(124): call_user_func_array(Array, Array)
#61 /home/vagrant/Projects/corso/vendor/laravel/framework/src/Illuminate/Foundation/Http/Middleware/CheckForMaintenanceMode.php(42): Illuminate\Pipeline\Pipeline->Illuminate\Pipeline\{closure}(Object(Illuminate\Http\Request))
#62 [internal function]: Illuminate\Foundation\Http\Middleware\CheckForMaintenanceMode->handle(Object(Illuminate\Http\Request), Object(Closure))
#63 /home/vagrant/Projects/corso/vendor/laravel/framework/src/Illuminate/Pipeline/Pipeline.php(124): call_user_func_array(Array, Array)
#64 [internal function]: Illuminate\Pipeline\Pipeline->Illuminate\Pipeline\{closure}(Object(Illuminate\Http\Request))
#65 /home/vagrant/Projects/corso/vendor/laravel/framework/src/Illuminate/Pipeline/Pipeline.php(103): call_user_func(Object(Closure), Object(Illuminate\Http\Request))
#66 /home/vagrant/Projects/corso/vendor/laravel/framework/src/Illuminate/Foundation/Http/Kernel.php(122): Illuminate\Pipeline\Pipeline->then(Object(Closure))
#67 /home/vagrant/Projects/corso/vendor/laravel/framework/src/Illuminate/Foundation/Http/Kernel.php(87): Illuminate\Foundation\Http\Kernel->sendRequestThroughRouter(Object(Illuminate\Http\Request))
#68 /home/vagrant/Projects/corso/public/index.php(53): Illuminate\Foundation\Http\Kernel->handle(Object(Illuminate\Http\Request))
#69 {main}  
