[2015-09-10 03:41:22] local.ERROR: exception 'ErrorException' with message 'Undefined offset: 1' in /var/www/html/corso/app/Http/Controllers/ClaroController.php:116
Stack trace:
#0 /var/www/html/corso/app/Http/Controllers/ClaroController.php(116): Illuminate\Foundation\Bootstrap\HandleExceptions->handleError(8, 'Undefined offse...', '/var/www/html/c...', 116, Array)
#1 [internal function]: Corso\Http\Controllers\ClaroController->dataProduct()
#2 /var/www/html/corso/vendor/laravel/framework/src/Illuminate/Routing/Controller.php(256): call_user_func_array(Array, Array)
#3 /var/www/html/corso/vendor/laravel/framework/src/Illuminate/Routing/ControllerDispatcher.php(164): Illuminate\Routing\Controller->callAction('dataProduct', Array)
#4 /var/www/html/corso/vendor/laravel/framework/src/Illuminate/Routing/ControllerDispatcher.php(112): Illuminate\Routing\ControllerDispatcher->call(Object(Corso\Http\Controllers\ClaroController), Object(Illuminate\Routing\Route), 'dataProduct')
#5 [internal function]: Illuminate\Routing\ControllerDispatcher->Illuminate\Routing\{closure}(Object(Illuminate\Http\Request))
#6 /var/www/html/corso/vendor/laravel/framework/src/Illuminate/Pipeline/Pipeline.php(139): call_user_func(Object(Closure), Object(Illuminate\Http\Request))
#7 [internal function]: Illuminate\Pipeline\Pipeline->Illuminate\Pipeline\{closure}(Object(Illuminate\Http\Request))
#8 /var/www/html/corso/vendor/laravel/framework/src/Illuminate/Pipeline/Pipeline.php(103): call_user_func(Object(Closure), Object(Illuminate\Http\Request))
#9 /var/www/html/corso/vendor/laravel/framework/src/Illuminate/Routing/ControllerDispatcher.php(114): Illuminate\Pipeline\Pipeline->then(Object(Closure))
#10 /var/www/html/corso/vendor/laravel/framework/src/Illuminate/Routing/ControllerDispatcher.php(69): Illuminate\Routing\ControllerDispatcher->callWithinStack(Object(Corso\Http\Controllers\ClaroController), Object(Illuminate\Routing\Route), Object(Illuminate\Http\Request), 'dataProduct')
#11 /var/www/html/corso/vendor/laravel/framework/src/Illuminate/Routing/Route.php(201): Illuminate\Routing\ControllerDispatcher->dispatch(Object(Illuminate\Routing\Route), Object(Illuminate\Http\Request), 'Corso\\Http\\Cont...', 'dataProduct')
#12 /var/www/html/corso/vendor/laravel/framework/src/Illuminate/Routing/Route.php(134): Illuminate\Routing\Route->runWithCustomDispatcher(Object(Illuminate\Http\Request))
#13 /var/www/html/corso/vendor/laravel/framework/src/Illuminate/Routing/Router.php(704): Illuminate\Routing\Route->run(Object(Illuminate\Http\Request))
#14 [internal function]: Illuminate\Routing\Router->Illuminate\Routing\{closure}(Object(Illuminate\Http\Request))
#15 /var/www/html/corso/vendor/laravel/framework/src/Illuminate/Pipeline/Pipeline.php(139): call_user_func(Object(Closure), Object(Illuminate\Http\Request))
#16 [internal function]: Illuminate\Pipeline\Pipeline->Illuminate\Pipeline\{closure}(Object(Illuminate\Http\Request))
#17 /var/www/html/corso/vendor/laravel/framework/src/Illuminate/Pipeline/Pipeline.php(103): call_user_func(Object(Closure), Object(Illuminate\Http\Request))
#18 /var/www/html/corso/vendor/laravel/framework/src/Illuminate/Routing/Router.php(706): Illuminate\Pipeline\Pipeline->then(Object(Closure))
#19 /var/www/html/corso/vendor/laravel/framework/src/Illuminate/Routing/Router.php(671): Illuminate\Routing\Router->runRouteWithinStack(Object(Illuminate\Routing\Route), Object(Illuminate\Http\Request))
#20 /var/www/html/corso/vendor/laravel/framework/src/Illuminate/Routing/Router.php(631): Illuminate\Routing\Router->dispatchToRoute(Object(Illuminate\Http\Request))
#21 /var/www/html/corso/vendor/laravel/framework/src/Illuminate/Foundation/Http/Kernel.php(236): Illuminate\Routing\Router->dispatch(Object(Illuminate\Http\Request))
#22 [internal function]: Illuminate\Foundation\Http\Kernel->Illuminate\Foundation\Http\{closure}(Object(Illuminate\Http\Request))
#23 /var/www/html/corso/vendor/laravel/framework/src/Illuminate/Pipeline/Pipeline.php(139): call_user_func(Object(Closure), Object(Illuminate\Http\Request))
#24 /var/www/html/corso/vendor/laravel/framework/src/Illuminate/Foundation/Http/Middleware/VerifyCsrfToken.php(50): Illuminate\Pipeline\Pipeline->Illuminate\Pipeline\{closure}(Object(Illuminate\Http\Request))
#25 /var/www/html/corso/app/Http/Middleware/VerifyCsrfToken.php(33): Illuminate\Foundation\Http\Middleware\VerifyCsrfToken->handle(Object(Illuminate\Http\Request), Object(Closure))
#26 [internal function]: Corso\Http\Middleware\VerifyCsrfToken->handle(Object(Illuminate\Http\Request), Object(Closure))
#27 /var/www/html/corso/vendor/laravel/framework/src/Illuminate/Pipeline/Pipeline.php(124): call_user_func_array(Array, Array)
#28 /var/www/html/corso/vendor/laravel/framework/src/Illuminate/View/Middleware/ShareErrorsFromSession.php(54): Illuminate\Pipeline\Pipeline->Illuminate\Pipeline\{closure}(Object(Illuminate\Http\Request))
#29 [internal function]: Illuminate\View\Middleware\ShareErrorsFromSession->handle(Object(Illuminate\Http\Request), Object(Closure))
#30 /var/www/html/corso/vendor/laravel/framework/src/Illuminate/Pipeline/Pipeline.php(124): call_user_func_array(Array, Array)
#31 /var/www/html/corso/vendor/laravel/framework/src/Illuminate/Session/Middleware/StartSession.php(62): Illuminate\Pipeline\Pipeline->Illuminate\Pipeline\{closure}(Object(Illuminate\Http\Request))
#32 [internal function]: Illuminate\Session\Middleware\StartSession->handle(Object(Illuminate\Http\Request), Object(Closure))
#33 /var/www/html/corso/vendor/laravel/framework/src/Illuminate/Pipeline/Pipeline.php(124): call_user_func_array(Array, Array)
#34 /var/www/html/corso/vendor/laravel/framework/src/Illuminate/Cookie/Middleware/AddQueuedCookiesToResponse.php(37): Illuminate\Pipeline\Pipeline->Illuminate\Pipeline\{closure}(Object(Illuminate\Http\Request))
#35 [internal function]: Illuminate\Cookie\Middleware\AddQueuedCookiesToResponse->handle(Object(Illuminate\Http\Request), Object(Closure))
#36 /var/www/html/corso/vendor/laravel/framework/src/Illuminate/Pipeline/Pipeline.php(124): call_user_func_array(Array, Array)
#37 /var/www/html/corso/vendor/laravel/framework/src/Illuminate/Cookie/Middleware/EncryptCookies.php(59): Illuminate\Pipeline\Pipeline->Illuminate\Pipeline\{closure}(Object(Illuminate\Http\Request))
#38 [internal function]: Illuminate\Cookie\Middleware\EncryptCookies->handle(Object(Illuminate\Http\Request), Object(Closure))
#39 /var/www/html/corso/vendor/laravel/framework/src/Illuminate/Pipeline/Pipeline.php(124): call_user_func_array(Array, Array)
#40 /var/www/html/corso/vendor/laravel/framework/src/Illuminate/Foundation/Http/Middleware/CheckForMaintenanceMode.php(42): Illuminate\Pipeline\Pipeline->Illuminate\Pipeline\{closure}(Object(Illuminate\Http\Request))
#41 [internal function]: Illuminate\Foundation\Http\Middleware\CheckForMaintenanceMode->handle(Object(Illuminate\Http\Request), Object(Closure))
#42 /var/www/html/corso/vendor/laravel/framework/src/Illuminate/Pipeline/Pipeline.php(124): call_user_func_array(Array, Array)
#43 [internal function]: Illuminate\Pipeline\Pipeline->Illuminate\Pipeline\{closure}(Object(Illuminate\Http\Request))
#44 /var/www/html/corso/vendor/laravel/framework/src/Illuminate/Pipeline/Pipeline.php(103): call_user_func(Object(Closure), Object(Illuminate\Http\Request))
#45 /var/www/html/corso/vendor/laravel/framework/src/Illuminate/Foundation/Http/Kernel.php(122): Illuminate\Pipeline\Pipeline->then(Object(Closure))
#46 /var/www/html/corso/vendor/laravel/framework/src/Illuminate/Foundation/Http/Kernel.php(87): Illuminate\Foundation\Http\Kernel->sendRequestThroughRouter(Object(Illuminate\Http\Request))
#47 /var/www/html/corso/public/index.php(53): Illuminate\Foundation\Http\Kernel->handle(Object(Illuminate\Http\Request))
#48 {main}  
[2015-09-10 03:41:39] local.ERROR: exception 'ErrorException' with message 'Undefined offset: 1' in /var/www/html/corso/app/Http/Controllers/ClaroController.php:116
Stack trace:
#0 /var/www/html/corso/app/Http/Controllers/ClaroController.php(116): Illuminate\Foundation\Bootstrap\HandleExceptions->handleError(8, 'Undefined offse...', '/var/www/html/c...', 116, Array)
#1 [internal function]: Corso\Http\Controllers\ClaroController->dataProduct()
#2 /var/www/html/corso/vendor/laravel/framework/src/Illuminate/Routing/Controller.php(256): call_user_func_array(Array, Array)
#3 /var/www/html/corso/vendor/laravel/framework/src/Illuminate/Routing/ControllerDispatcher.php(164): Illuminate\Routing\Controller->callAction('dataProduct', Array)
#4 /var/www/html/corso/vendor/laravel/framework/src/Illuminate/Routing/ControllerDispatcher.php(112): Illuminate\Routing\ControllerDispatcher->call(Object(Corso\Http\Controllers\ClaroController), Object(Illuminate\Routing\Route), 'dataProduct')
#5 [internal function]: Illuminate\Routing\ControllerDispatcher->Illuminate\Routing\{closure}(Object(Illuminate\Http\Request))
#6 /var/www/html/corso/vendor/laravel/framework/src/Illuminate/Pipeline/Pipeline.php(139): call_user_func(Object(Closure), Object(Illuminate\Http\Request))
#7 [internal function]: Illuminate\Pipeline\Pipeline->Illuminate\Pipeline\{closure}(Object(Illuminate\Http\Request))
#8 /var/www/html/corso/vendor/laravel/framework/src/Illuminate/Pipeline/Pipeline.php(103): call_user_func(Object(Closure), Object(Illuminate\Http\Request))
#9 /var/www/html/corso/vendor/laravel/framework/src/Illuminate/Routing/ControllerDispatcher.php(114): Illuminate\Pipeline\Pipeline->then(Object(Closure))
#10 /var/www/html/corso/vendor/laravel/framework/src/Illuminate/Routing/ControllerDispatcher.php(69): Illuminate\Routing\ControllerDispatcher->callWithinStack(Object(Corso\Http\Controllers\ClaroController), Object(Illuminate\Routing\Route), Object(Illuminate\Http\Request), 'dataProduct')
#11 /var/www/html/corso/vendor/laravel/framework/src/Illuminate/Routing/Route.php(201): Illuminate\Routing\ControllerDispatcher->dispatch(Object(Illuminate\Routing\Route), Object(Illuminate\Http\Request), 'Corso\\Http\\Cont...', 'dataProduct')
#12 /var/www/html/corso/vendor/laravel/framework/src/Illuminate/Routing/Route.php(134): Illuminate\Routing\Route->runWithCustomDispatcher(Object(Illuminate\Http\Request))
#13 /var/www/html/corso/vendor/laravel/framework/src/Illuminate/Routing/Router.php(704): Illuminate\Routing\Route->run(Object(Illuminate\Http\Request))
#14 [internal function]: Illuminate\Routing\Router->Illuminate\Routing\{closure}(Object(Illuminate\Http\Request))
#15 /var/www/html/corso/vendor/laravel/framework/src/Illuminate/Pipeline/Pipeline.php(139): call_user_func(Object(Closure), Object(Illuminate\Http\Request))
#16 [internal function]: Illuminate\Pipeline\Pipeline->Illuminate\Pipeline\{closure}(Object(Illuminate\Http\Request))
#17 /var/www/html/corso/vendor/laravel/framework/src/Illuminate/Pipeline/Pipeline.php(103): call_user_func(Object(Closure), Object(Illuminate\Http\Request))
#18 /var/www/html/corso/vendor/laravel/framework/src/Illuminate/Routing/Router.php(706): Illuminate\Pipeline\Pipeline->then(Object(Closure))
#19 /var/www/html/corso/vendor/laravel/framework/src/Illuminate/Routing/Router.php(671): Illuminate\Routing\Router->runRouteWithinStack(Object(Illuminate\Routing\Route), Object(Illuminate\Http\Request))
#20 /var/www/html/corso/vendor/laravel/framework/src/Illuminate/Routing/Router.php(631): Illuminate\Routing\Router->dispatchToRoute(Object(Illuminate\Http\Request))
#21 /var/www/html/corso/vendor/laravel/framework/src/Illuminate/Foundation/Http/Kernel.php(236): Illuminate\Routing\Router->dispatch(Object(Illuminate\Http\Request))
#22 [internal function]: Illuminate\Foundation\Http\Kernel->Illuminate\Foundation\Http\{closure}(Object(Illuminate\Http\Request))
#23 /var/www/html/corso/vendor/laravel/framework/src/Illuminate/Pipeline/Pipeline.php(139): call_user_func(Object(Closure), Object(Illuminate\Http\Request))
#24 /var/www/html/corso/vendor/laravel/framework/src/Illuminate/Foundation/Http/Middleware/VerifyCsrfToken.php(50): Illuminate\Pipeline\Pipeline->Illuminate\Pipeline\{closure}(Object(Illuminate\Http\Request))
#25 /var/www/html/corso/app/Http/Middleware/VerifyCsrfToken.php(33): Illuminate\Foundation\Http\Middleware\VerifyCsrfToken->handle(Object(Illuminate\Http\Request), Object(Closure))
#26 [internal function]: Corso\Http\Middleware\VerifyCsrfToken->handle(Object(Illuminate\Http\Request), Object(Closure))
#27 /var/www/html/corso/vendor/laravel/framework/src/Illuminate/Pipeline/Pipeline.php(124): call_user_func_array(Array, Array)
#28 /var/www/html/corso/vendor/laravel/framework/src/Illuminate/View/Middleware/ShareErrorsFromSession.php(54): Illuminate\Pipeline\Pipeline->Illuminate\Pipeline\{closure}(Object(Illuminate\Http\Request))
#29 [internal function]: Illuminate\View\Middleware\ShareErrorsFromSession->handle(Object(Illuminate\Http\Request), Object(Closure))
#30 /var/www/html/corso/vendor/laravel/framework/src/Illuminate/Pipeline/Pipeline.php(124): call_user_func_array(Array, Array)
#31 /var/www/html/corso/vendor/laravel/framework/src/Illuminate/Session/Middleware/StartSession.php(62): Illuminate\Pipeline\Pipeline->Illuminate\Pipeline\{closure}(Object(Illuminate\Http\Request))
#32 [internal function]: Illuminate\Session\Middleware\StartSession->handle(Object(Illuminate\Http\Request), Object(Closure))
#33 /var/www/html/corso/vendor/laravel/framework/src/Illuminate/Pipeline/Pipeline.php(124): call_user_func_array(Array, Array)
#34 /var/www/html/corso/vendor/laravel/framework/src/Illuminate/Cookie/Middleware/AddQueuedCookiesToResponse.php(37): Illuminate\Pipeline\Pipeline->Illuminate\Pipeline\{closure}(Object(Illuminate\Http\Request))
#35 [internal function]: Illuminate\Cookie\Middleware\AddQueuedCookiesToResponse->handle(Object(Illuminate\Http\Request), Object(Closure))
#36 /var/www/html/corso/vendor/laravel/framework/src/Illuminate/Pipeline/Pipeline.php(124): call_user_func_array(Array, Array)
#37 /var/www/html/corso/vendor/laravel/framework/src/Illuminate/Cookie/Middleware/EncryptCookies.php(59): Illuminate\Pipeline\Pipeline->Illuminate\Pipeline\{closure}(Object(Illuminate\Http\Request))
#38 [internal function]: Illuminate\Cookie\Middleware\EncryptCookies->handle(Object(Illuminate\Http\Request), Object(Closure))
#39 /var/www/html/corso/vendor/laravel/framework/src/Illuminate/Pipeline/Pipeline.php(124): call_user_func_array(Array, Array)
#40 /var/www/html/corso/vendor/laravel/framework/src/Illuminate/Foundation/Http/Middleware/CheckForMaintenanceMode.php(42): Illuminate\Pipeline\Pipeline->Illuminate\Pipeline\{closure}(Object(Illuminate\Http\Request))
#41 [internal function]: Illuminate\Foundation\Http\Middleware\CheckForMaintenanceMode->handle(Object(Illuminate\Http\Request), Object(Closure))
#42 /var/www/html/corso/vendor/laravel/framework/src/Illuminate/Pipeline/Pipeline.php(124): call_user_func_array(Array, Array)
#43 [internal function]: Illuminate\Pipeline\Pipeline->Illuminate\Pipeline\{closure}(Object(Illuminate\Http\Request))
#44 /var/www/html/corso/vendor/laravel/framework/src/Illuminate/Pipeline/Pipeline.php(103): call_user_func(Object(Closure), Object(Illuminate\Http\Request))
#45 /var/www/html/corso/vendor/laravel/framework/src/Illuminate/Foundation/Http/Kernel.php(122): Illuminate\Pipeline\Pipeline->then(Object(Closure))
#46 /var/www/html/corso/vendor/laravel/framework/src/Illuminate/Foundation/Http/Kernel.php(87): Illuminate\Foundation\Http\Kernel->sendRequestThroughRouter(Object(Illuminate\Http\Request))
#47 /var/www/html/corso/public/index.php(53): Illuminate\Foundation\Http\Kernel->handle(Object(Illuminate\Http\Request))
#48 {main}  
[2015-09-10 03:41:47] local.ERROR: exception 'PDOException' with message 'SQLSTATE[42S22]: Column not found: 1054 Unknown column 'statuses.2' in 'where clause'' in /var/www/html/corso/vendor/laravel/framework/src/Illuminate/Database/Connection.php:310
Stack trace:
#0 /var/www/html/corso/vendor/laravel/framework/src/Illuminate/Database/Connection.php(310): PDO->prepare('select * from `...')
#1 /var/www/html/corso/vendor/laravel/framework/src/Illuminate/Database/Connection.php(629): Illuminate\Database\Connection->Illuminate\Database\{closure}(Object(Illuminate\Database\MySqlConnection), 'select * from `...', Array)
#2 /var/www/html/corso/vendor/laravel/framework/src/Illuminate/Database/Connection.php(596): Illuminate\Database\Connection->runQueryCallback('select * from `...', Array, Object(Closure))
#3 /var/www/html/corso/vendor/laravel/framework/src/Illuminate/Database/Connection.php(315): Illuminate\Database\Connection->run('select * from `...', Array, Object(Closure))
#4 /var/www/html/corso/vendor/laravel/framework/src/Illuminate/Database/Query/Builder.php(1389): Illuminate\Database\Connection->select('select * from `...', Array, true)
#5 /var/www/html/corso/vendor/laravel/framework/src/Illuminate/Database/Query/Builder.php(1379): Illuminate\Database\Query\Builder->runSelect()
#6 /var/www/html/corso/vendor/laravel/framework/src/Illuminate/Database/Query/Builder.php(1364): Illuminate\Database\Query\Builder->getFresh(Array)
#7 /var/www/html/corso/vendor/laravel/framework/src/Illuminate/Database/Eloquent/Builder.php(409): Illuminate\Database\Query\Builder->get(Array)
#8 /var/www/html/corso/vendor/laravel/framework/src/Illuminate/Database/Eloquent/Builder.php(168): Illuminate\Database\Eloquent\Builder->getModels(Array)
#9 [internal function]: Illuminate\Database\Eloquent\Builder->get()
#10 /var/www/html/corso/vendor/laravel/framework/src/Illuminate/Database/Eloquent/Relations/Relation.php(284): call_user_func_array(Array, Array)
#11 /var/www/html/corso/vendor/laravel/framework/src/Illuminate/Database/Eloquent/Relations/Relation.php(105): Illuminate\Database\Eloquent\Relations\Relation->__call('get', Array)
#12 /var/www/html/corso/vendor/laravel/framework/src/Illuminate/Database/Eloquent/Relations/Relation.php(105): Illuminate\Database\Eloquent\Relations\BelongsTo->get()
#13 /var/www/html/corso/vendor/laravel/framework/src/Illuminate/Database/Eloquent/Builder.php(460): Illuminate\Database\Eloquent\Relations\Relation->getEager()
#14 /var/www/html/corso/vendor/laravel/framework/src/Illuminate/Database/Eloquent/Builder.php(429): Illuminate\Database\Eloquent\Builder->loadRelation(Array, 'status', Object(Closure))
#15 /var/www/html/corso/vendor/laravel/framework/src/Illuminate/Database/Eloquent/Builder.php(174): Illuminate\Database\Eloquent\Builder->eagerLoadRelations(Array)
#16 /var/www/html/corso/app/Http/Controllers/ClaroController.php(122): Illuminate\Database\Eloquent\Builder->get()
#17 [internal function]: Corso\Http\Controllers\ClaroController->dataProduct()
#18 /var/www/html/corso/vendor/laravel/framework/src/Illuminate/Routing/Controller.php(256): call_user_func_array(Array, Array)
#19 /var/www/html/corso/vendor/laravel/framework/src/Illuminate/Routing/ControllerDispatcher.php(164): Illuminate\Routing\Controller->callAction('dataProduct', Array)
#20 /var/www/html/corso/vendor/laravel/framework/src/Illuminate/Routing/ControllerDispatcher.php(112): Illuminate\Routing\ControllerDispatcher->call(Object(Corso\Http\Controllers\ClaroController), Object(Illuminate\Routing\Route), 'dataProduct')
#21 [internal function]: Illuminate\Routing\ControllerDispatcher->Illuminate\Routing\{closure}(Object(Illuminate\Http\Request))
#22 /var/www/html/corso/vendor/laravel/framework/src/Illuminate/Pipeline/Pipeline.php(139): call_user_func(Object(Closure), Object(Illuminate\Http\Request))
#23 [internal function]: Illuminate\Pipeline\Pipeline->Illuminate\Pipeline\{closure}(Object(Illuminate\Http\Request))
#24 /var/www/html/corso/vendor/laravel/framework/src/Illuminate/Pipeline/Pipeline.php(103): call_user_func(Object(Closure), Object(Illuminate\Http\Request))
#25 /var/www/html/corso/vendor/laravel/framework/src/Illuminate/Routing/ControllerDispatcher.php(114): Illuminate\Pipeline\Pipeline->then(Object(Closure))
#26 /var/www/html/corso/vendor/laravel/framework/src/Illuminate/Routing/ControllerDispatcher.php(69): Illuminate\Routing\ControllerDispatcher->callWithinStack(Object(Corso\Http\Controllers\ClaroController), Object(Illuminate\Routing\Route), Object(Illuminate\Http\Request), 'dataProduct')
#27 /var/www/html/corso/vendor/laravel/framework/src/Illuminate/Routing/Route.php(201): Illuminate\Routing\ControllerDispatcher->dispatch(Object(Illuminate\Routing\Route), Object(Illuminate\Http\Request), 'Corso\\Http\\Cont...', 'dataProduct')
#28 /var/www/html/corso/vendor/laravel/framework/src/Illuminate/Routing/Route.php(134): Illuminate\Routing\Route->runWithCustomDispatcher(Object(Illuminate\Http\Request))
#29 /var/www/html/corso/vendor/laravel/framework/src/Illuminate/Routing/Router.php(704): Illuminate\Routing\Route->run(Object(Illuminate\Http\Request))
#30 [internal function]: Illuminate\Routing\Router->Illuminate\Routing\{closure}(Object(Illuminate\Http\Request))
#31 /var/www/html/corso/vendor/laravel/framework/src/Illuminate/Pipeline/Pipeline.php(139): call_user_func(Object(Closure), Object(Illuminate\Http\Request))
#32 [internal function]: Illuminate\Pipeline\Pipeline->Illuminate\Pipeline\{closure}(Object(Illuminate\Http\Request))
#33 /var/www/html/corso/vendor/laravel/framework/src/Illuminate/Pipeline/Pipeline.php(103): call_user_func(Object(Closure), Object(Illuminate\Http\Request))
#34 /var/www/html/corso/vendor/laravel/framework/src/Illuminate/Routing/Router.php(706): Illuminate\Pipeline\Pipeline->then(Object(Closure))
#35 /var/www/html/corso/vendor/laravel/framework/src/Illuminate/Routing/Router.php(671): Illuminate\Routing\Router->runRouteWithinStack(Object(Illuminate\Routing\Route), Object(Illuminate\Http\Request))
#36 /var/www/html/corso/vendor/laravel/framework/src/Illuminate/Routing/Router.php(631): Illuminate\Routing\Router->dispatchToRoute(Object(Illuminate\Http\Request))
#37 /var/www/html/corso/vendor/laravel/framework/src/Illuminate/Foundation/Http/Kernel.php(236): Illuminate\Routing\Router->dispatch(Object(Illuminate\Http\Request))
#38 [internal function]: Illuminate\Foundation\Http\Kernel->Illuminate\Foundation\Http\{closure}(Object(Illuminate\Http\Request))
#39 /var/www/html/corso/vendor/laravel/framework/src/Illuminate/Pipeline/Pipeline.php(139): call_user_func(Object(Closure), Object(Illuminate\Http\Request))
#40 /var/www/html/corso/vendor/laravel/framework/src/Illuminate/Foundation/Http/Middleware/VerifyCsrfToken.php(50): Illuminate\Pipeline\Pipeline->Illuminate\Pipeline\{closure}(Object(Illuminate\Http\Request))
#41 /var/www/html/corso/app/Http/Middleware/VerifyCsrfToken.php(33): Illuminate\Foundation\Http\Middleware\VerifyCsrfToken->handle(Object(Illuminate\Http\Request), Object(Closure))
#42 [internal function]: Corso\Http\Middleware\VerifyCsrfToken->handle(Object(Illuminate\Http\Request), Object(Closure))
#43 /var/www/html/corso/vendor/laravel/framework/src/Illuminate/Pipeline/Pipeline.php(124): call_user_func_array(Array, Array)
#44 /var/www/html/corso/vendor/laravel/framework/src/Illuminate/View/Middleware/ShareErrorsFromSession.php(54): Illuminate\Pipeline\Pipeline->Illuminate\Pipeline\{closure}(Object(Illuminate\Http\Request))
#45 [internal function]: Illuminate\View\Middleware\ShareErrorsFromSession->handle(Object(Illuminate\Http\Request), Object(Closure))
#46 /var/www/html/corso/vendor/laravel/framework/src/Illuminate/Pipeline/Pipeline.php(124): call_user_func_array(Array, Array)
#47 /var/www/html/corso/vendor/laravel/framework/src/Illuminate/Session/Middleware/StartSession.php(62): Illuminate\Pipeline\Pipeline->Illuminate\Pipeline\{closure}(Object(Illuminate\Http\Request))
#48 [internal function]: Illuminate\Session\Middleware\StartSession->handle(Object(Illuminate\Http\Request), Object(Closure))
#49 /var/www/html/corso/vendor/laravel/framework/src/Illuminate/Pipeline/Pipeline.php(124): call_user_func_array(Array, Array)
#50 /var/www/html/corso/vendor/laravel/framework/src/Illuminate/Cookie/Middleware/AddQueuedCookiesToResponse.php(37): Illuminate\Pipeline\Pipeline->Illuminate\Pipeline\{closure}(Object(Illuminate\Http\Request))
#51 [internal function]: Illuminate\Cookie\Middleware\AddQueuedCookiesToResponse->handle(Object(Illuminate\Http\Request), Object(Closure))
#52 /var/www/html/corso/vendor/laravel/framework/src/Illuminate/Pipeline/Pipeline.php(124): call_user_func_array(Array, Array)
#53 /var/www/html/corso/vendor/laravel/framework/src/Illuminate/Cookie/Middleware/EncryptCookies.php(59): Illuminate\Pipeline\Pipeline->Illuminate\Pipeline\{closure}(Object(Illuminate\Http\Request))
#54 [internal function]: Illuminate\Cookie\Middleware\EncryptCookies->handle(Object(Illuminate\Http\Request), Object(Closure))
#55 /var/www/html/corso/vendor/laravel/framework/src/Illuminate/Pipeline/Pipeline.php(124): call_user_func_array(Array, Array)
#56 /var/www/html/corso/vendor/laravel/framework/src/Illuminate/Foundation/Http/Middleware/CheckForMaintenanceMode.php(42): Illuminate\Pipeline\Pipeline->Illuminate\Pipeline\{closure}(Object(Illuminate\Http\Request))
#57 [internal function]: Illuminate\Foundation\Http\Middleware\CheckForMaintenanceMode->handle(Object(Illuminate\Http\Request), Object(Closure))
#58 /var/www/html/corso/vendor/laravel/framework/src/Illuminate/Pipeline/Pipeline.php(124): call_user_func_array(Array, Array)
#59 [internal function]: Illuminate\Pipeline\Pipeline->Illuminate\Pipeline\{closure}(Object(Illuminate\Http\Request))
#60 /var/www/html/corso/vendor/laravel/framework/src/Illuminate/Pipeline/Pipeline.php(103): call_user_func(Object(Closure), Object(Illuminate\Http\Request))
#61 /var/www/html/corso/vendor/laravel/framework/src/Illuminate/Foundation/Http/Kernel.php(122): Illuminate\Pipeline\Pipeline->then(Object(Closure))
#62 /var/www/html/corso/vendor/laravel/framework/src/Illuminate/Foundation/Http/Kernel.php(87): Illuminate\Foundation\Http\Kernel->sendRequestThroughRouter(Object(Illuminate\Http\Request))
#63 /var/www/html/corso/public/index.php(53): Illuminate\Foundation\Http\Kernel->handle(Object(Illuminate\Http\Request))
#64 {main}

Next exception 'Illuminate\Database\QueryException' with message 'SQLSTATE[42S22]: Column not found: 1054 Unknown column 'statuses.2' in 'where clause' (SQL: select * from `statuses` where `statuses`.`2` in (0))' in /var/www/html/corso/vendor/laravel/framework/src/Illuminate/Database/Connection.php:636
Stack trace:
#0 /var/www/html/corso/vendor/laravel/framework/src/Illuminate/Database/Connection.php(596): Illuminate\Database\Connection->runQueryCallback('select * from `...', Array, Object(Closure))
#1 /var/www/html/corso/vendor/laravel/framework/src/Illuminate/Database/Connection.php(315): Illuminate\Database\Connection->run('select * from `...', Array, Object(Closure))
#2 /var/www/html/corso/vendor/laravel/framework/src/Illuminate/Database/Query/Builder.php(1389): Illuminate\Database\Connection->select('select * from `...', Array, true)
#3 /var/www/html/corso/vendor/laravel/framework/src/Illuminate/Database/Query/Builder.php(1379): Illuminate\Database\Query\Builder->runSelect()
#4 /var/www/html/corso/vendor/laravel/framework/src/Illuminate/Database/Query/Builder.php(1364): Illuminate\Database\Query\Builder->getFresh(Array)
#5 /var/www/html/corso/vendor/laravel/framework/src/Illuminate/Database/Eloquent/Builder.php(409): Illuminate\Database\Query\Builder->get(Array)
#6 /var/www/html/corso/vendor/laravel/framework/src/Illuminate/Database/Eloquent/Builder.php(168): Illuminate\Database\Eloquent\Builder->getModels(Array)
#7 [internal function]: Illuminate\Database\Eloquent\Builder->get()
#8 /var/www/html/corso/vendor/laravel/framework/src/Illuminate/Database/Eloquent/Relations/Relation.php(284): call_user_func_array(Array, Array)
#9 /var/www/html/corso/vendor/laravel/framework/src/Illuminate/Database/Eloquent/Relations/Relation.php(105): Illuminate\Database\Eloquent\Relations\Relation->__call('get', Array)
#10 /var/www/html/corso/vendor/laravel/framework/src/Illuminate/Database/Eloquent/Relations/Relation.php(105): Illuminate\Database\Eloquent\Relations\BelongsTo->get()
#11 /var/www/html/corso/vendor/laravel/framework/src/Illuminate/Database/Eloquent/Builder.php(460): Illuminate\Database\Eloquent\Relations\Relation->getEager()
#12 /var/www/html/corso/vendor/laravel/framework/src/Illuminate/Database/Eloquent/Builder.php(429): Illuminate\Database\Eloquent\Builder->loadRelation(Array, 'status', Object(Closure))
#13 /var/www/html/corso/vendor/laravel/framework/src/Illuminate/Database/Eloquent/Builder.php(174): Illuminate\Database\Eloquent\Builder->eagerLoadRelations(Array)
#14 /var/www/html/corso/app/Http/Controllers/ClaroController.php(122): Illuminate\Database\Eloquent\Builder->get()
#15 [internal function]: Corso\Http\Controllers\ClaroController->dataProduct()
#16 /var/www/html/corso/vendor/laravel/framework/src/Illuminate/Routing/Controller.php(256): call_user_func_array(Array, Array)
#17 /var/www/html/corso/vendor/laravel/framework/src/Illuminate/Routing/ControllerDispatcher.php(164): Illuminate\Routing\Controller->callAction('dataProduct', Array)
#18 /var/www/html/corso/vendor/laravel/framework/src/Illuminate/Routing/ControllerDispatcher.php(112): Illuminate\Routing\ControllerDispatcher->call(Object(Corso\Http\Controllers\ClaroController), Object(Illuminate\Routing\Route), 'dataProduct')
#19 [internal function]: Illuminate\Routing\ControllerDispatcher->Illuminate\Routing\{closure}(Object(Illuminate\Http\Request))
#20 /var/www/html/corso/vendor/laravel/framework/src/Illuminate/Pipeline/Pipeline.php(139): call_user_func(Object(Closure), Object(Illuminate\Http\Request))
#21 [internal function]: Illuminate\Pipeline\Pipeline->Illuminate\Pipeline\{closure}(Object(Illuminate\Http\Request))
#22 /var/www/html/corso/vendor/laravel/framework/src/Illuminate/Pipeline/Pipeline.php(103): call_user_func(Object(Closure), Object(Illuminate\Http\Request))
#23 /var/www/html/corso/vendor/laravel/framework/src/Illuminate/Routing/ControllerDispatcher.php(114): Illuminate\Pipeline\Pipeline->then(Object(Closure))
#24 /var/www/html/corso/vendor/laravel/framework/src/Illuminate/Routing/ControllerDispatcher.php(69): Illuminate\Routing\ControllerDispatcher->callWithinStack(Object(Corso\Http\Controllers\ClaroController), Object(Illuminate\Routing\Route), Object(Illuminate\Http\Request), 'dataProduct')
#25 /var/www/html/corso/vendor/laravel/framework/src/Illuminate/Routing/Route.php(201): Illuminate\Routing\ControllerDispatcher->dispatch(Object(Illuminate\Routing\Route), Object(Illuminate\Http\Request), 'Corso\\Http\\Cont...', 'dataProduct')
#26 /var/www/html/corso/vendor/laravel/framework/src/Illuminate/Routing/Route.php(134): Illuminate\Routing\Route->runWithCustomDispatcher(Object(Illuminate\Http\Request))
#27 /var/www/html/corso/vendor/laravel/framework/src/Illuminate/Routing/Router.php(704): Illuminate\Routing\Route->run(Object(Illuminate\Http\Request))
#28 [internal function]: Illuminate\Routing\Router->Illuminate\Routing\{closure}(Object(Illuminate\Http\Request))
#29 /var/www/html/corso/vendor/laravel/framework/src/Illuminate/Pipeline/Pipeline.php(139): call_user_func(Object(Closure), Object(Illuminate\Http\Request))
#30 [internal function]: Illuminate\Pipeline\Pipeline->Illuminate\Pipeline\{closure}(Object(Illuminate\Http\Request))
#31 /var/www/html/corso/vendor/laravel/framework/src/Illuminate/Pipeline/Pipeline.php(103): call_user_func(Object(Closure), Object(Illuminate\Http\Request))
#32 /var/www/html/corso/vendor/laravel/framework/src/Illuminate/Routing/Router.php(706): Illuminate\Pipeline\Pipeline->then(Object(Closure))
#33 /var/www/html/corso/vendor/laravel/framework/src/Illuminate/Routing/Router.php(671): Illuminate\Routing\Router->runRouteWithinStack(Object(Illuminate\Routing\Route), Object(Illuminate\Http\Request))
#34 /var/www/html/corso/vendor/laravel/framework/src/Illuminate/Routing/Router.php(631): Illuminate\Routing\Router->dispatchToRoute(Object(Illuminate\Http\Request))
#35 /var/www/html/corso/vendor/laravel/framework/src/Illuminate/Foundation/Http/Kernel.php(236): Illuminate\Routing\Router->dispatch(Object(Illuminate\Http\Request))
#36 [internal function]: Illuminate\Foundation\Http\Kernel->Illuminate\Foundation\Http\{closure}(Object(Illuminate\Http\Request))
#37 /var/www/html/corso/vendor/laravel/framework/src/Illuminate/Pipeline/Pipeline.php(139): call_user_func(Object(Closure), Object(Illuminate\Http\Request))
#38 /var/www/html/corso/vendor/laravel/framework/src/Illuminate/Foundation/Http/Middleware/VerifyCsrfToken.php(50): Illuminate\Pipeline\Pipeline->Illuminate\Pipeline\{closure}(Object(Illuminate\Http\Request))
#39 /var/www/html/corso/app/Http/Middleware/VerifyCsrfToken.php(33): Illuminate\Foundation\Http\Middleware\VerifyCsrfToken->handle(Object(Illuminate\Http\Request), Object(Closure))
#40 [internal function]: Corso\Http\Middleware\VerifyCsrfToken->handle(Object(Illuminate\Http\Request), Object(Closure))
#41 /var/www/html/corso/vendor/laravel/framework/src/Illuminate/Pipeline/Pipeline.php(124): call_user_func_array(Array, Array)
#42 /var/www/html/corso/vendor/laravel/framework/src/Illuminate/View/Middleware/ShareErrorsFromSession.php(54): Illuminate\Pipeline\Pipeline->Illuminate\Pipeline\{closure}(Object(Illuminate\Http\Request))
#43 [internal function]: Illuminate\View\Middleware\ShareErrorsFromSession->handle(Object(Illuminate\Http\Request), Object(Closure))
#44 /var/www/html/corso/vendor/laravel/framework/src/Illuminate/Pipeline/Pipeline.php(124): call_user_func_array(Array, Array)
#45 /var/www/html/corso/vendor/laravel/framework/src/Illuminate/Session/Middleware/StartSession.php(62): Illuminate\Pipeline\Pipeline->Illuminate\Pipeline\{closure}(Object(Illuminate\Http\Request))
#46 [internal function]: Illuminate\Session\Middleware\StartSession->handle(Object(Illuminate\Http\Request), Object(Closure))
#47 /var/www/html/corso/vendor/laravel/framework/src/Illuminate/Pipeline/Pipeline.php(124): call_user_func_array(Array, Array)
#48 /var/www/html/corso/vendor/laravel/framework/src/Illuminate/Cookie/Middleware/AddQueuedCookiesToResponse.php(37): Illuminate\Pipeline\Pipeline->Illuminate\Pipeline\{closure}(Object(Illuminate\Http\Request))
#49 [internal function]: Illuminate\Cookie\Middleware\AddQueuedCookiesToResponse->handle(Object(Illuminate\Http\Request), Object(Closure))
#50 /var/www/html/corso/vendor/laravel/framework/src/Illuminate/Pipeline/Pipeline.php(124): call_user_func_array(Array, Array)
#51 /var/www/html/corso/vendor/laravel/framework/src/Illuminate/Cookie/Middleware/EncryptCookies.php(59): Illuminate\Pipeline\Pipeline->Illuminate\Pipeline\{closure}(Object(Illuminate\Http\Request))
#52 [internal function]: Illuminate\Cookie\Middleware\EncryptCookies->handle(Object(Illuminate\Http\Request), Object(Closure))
#53 /var/www/html/corso/vendor/laravel/framework/src/Illuminate/Pipeline/Pipeline.php(124): call_user_func_array(Array, Array)
#54 /var/www/html/corso/vendor/laravel/framework/src/Illuminate/Foundation/Http/Middleware/CheckForMaintenanceMode.php(42): Illuminate\Pipeline\Pipeline->Illuminate\Pipeline\{closure}(Object(Illuminate\Http\Request))
#55 [internal function]: Illuminate\Foundation\Http\Middleware\CheckForMaintenanceMode->handle(Object(Illuminate\Http\Request), Object(Closure))
#56 /var/www/html/corso/vendor/laravel/framework/src/Illuminate/Pipeline/Pipeline.php(124): call_user_func_array(Array, Array)
#57 [internal function]: Illuminate\Pipeline\Pipeline->Illuminate\Pipeline\{closure}(Object(Illuminate\Http\Request))
#58 /var/www/html/corso/vendor/laravel/framework/src/Illuminate/Pipeline/Pipeline.php(103): call_user_func(Object(Closure), Object(Illuminate\Http\Request))
#59 /var/www/html/corso/vendor/laravel/framework/src/Illuminate/Foundation/Http/Kernel.php(122): Illuminate\Pipeline\Pipeline->then(Object(Closure))
#60 /var/www/html/corso/vendor/laravel/framework/src/Illuminate/Foundation/Http/Kernel.php(87): Illuminate\Foundation\Http\Kernel->sendRequestThroughRouter(Object(Illuminate\Http\Request))
#61 /var/www/html/corso/public/index.php(53): Illuminate\Foundation\Http\Kernel->handle(Object(Illuminate\Http\Request))
#62 {main}  
