[2015-09-28 23:52:26] local.ERROR: exception 'PDOException' with message 'SQLSTATE[42000] [1044] Access denied for user 'friendly_mepcr'@'%' to database 'corso'' in /var/www/html/corso/vendor/laravel/framework/src/Illuminate/Database/Connectors/Connector.php:50
Stack trace:
#0 /var/www/html/corso/vendor/laravel/framework/src/Illuminate/Database/Connectors/Connector.php(50): PDO->__construct('mysql:host=75.1...', 'friendly_mepcr', 'wF9x[i6Tqc2y', Array)
#1 /var/www/html/corso/vendor/laravel/framework/src/Illuminate/Database/Connectors/MySqlConnector.php(22): Illuminate\Database\Connectors\Connector->createConnection('mysql:host=75.1...', Array, Array)
#2 /var/www/html/corso/vendor/laravel/framework/src/Illuminate/Database/Connectors/ConnectionFactory.php(60): Illuminate\Database\Connectors\MySqlConnector->connect(Array)
#3 /var/www/html/corso/vendor/laravel/framework/src/Illuminate/Database/Connectors/ConnectionFactory.php(49): Illuminate\Database\Connectors\ConnectionFactory->createSingleConnection(Array)
#4 /var/www/html/corso/vendor/laravel/framework/src/Illuminate/Database/DatabaseManager.php(175): Illuminate\Database\Connectors\ConnectionFactory->make(Array, 'mysql')
#5 /var/www/html/corso/vendor/laravel/framework/src/Illuminate/Database/DatabaseManager.php(67): Illuminate\Database\DatabaseManager->makeConnection('mysql')
#6 /var/www/html/corso/vendor/laravel/framework/src/Illuminate/Database/Eloquent/Model.php(3188): Illuminate\Database\DatabaseManager->connection(NULL)
#7 /var/www/html/corso/vendor/laravel/framework/src/Illuminate/Database/Eloquent/Model.php(3154): Illuminate\Database\Eloquent\Model::resolveConnection(NULL)
#8 /var/www/html/corso/vendor/laravel/framework/src/Illuminate/Database/Eloquent/Model.php(1895): Illuminate\Database\Eloquent\Model->getConnection()
#9 /var/www/html/corso/vendor/laravel/framework/src/Illuminate/Database/Eloquent/Model.php(1838): Illuminate\Database\Eloquent\Model->newBaseQueryBuilder()
#10 /var/www/html/corso/vendor/laravel/framework/src/Illuminate/Database/Eloquent/Model.php(1812): Illuminate\Database\Eloquent\Model->newQueryWithoutScopes()
#11 /var/www/html/corso/vendor/laravel/framework/src/Illuminate/Auth/EloquentUserProvider.php(92): Illuminate\Database\Eloquent\Model->newQuery()
#12 /var/www/html/corso/vendor/laravel/framework/src/Illuminate/Auth/Guard.php(365): Illuminate\Auth\EloquentUserProvider->retrieveByCredentials(Array)
#13 [internal function]: Illuminate\Auth\Guard->attempt(Array, false)
#14 /var/www/html/corso/vendor/laravel/framework/src/Illuminate/Support/Manager.php(137): call_user_func_array(Array, Array)
#15 /var/www/html/corso/vendor/laravel/framework/src/Illuminate/Support/Facades/Facade.php(213): Illuminate\Support\Manager->__call('attempt', Array)
#16 /var/www/html/corso/vendor/laravel/framework/src/Illuminate/Support/Facades/Facade.php(213): Illuminate\Auth\AuthManager->attempt(Array, false)
#17 /var/www/html/corso/vendor/laravel/framework/src/Illuminate/Foundation/Auth/AuthenticatesUsers.php(51): Illuminate\Support\Facades\Facade::__callStatic('attempt', Array)
#18 /var/www/html/corso/vendor/laravel/framework/src/Illuminate/Foundation/Auth/AuthenticatesUsers.php(51): Illuminate\Support\Facades\Auth::attempt(Array, false)
#19 [internal function]: Corso\Http\Controllers\Auth\AuthController->postLogin(Object(Illuminate\Http\Request))
#20 /var/www/html/corso/vendor/laravel/framework/src/Illuminate/Routing/Controller.php(256): call_user_func_array(Array, Array)
#21 /var/www/html/corso/vendor/laravel/framework/src/Illuminate/Routing/ControllerDispatcher.php(164): Illuminate\Routing\Controller->callAction('postLogin', Array)
#22 /var/www/html/corso/vendor/laravel/framework/src/Illuminate/Routing/ControllerDispatcher.php(112): Illuminate\Routing\ControllerDispatcher->call(Object(Corso\Http\Controllers\Auth\AuthController), Object(Illuminate\Routing\Route), 'postLogin')
#23 [internal function]: Illuminate\Routing\ControllerDispatcher->Illuminate\Routing\{closure}(Object(Illuminate\Http\Request))
#24 /var/www/html/corso/vendor/laravel/framework/src/Illuminate/Pipeline/Pipeline.php(139): call_user_func(Object(Closure), Object(Illuminate\Http\Request))
#25 /var/www/html/corso/app/Http/Middleware/RedirectIfAuthenticated.php(81): Illuminate\Pipeline\Pipeline->Illuminate\Pipeline\{closure}(Object(Illuminate\Http\Request))
#26 [internal function]: Corso\Http\Middleware\RedirectIfAuthenticated->handle(Object(Illuminate\Http\Request), Object(Closure))
#27 /var/www/html/corso/vendor/laravel/framework/src/Illuminate/Pipeline/Pipeline.php(124): call_user_func_array(Array, Array)
#28 [internal function]: Illuminate\Pipeline\Pipeline->Illuminate\Pipeline\{closure}(Object(Illuminate\Http\Request))
#29 /var/www/html/corso/vendor/laravel/framework/src/Illuminate/Pipeline/Pipeline.php(103): call_user_func(Object(Closure), Object(Illuminate\Http\Request))
#30 /var/www/html/corso/vendor/laravel/framework/src/Illuminate/Routing/ControllerDispatcher.php(114): Illuminate\Pipeline\Pipeline->then(Object(Closure))
#31 /var/www/html/corso/vendor/laravel/framework/src/Illuminate/Routing/ControllerDispatcher.php(69): Illuminate\Routing\ControllerDispatcher->callWithinStack(Object(Corso\Http\Controllers\Auth\AuthController), Object(Illuminate\Routing\Route), Object(Illuminate\Http\Request), 'postLogin')
#32 /var/www/html/corso/vendor/laravel/framework/src/Illuminate/Routing/Route.php(201): Illuminate\Routing\ControllerDispatcher->dispatch(Object(Illuminate\Routing\Route), Object(Illuminate\Http\Request), 'Corso\\Http\\Cont...', 'postLogin')
#33 /var/www/html/corso/vendor/laravel/framework/src/Illuminate/Routing/Route.php(134): Illuminate\Routing\Route->runWithCustomDispatcher(Object(Illuminate\Http\Request))
#34 /var/www/html/corso/vendor/laravel/framework/src/Illuminate/Routing/Router.php(704): Illuminate\Routing\Route->run(Object(Illuminate\Http\Request))
#35 [internal function]: Illuminate\Routing\Router->Illuminate\Routing\{closure}(Object(Illuminate\Http\Request))
#36 /var/www/html/corso/vendor/laravel/framework/src/Illuminate/Pipeline/Pipeline.php(139): call_user_func(Object(Closure), Object(Illuminate\Http\Request))
#37 [internal function]: Illuminate\Pipeline\Pipeline->Illuminate\Pipeline\{closure}(Object(Illuminate\Http\Request))
#38 /var/www/html/corso/vendor/laravel/framework/src/Illuminate/Pipeline/Pipeline.php(103): call_user_func(Object(Closure), Object(Illuminate\Http\Request))
#39 /var/www/html/corso/vendor/laravel/framework/src/Illuminate/Routing/Router.php(706): Illuminate\Pipeline\Pipeline->then(Object(Closure))
#40 /var/www/html/corso/vendor/laravel/framework/src/Illuminate/Routing/Router.php(671): Illuminate\Routing\Router->runRouteWithinStack(Object(Illuminate\Routing\Route), Object(Illuminate\Http\Request))
#41 /var/www/html/corso/vendor/laravel/framework/src/Illuminate/Routing/Router.php(631): Illuminate\Routing\Router->dispatchToRoute(Object(Illuminate\Http\Request))
#42 /var/www/html/corso/vendor/laravel/framework/src/Illuminate/Foundation/Http/Kernel.php(236): Illuminate\Routing\Router->dispatch(Object(Illuminate\Http\Request))
#43 [internal function]: Illuminate\Foundation\Http\Kernel->Illuminate\Foundation\Http\{closure}(Object(Illuminate\Http\Request))
#44 /var/www/html/corso/vendor/laravel/framework/src/Illuminate/Pipeline/Pipeline.php(139): call_user_func(Object(Closure), Object(Illuminate\Http\Request))
#45 /var/www/html/corso/vendor/laravel/framework/src/Illuminate/Foundation/Http/Middleware/VerifyCsrfToken.php(50): Illuminate\Pipeline\Pipeline->Illuminate\Pipeline\{closure}(Object(Illuminate\Http\Request))
#46 /var/www/html/corso/app/Http/Middleware/VerifyCsrfToken.php(33): Illuminate\Foundation\Http\Middleware\VerifyCsrfToken->handle(Object(Illuminate\Http\Request), Object(Closure))
#47 [internal function]: Corso\Http\Middleware\VerifyCsrfToken->handle(Object(Illuminate\Http\Request), Object(Closure))
#48 /var/www/html/corso/vendor/laravel/framework/src/Illuminate/Pipeline/Pipeline.php(124): call_user_func_array(Array, Array)
#49 /var/www/html/corso/vendor/laravel/framework/src/Illuminate/View/Middleware/ShareErrorsFromSession.php(54): Illuminate\Pipeline\Pipeline->Illuminate\Pipeline\{closure}(Object(Illuminate\Http\Request))
#50 [internal function]: Illuminate\View\Middleware\ShareErrorsFromSession->handle(Object(Illuminate\Http\Request), Object(Closure))
#51 /var/www/html/corso/vendor/laravel/framework/src/Illuminate/Pipeline/Pipeline.php(124): call_user_func_array(Array, Array)
#52 /var/www/html/corso/vendor/laravel/framework/src/Illuminate/Session/Middleware/StartSession.php(62): Illuminate\Pipeline\Pipeline->Illuminate\Pipeline\{closure}(Object(Illuminate\Http\Request))
#53 [internal function]: Illuminate\Session\Middleware\StartSession->handle(Object(Illuminate\Http\Request), Object(Closure))
#54 /var/www/html/corso/vendor/laravel/framework/src/Illuminate/Pipeline/Pipeline.php(124): call_user_func_array(Array, Array)
#55 /var/www/html/corso/vendor/laravel/framework/src/Illuminate/Cookie/Middleware/AddQueuedCookiesToResponse.php(37): Illuminate\Pipeline\Pipeline->Illuminate\Pipeline\{closure}(Object(Illuminate\Http\Request))
#56 [internal function]: Illuminate\Cookie\Middleware\AddQueuedCookiesToResponse->handle(Object(Illuminate\Http\Request), Object(Closure))
#57 /var/www/html/corso/vendor/laravel/framework/src/Illuminate/Pipeline/Pipeline.php(124): call_user_func_array(Array, Array)
#58 /var/www/html/corso/vendor/laravel/framework/src/Illuminate/Cookie/Middleware/EncryptCookies.php(59): Illuminate\Pipeline\Pipeline->Illuminate\Pipeline\{closure}(Object(Illuminate\Http\Request))
#59 [internal function]: Illuminate\Cookie\Middleware\EncryptCookies->handle(Object(Illuminate\Http\Request), Object(Closure))
#60 /var/www/html/corso/vendor/laravel/framework/src/Illuminate/Pipeline/Pipeline.php(124): call_user_func_array(Array, Array)
#61 /var/www/html/corso/vendor/laravel/framework/src/Illuminate/Foundation/Http/Middleware/CheckForMaintenanceMode.php(42): Illuminate\Pipeline\Pipeline->Illuminate\Pipeline\{closure}(Object(Illuminate\Http\Request))
#62 [internal function]: Illuminate\Foundation\Http\Middleware\CheckForMaintenanceMode->handle(Object(Illuminate\Http\Request), Object(Closure))
#63 /var/www/html/corso/vendor/laravel/framework/src/Illuminate/Pipeline/Pipeline.php(124): call_user_func_array(Array, Array)
#64 [internal function]: Illuminate\Pipeline\Pipeline->Illuminate\Pipeline\{closure}(Object(Illuminate\Http\Request))
#65 /var/www/html/corso/vendor/laravel/framework/src/Illuminate/Pipeline/Pipeline.php(103): call_user_func(Object(Closure), Object(Illuminate\Http\Request))
#66 /var/www/html/corso/vendor/laravel/framework/src/Illuminate/Foundation/Http/Kernel.php(122): Illuminate\Pipeline\Pipeline->then(Object(Closure))
#67 /var/www/html/corso/vendor/laravel/framework/src/Illuminate/Foundation/Http/Kernel.php(87): Illuminate\Foundation\Http\Kernel->sendRequestThroughRouter(Object(Illuminate\Http\Request))
#68 /var/www/html/corso/public/index.php(53): Illuminate\Foundation\Http\Kernel->handle(Object(Illuminate\Http\Request))
#69 {main}  
[2015-09-28 23:52:33] local.ERROR: exception 'PDOException' with message 'SQLSTATE[42000] [1044] Access denied for user 'friendly_mepcr'@'%' to database 'corso'' in /var/www/html/corso/vendor/laravel/framework/src/Illuminate/Database/Connectors/Connector.php:50
Stack trace:
#0 /var/www/html/corso/vendor/laravel/framework/src/Illuminate/Database/Connectors/Connector.php(50): PDO->__construct('mysql:host=75.1...', 'friendly_mepcr', 'wF9x[i6Tqc2y', Array)
#1 /var/www/html/corso/vendor/laravel/framework/src/Illuminate/Database/Connectors/MySqlConnector.php(22): Illuminate\Database\Connectors\Connector->createConnection('mysql:host=75.1...', Array, Array)
#2 /var/www/html/corso/vendor/laravel/framework/src/Illuminate/Database/Connectors/ConnectionFactory.php(60): Illuminate\Database\Connectors\MySqlConnector->connect(Array)
#3 /var/www/html/corso/vendor/laravel/framework/src/Illuminate/Database/Connectors/ConnectionFactory.php(49): Illuminate\Database\Connectors\ConnectionFactory->createSingleConnection(Array)
#4 /var/www/html/corso/vendor/laravel/framework/src/Illuminate/Database/DatabaseManager.php(175): Illuminate\Database\Connectors\ConnectionFactory->make(Array, 'mysql')
#5 /var/www/html/corso/vendor/laravel/framework/src/Illuminate/Database/DatabaseManager.php(67): Illuminate\Database\DatabaseManager->makeConnection('mysql')
#6 /var/www/html/corso/vendor/laravel/framework/src/Illuminate/Database/Eloquent/Model.php(3188): Illuminate\Database\DatabaseManager->connection(NULL)
#7 /var/www/html/corso/vendor/laravel/framework/src/Illuminate/Database/Eloquent/Model.php(3154): Illuminate\Database\Eloquent\Model::resolveConnection(NULL)
#8 /var/www/html/corso/vendor/laravel/framework/src/Illuminate/Database/Eloquent/Model.php(1895): Illuminate\Database\Eloquent\Model->getConnection()
#9 /var/www/html/corso/vendor/laravel/framework/src/Illuminate/Database/Eloquent/Model.php(1838): Illuminate\Database\Eloquent\Model->newBaseQueryBuilder()
#10 /var/www/html/corso/vendor/laravel/framework/src/Illuminate/Database/Eloquent/Model.php(1812): Illuminate\Database\Eloquent\Model->newQueryWithoutScopes()
#11 /var/www/html/corso/vendor/laravel/framework/src/Illuminate/Auth/EloquentUserProvider.php(92): Illuminate\Database\Eloquent\Model->newQuery()
#12 /var/www/html/corso/vendor/laravel/framework/src/Illuminate/Auth/Guard.php(365): Illuminate\Auth\EloquentUserProvider->retrieveByCredentials(Array)
#13 [internal function]: Illuminate\Auth\Guard->attempt(Array, false)
#14 /var/www/html/corso/vendor/laravel/framework/src/Illuminate/Support/Manager.php(137): call_user_func_array(Array, Array)
#15 /var/www/html/corso/vendor/laravel/framework/src/Illuminate/Support/Facades/Facade.php(213): Illuminate\Support\Manager->__call('attempt', Array)
#16 /var/www/html/corso/vendor/laravel/framework/src/Illuminate/Support/Facades/Facade.php(213): Illuminate\Auth\AuthManager->attempt(Array, false)
#17 /var/www/html/corso/vendor/laravel/framework/src/Illuminate/Foundation/Auth/AuthenticatesUsers.php(51): Illuminate\Support\Facades\Facade::__callStatic('attempt', Array)
#18 /var/www/html/corso/vendor/laravel/framework/src/Illuminate/Foundation/Auth/AuthenticatesUsers.php(51): Illuminate\Support\Facades\Auth::attempt(Array, false)
#19 [internal function]: Corso\Http\Controllers\Auth\AuthController->postLogin(Object(Illuminate\Http\Request))
#20 /var/www/html/corso/vendor/laravel/framework/src/Illuminate/Routing/Controller.php(256): call_user_func_array(Array, Array)
#21 /var/www/html/corso/vendor/laravel/framework/src/Illuminate/Routing/ControllerDispatcher.php(164): Illuminate\Routing\Controller->callAction('postLogin', Array)
#22 /var/www/html/corso/vendor/laravel/framework/src/Illuminate/Routing/ControllerDispatcher.php(112): Illuminate\Routing\ControllerDispatcher->call(Object(Corso\Http\Controllers\Auth\AuthController), Object(Illuminate\Routing\Route), 'postLogin')
#23 [internal function]: Illuminate\Routing\ControllerDispatcher->Illuminate\Routing\{closure}(Object(Illuminate\Http\Request))
#24 /var/www/html/corso/vendor/laravel/framework/src/Illuminate/Pipeline/Pipeline.php(139): call_user_func(Object(Closure), Object(Illuminate\Http\Request))
#25 /var/www/html/corso/app/Http/Middleware/RedirectIfAuthenticated.php(81): Illuminate\Pipeline\Pipeline->Illuminate\Pipeline\{closure}(Object(Illuminate\Http\Request))
#26 [internal function]: Corso\Http\Middleware\RedirectIfAuthenticated->handle(Object(Illuminate\Http\Request), Object(Closure))
#27 /var/www/html/corso/vendor/laravel/framework/src/Illuminate/Pipeline/Pipeline.php(124): call_user_func_array(Array, Array)
#28 [internal function]: Illuminate\Pipeline\Pipeline->Illuminate\Pipeline\{closure}(Object(Illuminate\Http\Request))
#29 /var/www/html/corso/vendor/laravel/framework/src/Illuminate/Pipeline/Pipeline.php(103): call_user_func(Object(Closure), Object(Illuminate\Http\Request))
#30 /var/www/html/corso/vendor/laravel/framework/src/Illuminate/Routing/ControllerDispatcher.php(114): Illuminate\Pipeline\Pipeline->then(Object(Closure))
#31 /var/www/html/corso/vendor/laravel/framework/src/Illuminate/Routing/ControllerDispatcher.php(69): Illuminate\Routing\ControllerDispatcher->callWithinStack(Object(Corso\Http\Controllers\Auth\AuthController), Object(Illuminate\Routing\Route), Object(Illuminate\Http\Request), 'postLogin')
#32 /var/www/html/corso/vendor/laravel/framework/src/Illuminate/Routing/Route.php(201): Illuminate\Routing\ControllerDispatcher->dispatch(Object(Illuminate\Routing\Route), Object(Illuminate\Http\Request), 'Corso\\Http\\Cont...', 'postLogin')
#33 /var/www/html/corso/vendor/laravel/framework/src/Illuminate/Routing/Route.php(134): Illuminate\Routing\Route->runWithCustomDispatcher(Object(Illuminate\Http\Request))
#34 /var/www/html/corso/vendor/laravel/framework/src/Illuminate/Routing/Router.php(704): Illuminate\Routing\Route->run(Object(Illuminate\Http\Request))
#35 [internal function]: Illuminate\Routing\Router->Illuminate\Routing\{closure}(Object(Illuminate\Http\Request))
#36 /var/www/html/corso/vendor/laravel/framework/src/Illuminate/Pipeline/Pipeline.php(139): call_user_func(Object(Closure), Object(Illuminate\Http\Request))
#37 [internal function]: Illuminate\Pipeline\Pipeline->Illuminate\Pipeline\{closure}(Object(Illuminate\Http\Request))
#38 /var/www/html/corso/vendor/laravel/framework/src/Illuminate/Pipeline/Pipeline.php(103): call_user_func(Object(Closure), Object(Illuminate\Http\Request))
#39 /var/www/html/corso/vendor/laravel/framework/src/Illuminate/Routing/Router.php(706): Illuminate\Pipeline\Pipeline->then(Object(Closure))
#40 /var/www/html/corso/vendor/laravel/framework/src/Illuminate/Routing/Router.php(671): Illuminate\Routing\Router->runRouteWithinStack(Object(Illuminate\Routing\Route), Object(Illuminate\Http\Request))
#41 /var/www/html/corso/vendor/laravel/framework/src/Illuminate/Routing/Router.php(631): Illuminate\Routing\Router->dispatchToRoute(Object(Illuminate\Http\Request))
#42 /var/www/html/corso/vendor/laravel/framework/src/Illuminate/Foundation/Http/Kernel.php(236): Illuminate\Routing\Router->dispatch(Object(Illuminate\Http\Request))
#43 [internal function]: Illuminate\Foundation\Http\Kernel->Illuminate\Foundation\Http\{closure}(Object(Illuminate\Http\Request))
#44 /var/www/html/corso/vendor/laravel/framework/src/Illuminate/Pipeline/Pipeline.php(139): call_user_func(Object(Closure), Object(Illuminate\Http\Request))
#45 /var/www/html/corso/vendor/laravel/framework/src/Illuminate/Foundation/Http/Middleware/VerifyCsrfToken.php(50): Illuminate\Pipeline\Pipeline->Illuminate\Pipeline\{closure}(Object(Illuminate\Http\Request))
#46 /var/www/html/corso/app/Http/Middleware/VerifyCsrfToken.php(33): Illuminate\Foundation\Http\Middleware\VerifyCsrfToken->handle(Object(Illuminate\Http\Request), Object(Closure))
#47 [internal function]: Corso\Http\Middleware\VerifyCsrfToken->handle(Object(Illuminate\Http\Request), Object(Closure))
#48 /var/www/html/corso/vendor/laravel/framework/src/Illuminate/Pipeline/Pipeline.php(124): call_user_func_array(Array, Array)
#49 /var/www/html/corso/vendor/laravel/framework/src/Illuminate/View/Middleware/ShareErrorsFromSession.php(54): Illuminate\Pipeline\Pipeline->Illuminate\Pipeline\{closure}(Object(Illuminate\Http\Request))
#50 [internal function]: Illuminate\View\Middleware\ShareErrorsFromSession->handle(Object(Illuminate\Http\Request), Object(Closure))
#51 /var/www/html/corso/vendor/laravel/framework/src/Illuminate/Pipeline/Pipeline.php(124): call_user_func_array(Array, Array)
#52 /var/www/html/corso/vendor/laravel/framework/src/Illuminate/Session/Middleware/StartSession.php(62): Illuminate\Pipeline\Pipeline->Illuminate\Pipeline\{closure}(Object(Illuminate\Http\Request))
#53 [internal function]: Illuminate\Session\Middleware\StartSession->handle(Object(Illuminate\Http\Request), Object(Closure))
#54 /var/www/html/corso/vendor/laravel/framework/src/Illuminate/Pipeline/Pipeline.php(124): call_user_func_array(Array, Array)
#55 /var/www/html/corso/vendor/laravel/framework/src/Illuminate/Cookie/Middleware/AddQueuedCookiesToResponse.php(37): Illuminate\Pipeline\Pipeline->Illuminate\Pipeline\{closure}(Object(Illuminate\Http\Request))
#56 [internal function]: Illuminate\Cookie\Middleware\AddQueuedCookiesToResponse->handle(Object(Illuminate\Http\Request), Object(Closure))
#57 /var/www/html/corso/vendor/laravel/framework/src/Illuminate/Pipeline/Pipeline.php(124): call_user_func_array(Array, Array)
#58 /var/www/html/corso/vendor/laravel/framework/src/Illuminate/Cookie/Middleware/EncryptCookies.php(59): Illuminate\Pipeline\Pipeline->Illuminate\Pipeline\{closure}(Object(Illuminate\Http\Request))
#59 [internal function]: Illuminate\Cookie\Middleware\EncryptCookies->handle(Object(Illuminate\Http\Request), Object(Closure))
#60 /var/www/html/corso/vendor/laravel/framework/src/Illuminate/Pipeline/Pipeline.php(124): call_user_func_array(Array, Array)
#61 /var/www/html/corso/vendor/laravel/framework/src/Illuminate/Foundation/Http/Middleware/CheckForMaintenanceMode.php(42): Illuminate\Pipeline\Pipeline->Illuminate\Pipeline\{closure}(Object(Illuminate\Http\Request))
#62 [internal function]: Illuminate\Foundation\Http\Middleware\CheckForMaintenanceMode->handle(Object(Illuminate\Http\Request), Object(Closure))
#63 /var/www/html/corso/vendor/laravel/framework/src/Illuminate/Pipeline/Pipeline.php(124): call_user_func_array(Array, Array)
#64 [internal function]: Illuminate\Pipeline\Pipeline->Illuminate\Pipeline\{closure}(Object(Illuminate\Http\Request))
#65 /var/www/html/corso/vendor/laravel/framework/src/Illuminate/Pipeline/Pipeline.php(103): call_user_func(Object(Closure), Object(Illuminate\Http\Request))
#66 /var/www/html/corso/vendor/laravel/framework/src/Illuminate/Foundation/Http/Kernel.php(122): Illuminate\Pipeline\Pipeline->then(Object(Closure))
#67 /var/www/html/corso/vendor/laravel/framework/src/Illuminate/Foundation/Http/Kernel.php(87): Illuminate\Foundation\Http\Kernel->sendRequestThroughRouter(Object(Illuminate\Http\Request))
#68 /var/www/html/corso/public/index.php(53): Illuminate\Foundation\Http\Kernel->handle(Object(Illuminate\Http\Request))
#69 {main}  
[2015-09-28 23:54:25] local.ERROR: exception 'PDOException' with message 'SQLSTATE[42000] [1044] Access denied for user 'friendly_mepcr'@'%' to database 'corso'' in /var/www/html/corso/vendor/laravel/framework/src/Illuminate/Database/Connectors/Connector.php:50
Stack trace:
#0 /var/www/html/corso/vendor/laravel/framework/src/Illuminate/Database/Connectors/Connector.php(50): PDO->__construct('mysql:host=75.1...', 'friendly_mepcr', 'wF9x[i6Tqc2y', Array)
#1 /var/www/html/corso/vendor/laravel/framework/src/Illuminate/Database/Connectors/MySqlConnector.php(22): Illuminate\Database\Connectors\Connector->createConnection('mysql:host=75.1...', Array, Array)
#2 /var/www/html/corso/vendor/laravel/framework/src/Illuminate/Database/Connectors/ConnectionFactory.php(60): Illuminate\Database\Connectors\MySqlConnector->connect(Array)
#3 /var/www/html/corso/vendor/laravel/framework/src/Illuminate/Database/Connectors/ConnectionFactory.php(49): Illuminate\Database\Connectors\ConnectionFactory->createSingleConnection(Array)
#4 /var/www/html/corso/vendor/laravel/framework/src/Illuminate/Database/DatabaseManager.php(175): Illuminate\Database\Connectors\ConnectionFactory->make(Array, 'mysql')
#5 /var/www/html/corso/vendor/laravel/framework/src/Illuminate/Database/DatabaseManager.php(67): Illuminate\Database\DatabaseManager->makeConnection('mysql')
#6 /var/www/html/corso/vendor/laravel/framework/src/Illuminate/Database/Migrations/DatabaseMigrationRepository.php(171): Illuminate\Database\DatabaseManager->connection(NULL)
#7 /var/www/html/corso/vendor/laravel/framework/src/Illuminate/Database/Migrations/DatabaseMigrationRepository.php(139): Illuminate\Database\Migrations\DatabaseMigrationRepository->getConnection()
#8 /var/www/html/corso/vendor/laravel/framework/src/Illuminate/Database/Migrations/Migrator.php(393): Illuminate\Database\Migrations\DatabaseMigrationRepository->repositoryExists()
#9 /var/www/html/corso/vendor/laravel/framework/src/Illuminate/Database/Console/Migrations/ResetCommand.php(61): Illuminate\Database\Migrations\Migrator->repositoryExists()
#10 [internal function]: Illuminate\Database\Console\Migrations\ResetCommand->fire()
#11 /var/www/html/corso/vendor/laravel/framework/src/Illuminate/Container/Container.php(502): call_user_func_array(Array, Array)
#12 /var/www/html/corso/vendor/laravel/framework/src/Illuminate/Console/Command.php(150): Illuminate\Container\Container->call(Array)
#13 /var/www/html/corso/vendor/symfony/console/Command/Command.php(259): Illuminate\Console\Command->execute(Object(Symfony\Component\Console\Input\ArrayInput), Object(Illuminate\Console\OutputStyle))
#14 /var/www/html/corso/vendor/laravel/framework/src/Illuminate/Console/Command.php(136): Symfony\Component\Console\Command\Command->run(Object(Symfony\Component\Console\Input\ArrayInput), Object(Illuminate\Console\OutputStyle))
#15 /var/www/html/corso/vendor/laravel/framework/src/Illuminate/Console/Command.php(166): Illuminate\Console\Command->run(Object(Symfony\Component\Console\Input\ArrayInput), Object(Illuminate\Console\OutputStyle))
#16 /var/www/html/corso/vendor/laravel/framework/src/Illuminate/Database/Console/Migrations/RefreshCommand.php(44): Illuminate\Console\Command->call('migrate:reset', Array)
#17 [internal function]: Illuminate\Database\Console\Migrations\RefreshCommand->fire()
#18 /var/www/html/corso/vendor/laravel/framework/src/Illuminate/Container/Container.php(502): call_user_func_array(Array, Array)
#19 /var/www/html/corso/vendor/laravel/framework/src/Illuminate/Console/Command.php(150): Illuminate\Container\Container->call(Array)
#20 /var/www/html/corso/vendor/symfony/console/Command/Command.php(259): Illuminate\Console\Command->execute(Object(Symfony\Component\Console\Input\ArgvInput), Object(Symfony\Component\Console\Output\ConsoleOutput))
#21 /var/www/html/corso/vendor/laravel/framework/src/Illuminate/Console/Command.php(136): Symfony\Component\Console\Command\Command->run(Object(Symfony\Component\Console\Input\ArgvInput), Object(Symfony\Component\Console\Output\ConsoleOutput))
#22 /var/www/html/corso/vendor/symfony/console/Application.php(878): Illuminate\Console\Command->run(Object(Symfony\Component\Console\Input\ArgvInput), Object(Symfony\Component\Console\Output\ConsoleOutput))
#23 /var/www/html/corso/vendor/symfony/console/Application.php(195): Symfony\Component\Console\Application->doRunCommand(Object(Illuminate\Database\Console\Migrations\RefreshCommand), Object(Symfony\Component\Console\Input\ArgvInput), Object(Symfony\Component\Console\Output\ConsoleOutput))
#24 /var/www/html/corso/vendor/symfony/console/Application.php(126): Symfony\Component\Console\Application->doRun(Object(Symfony\Component\Console\Input\ArgvInput), Object(Symfony\Component\Console\Output\ConsoleOutput))
#25 /var/www/html/corso/vendor/laravel/framework/src/Illuminate/Foundation/Console/Kernel.php(100): Symfony\Component\Console\Application->run(Object(Symfony\Component\Console\Input\ArgvInput), Object(Symfony\Component\Console\Output\ConsoleOutput))
#26 /var/www/html/corso/artisan(36): Illuminate\Foundation\Console\Kernel->handle(Object(Symfony\Component\Console\Input\ArgvInput), Object(Symfony\Component\Console\Output\ConsoleOutput))
#27 {main}  
[2015-09-28 23:55:19] local.ERROR: exception 'PDOException' with message 'SQLSTATE[42000] [1044] Access denied for user 'friendly_mepcr'@'%' to database 'corso'' in /var/www/html/corso/vendor/laravel/framework/src/Illuminate/Database/Connectors/Connector.php:50
Stack trace:
#0 /var/www/html/corso/vendor/laravel/framework/src/Illuminate/Database/Connectors/Connector.php(50): PDO->__construct('mysql:host=75.1...', 'friendly_mepcr', 'wF9x[i6Tqc2y', Array)
#1 /var/www/html/corso/vendor/laravel/framework/src/Illuminate/Database/Connectors/MySqlConnector.php(22): Illuminate\Database\Connectors\Connector->createConnection('mysql:host=75.1...', Array, Array)
#2 /var/www/html/corso/vendor/laravel/framework/src/Illuminate/Database/Connectors/ConnectionFactory.php(60): Illuminate\Database\Connectors\MySqlConnector->connect(Array)
#3 /var/www/html/corso/vendor/laravel/framework/src/Illuminate/Database/Connectors/ConnectionFactory.php(49): Illuminate\Database\Connectors\ConnectionFactory->createSingleConnection(Array)
#4 /var/www/html/corso/vendor/laravel/framework/src/Illuminate/Database/DatabaseManager.php(175): Illuminate\Database\Connectors\ConnectionFactory->make(Array, 'mysql')
#5 /var/www/html/corso/vendor/laravel/framework/src/Illuminate/Database/DatabaseManager.php(67): Illuminate\Database\DatabaseManager->makeConnection('mysql')
#6 /var/www/html/corso/vendor/laravel/framework/src/Illuminate/Database/Migrations/DatabaseMigrationRepository.php(171): Illuminate\Database\DatabaseManager->connection(NULL)
#7 /var/www/html/corso/vendor/laravel/framework/src/Illuminate/Database/Migrations/DatabaseMigrationRepository.php(139): Illuminate\Database\Migrations\DatabaseMigrationRepository->getConnection()
#8 /var/www/html/corso/vendor/laravel/framework/src/Illuminate/Database/Migrations/Migrator.php(393): Illuminate\Database\Migrations\DatabaseMigrationRepository->repositoryExists()
#9 /var/www/html/corso/vendor/laravel/framework/src/Illuminate/Database/Console/Migrations/MigrateCommand.php(100): Illuminate\Database\Migrations\Migrator->repositoryExists()
#10 /var/www/html/corso/vendor/laravel/framework/src/Illuminate/Database/Console/Migrations/MigrateCommand.php(58): Illuminate\Database\Console\Migrations\MigrateCommand->prepareDatabase()
#11 [internal function]: Illuminate\Database\Console\Migrations\MigrateCommand->fire()
#12 /var/www/html/corso/vendor/laravel/framework/src/Illuminate/Container/Container.php(502): call_user_func_array(Array, Array)
#13 /var/www/html/corso/vendor/laravel/framework/src/Illuminate/Console/Command.php(150): Illuminate\Container\Container->call(Array)
#14 /var/www/html/corso/vendor/symfony/console/Command/Command.php(259): Illuminate\Console\Command->execute(Object(Symfony\Component\Console\Input\ArgvInput), Object(Symfony\Component\Console\Output\ConsoleOutput))
#15 /var/www/html/corso/vendor/laravel/framework/src/Illuminate/Console/Command.php(136): Symfony\Component\Console\Command\Command->run(Object(Symfony\Component\Console\Input\ArgvInput), Object(Symfony\Component\Console\Output\ConsoleOutput))
#16 /var/www/html/corso/vendor/symfony/console/Application.php(878): Illuminate\Console\Command->run(Object(Symfony\Component\Console\Input\ArgvInput), Object(Symfony\Component\Console\Output\ConsoleOutput))
#17 /var/www/html/corso/vendor/symfony/console/Application.php(195): Symfony\Component\Console\Application->doRunCommand(Object(Illuminate\Database\Console\Migrations\MigrateCommand), Object(Symfony\Component\Console\Input\ArgvInput), Object(Symfony\Component\Console\Output\ConsoleOutput))
#18 /var/www/html/corso/vendor/symfony/console/Application.php(126): Symfony\Component\Console\Application->doRun(Object(Symfony\Component\Console\Input\ArgvInput), Object(Symfony\Component\Console\Output\ConsoleOutput))
#19 /var/www/html/corso/vendor/laravel/framework/src/Illuminate/Foundation/Console/Kernel.php(100): Symfony\Component\Console\Application->run(Object(Symfony\Component\Console\Input\ArgvInput), Object(Symfony\Component\Console\Output\ConsoleOutput))
#20 /var/www/html/corso/artisan(36): Illuminate\Foundation\Console\Kernel->handle(Object(Symfony\Component\Console\Input\ArgvInput), Object(Symfony\Component\Console\Output\ConsoleOutput))
#21 {main}  
[2015-09-28 23:55:49] local.ERROR: exception 'PDOException' with message 'SQLSTATE[42000] [1044] Access denied for user 'friendly_mepcr'@'%' to database 'corso'' in /var/www/html/corso/vendor/laravel/framework/src/Illuminate/Database/Connectors/Connector.php:50
Stack trace:
#0 /var/www/html/corso/vendor/laravel/framework/src/Illuminate/Database/Connectors/Connector.php(50): PDO->__construct('mysql:host=75.1...', 'friendly_mepcr', 'wF9x[i6Tqc2y', Array)
#1 /var/www/html/corso/vendor/laravel/framework/src/Illuminate/Database/Connectors/MySqlConnector.php(22): Illuminate\Database\Connectors\Connector->createConnection('mysql:host=75.1...', Array, Array)
#2 /var/www/html/corso/vendor/laravel/framework/src/Illuminate/Database/Connectors/ConnectionFactory.php(60): Illuminate\Database\Connectors\MySqlConnector->connect(Array)
#3 /var/www/html/corso/vendor/laravel/framework/src/Illuminate/Database/Connectors/ConnectionFactory.php(49): Illuminate\Database\Connectors\ConnectionFactory->createSingleConnection(Array)
#4 /var/www/html/corso/vendor/laravel/framework/src/Illuminate/Database/DatabaseManager.php(175): Illuminate\Database\Connectors\ConnectionFactory->make(Array, 'mysql')
#5 /var/www/html/corso/vendor/laravel/framework/src/Illuminate/Database/DatabaseManager.php(67): Illuminate\Database\DatabaseManager->makeConnection('mysql')
#6 /var/www/html/corso/vendor/laravel/framework/src/Illuminate/Database/Migrations/DatabaseMigrationRepository.php(171): Illuminate\Database\DatabaseManager->connection(NULL)
#7 /var/www/html/corso/vendor/laravel/framework/src/Illuminate/Database/Migrations/DatabaseMigrationRepository.php(139): Illuminate\Database\Migrations\DatabaseMigrationRepository->getConnection()
#8 /var/www/html/corso/vendor/laravel/framework/src/Illuminate/Database/Migrations/Migrator.php(393): Illuminate\Database\Migrations\DatabaseMigrationRepository->repositoryExists()
#9 /var/www/html/corso/vendor/laravel/framework/src/Illuminate/Database/Console/Migrations/MigrateCommand.php(100): Illuminate\Database\Migrations\Migrator->repositoryExists()
#10 /var/www/html/corso/vendor/laravel/framework/src/Illuminate/Database/Console/Migrations/MigrateCommand.php(58): Illuminate\Database\Console\Migrations\MigrateCommand->prepareDatabase()
#11 [internal function]: Illuminate\Database\Console\Migrations\MigrateCommand->fire()
#12 /var/www/html/corso/vendor/laravel/framework/src/Illuminate/Container/Container.php(502): call_user_func_array(Array, Array)
#13 /var/www/html/corso/vendor/laravel/framework/src/Illuminate/Console/Command.php(150): Illuminate\Container\Container->call(Array)
#14 /var/www/html/corso/vendor/symfony/console/Command/Command.php(259): Illuminate\Console\Command->execute(Object(Symfony\Component\Console\Input\ArgvInput), Object(Symfony\Component\Console\Output\ConsoleOutput))
#15 /var/www/html/corso/vendor/laravel/framework/src/Illuminate/Console/Command.php(136): Symfony\Component\Console\Command\Command->run(Object(Symfony\Component\Console\Input\ArgvInput), Object(Symfony\Component\Console\Output\ConsoleOutput))
#16 /var/www/html/corso/vendor/symfony/console/Application.php(878): Illuminate\Console\Command->run(Object(Symfony\Component\Console\Input\ArgvInput), Object(Symfony\Component\Console\Output\ConsoleOutput))
#17 /var/www/html/corso/vendor/symfony/console/Application.php(195): Symfony\Component\Console\Application->doRunCommand(Object(Illuminate\Database\Console\Migrations\MigrateCommand), Object(Symfony\Component\Console\Input\ArgvInput), Object(Symfony\Component\Console\Output\ConsoleOutput))
#18 /var/www/html/corso/vendor/symfony/console/Application.php(126): Symfony\Component\Console\Application->doRun(Object(Symfony\Component\Console\Input\ArgvInput), Object(Symfony\Component\Console\Output\ConsoleOutput))
#19 /var/www/html/corso/vendor/laravel/framework/src/Illuminate/Foundation/Console/Kernel.php(100): Symfony\Component\Console\Application->run(Object(Symfony\Component\Console\Input\ArgvInput), Object(Symfony\Component\Console\Output\ConsoleOutput))
#20 /var/www/html/corso/artisan(36): Illuminate\Foundation\Console\Kernel->handle(Object(Symfony\Component\Console\Input\ArgvInput), Object(Symfony\Component\Console\Output\ConsoleOutput))
#21 {main}  
