[2015-08-27 04:49:53] local.ERROR: exception 'PDOException' with message 'SQLSTATE[HY000] [2003] Can't connect to MySQL server on '184.107.199.106' (4)' in /var/www/html/corso/vendor/laravel/framework/src/Illuminate/Database/Connectors/Connector.php:47
Stack trace:
#0 /var/www/html/corso/vendor/laravel/framework/src/Illuminate/Database/Connectors/Connector.php(47): PDO->__construct('mysql:host=184....', 'elcorso_elcorso', '6!Ki2Q]b+=XE', Array)
#1 /var/www/html/corso/vendor/laravel/framework/src/Illuminate/Database/Connectors/MySqlConnector.php(20): Illuminate\Database\Connectors\Connector->createConnection('mysql:host=184....', Array, Array)
#2 /var/www/html/corso/vendor/compiled.php(10991): Illuminate\Database\Connectors\MySqlConnector->connect(Array)
#3 /var/www/html/corso/vendor/compiled.php(10987): Illuminate\Database\Connectors\ConnectionFactory->createSingleConnection(Array)
#4 /var/www/html/corso/vendor/compiled.php(10903): Illuminate\Database\Connectors\ConnectionFactory->make(Array, 'mysql')
#5 /var/www/html/corso/vendor/compiled.php(10858): Illuminate\Database\DatabaseManager->makeConnection('mysql')
#6 /var/www/html/corso/vendor/compiled.php(10736): Illuminate\Database\DatabaseManager->connection(NULL)
#7 /var/www/html/corso/vendor/compiled.php(10723): Illuminate\Database\Eloquent\Model::resolveConnection(NULL)
#8 /var/www/html/corso/vendor/compiled.php(10212): Illuminate\Database\Eloquent\Model->getConnection()
#9 /var/www/html/corso/vendor/compiled.php(10189): Illuminate\Database\Eloquent\Model->newBaseQueryBuilder()
#10 /var/www/html/corso/vendor/compiled.php(10179): Illuminate\Database\Eloquent\Model->newQueryWithoutScopes()
#11 /var/www/html/corso/vendor/compiled.php(754): Illuminate\Database\Eloquent\Model->newQuery()
#12 /var/www/html/corso/vendor/compiled.php(545): Illuminate\Auth\EloquentUserProvider->retrieveByCredentials(Array)
#13 /var/www/html/corso/vendor/compiled.php(2091): Illuminate\Auth\Guard->attempt(Array, false)
#14 [internal function]: Corso\Http\Controllers\Auth\AuthController->postLogin(Object(Illuminate\Http\Request))
#15 /var/www/html/corso/vendor/compiled.php(8557): call_user_func_array(Array, Array)
#16 /var/www/html/corso/vendor/compiled.php(8625): Illuminate\Routing\Controller->callAction('postLogin', Array)
#17 /var/www/html/corso/vendor/compiled.php(8604): Illuminate\Routing\ControllerDispatcher->call(Object(Corso\Http\Controllers\Auth\AuthController), Object(Illuminate\Routing\Route), 'postLogin')
#18 [internal function]: Illuminate\Routing\ControllerDispatcher->Illuminate\Routing\{closure}(Object(Illuminate\Http\Request))
#19 /var/www/html/corso/vendor/compiled.php(9243): call_user_func(Object(Closure), Object(Illuminate\Http\Request))
#20 /var/www/html/corso/app/Http/Middleware/RedirectIfAuthenticated.php(81): Illuminate\Pipeline\Pipeline->Illuminate\Pipeline\{closure}(Object(Illuminate\Http\Request))
#21 /var/www/html/corso/vendor/compiled.php(9235): Corso\Http\Middleware\RedirectIfAuthenticated->handle(Object(Illuminate\Http\Request), Object(Closure))
#22 [internal function]: Illuminate\Pipeline\Pipeline->Illuminate\Pipeline\{closure}(Object(Illuminate\Http\Request))
#23 /var/www/html/corso/vendor/compiled.php(9226): call_user_func(Object(Closure), Object(Illuminate\Http\Request))
#24 /var/www/html/corso/vendor/compiled.php(8605): Illuminate\Pipeline\Pipeline->then(Object(Closure))
#25 /var/www/html/corso/vendor/compiled.php(8591): Illuminate\Routing\ControllerDispatcher->callWithinStack(Object(Corso\Http\Controllers\Auth\AuthController), Object(Illuminate\Routing\Route), Object(Illuminate\Http\Request), 'postLogin')
#26 /var/www/html/corso/vendor/compiled.php(7582): Illuminate\Routing\ControllerDispatcher->dispatch(Object(Illuminate\Routing\Route), Object(Illuminate\Http\Request), 'Corso\\Http\\Cont...', 'postLogin')
#27 /var/www/html/corso/vendor/compiled.php(7553): Illuminate\Routing\Route->runWithCustomDispatcher(Object(Illuminate\Http\Request))
#28 /var/www/html/corso/vendor/compiled.php(7218): Illuminate\Routing\Route->run(Object(Illuminate\Http\Request))
#29 [internal function]: Illuminate\Routing\Router->Illuminate\Routing\{closure}(Object(Illuminate\Http\Request))
#30 /var/www/html/corso/vendor/compiled.php(9243): call_user_func(Object(Closure), Object(Illuminate\Http\Request))
#31 [internal function]: Illuminate\Pipeline\Pipeline->Illuminate\Pipeline\{closure}(Object(Illuminate\Http\Request))
#32 /var/www/html/corso/vendor/compiled.php(9226): call_user_func(Object(Closure), Object(Illuminate\Http\Request))
#33 /var/www/html/corso/vendor/compiled.php(7219): Illuminate\Pipeline\Pipeline->then(Object(Closure))
#34 /var/www/html/corso/vendor/compiled.php(7208): Illuminate\Routing\Router->runRouteWithinStack(Object(Illuminate\Routing\Route), Object(Illuminate\Http\Request))
#35 /var/www/html/corso/vendor/compiled.php(7193): Illuminate\Routing\Router->dispatchToRoute(Object(Illuminate\Http\Request))
#36 /var/www/html/corso/vendor/compiled.php(2040): Illuminate\Routing\Router->dispatch(Object(Illuminate\Http\Request))
#37 [internal function]: Illuminate\Foundation\Http\Kernel->Illuminate\Foundation\Http\{closure}(Object(Illuminate\Http\Request))
#38 /var/www/html/corso/vendor/compiled.php(9243): call_user_func(Object(Closure), Object(Illuminate\Http\Request))
#39 /var/www/html/corso/vendor/compiled.php(2548): Illuminate\Pipeline\Pipeline->Illuminate\Pipeline\{closure}(Object(Illuminate\Http\Request))
#40 /var/www/html/corso/app/Http/Middleware/VerifyCsrfToken.php(33): Illuminate\Foundation\Http\Middleware\VerifyCsrfToken->handle(Object(Illuminate\Http\Request), Object(Closure))
#41 /var/www/html/corso/vendor/compiled.php(9235): Corso\Http\Middleware\VerifyCsrfToken->handle(Object(Illuminate\Http\Request), Object(Closure))
#42 /var/www/html/corso/vendor/compiled.php(12415): Illuminate\Pipeline\Pipeline->Illuminate\Pipeline\{closure}(Object(Illuminate\Http\Request))
#43 /var/www/html/corso/vendor/compiled.php(9235): Illuminate\View\Middleware\ShareErrorsFromSession->handle(Object(Illuminate\Http\Request), Object(Closure))
#44 /var/www/html/corso/vendor/compiled.php(11105): Illuminate\Pipeline\Pipeline->Illuminate\Pipeline\{closure}(Object(Illuminate\Http\Request))
#45 /var/www/html/corso/vendor/compiled.php(9235): Illuminate\Session\Middleware\StartSession->handle(Object(Illuminate\Http\Request), Object(Closure))
#46 /var/www/html/corso/vendor/compiled.php(12117): Illuminate\Pipeline\Pipeline->Illuminate\Pipeline\{closure}(Object(Illuminate\Http\Request))
#47 /var/www/html/corso/vendor/compiled.php(9235): Illuminate\Cookie\Middleware\AddQueuedCookiesToResponse->handle(Object(Illuminate\Http\Request), Object(Closure))
#48 /var/www/html/corso/vendor/compiled.php(12065): Illuminate\Pipeline\Pipeline->Illuminate\Pipeline\{closure}(Object(Illuminate\Http\Request))
#49 /var/www/html/corso/vendor/compiled.php(9235): Illuminate\Cookie\Middleware\EncryptCookies->handle(Object(Illuminate\Http\Request), Object(Closure))
#50 /var/www/html/corso/vendor/compiled.php(2589): Illuminate\Pipeline\Pipeline->Illuminate\Pipeline\{closure}(Object(Illuminate\Http\Request))
#51 /var/www/html/corso/vendor/compiled.php(9235): Illuminate\Foundation\Http\Middleware\CheckForMaintenanceMode->handle(Object(Illuminate\Http\Request), Object(Closure))
#52 [internal function]: Illuminate\Pipeline\Pipeline->Illuminate\Pipeline\{closure}(Object(Illuminate\Http\Request))
#53 /var/www/html/corso/vendor/compiled.php(9226): call_user_func(Object(Closure), Object(Illuminate\Http\Request))
#54 /var/www/html/corso/vendor/compiled.php(1996): Illuminate\Pipeline\Pipeline->then(Object(Closure))
#55 /var/www/html/corso/vendor/compiled.php(1983): Illuminate\Foundation\Http\Kernel->sendRequestThroughRouter(Object(Illuminate\Http\Request))
#56 /var/www/html/corso/public/index.php(53): Illuminate\Foundation\Http\Kernel->handle(Object(Illuminate\Http\Request))
#57 {main}  
[2015-08-27 23:42:26] local.ERROR: exception 'PDOException' with message 'SQLSTATE[HY000] [2003] Can't connect to MySQL server on '184.107.199.106' (4)' in /var/www/html/corso/vendor/laravel/framework/src/Illuminate/Database/Connectors/Connector.php:47
Stack trace:
#0 /var/www/html/corso/vendor/laravel/framework/src/Illuminate/Database/Connectors/Connector.php(47): PDO->__construct('mysql:host=184....', 'elcorso_elcorso', '6!Ki2Q]b+=XE', Array)
#1 /var/www/html/corso/vendor/laravel/framework/src/Illuminate/Database/Connectors/MySqlConnector.php(20): Illuminate\Database\Connectors\Connector->createConnection('mysql:host=184....', Array, Array)
#2 /var/www/html/corso/vendor/compiled.php(10991): Illuminate\Database\Connectors\MySqlConnector->connect(Array)
#3 /var/www/html/corso/vendor/compiled.php(10987): Illuminate\Database\Connectors\ConnectionFactory->createSingleConnection(Array)
#4 /var/www/html/corso/vendor/compiled.php(10903): Illuminate\Database\Connectors\ConnectionFactory->make(Array, 'mysql')
#5 /var/www/html/corso/vendor/compiled.php(10858): Illuminate\Database\DatabaseManager->makeConnection('mysql')
#6 /var/www/html/corso/vendor/compiled.php(10736): Illuminate\Database\DatabaseManager->connection(NULL)
#7 /var/www/html/corso/vendor/compiled.php(10723): Illuminate\Database\Eloquent\Model::resolveConnection(NULL)
#8 /var/www/html/corso/vendor/compiled.php(10212): Illuminate\Database\Eloquent\Model->getConnection()
#9 /var/www/html/corso/vendor/compiled.php(10189): Illuminate\Database\Eloquent\Model->newBaseQueryBuilder()
#10 /var/www/html/corso/vendor/compiled.php(10179): Illuminate\Database\Eloquent\Model->newQueryWithoutScopes()
#11 /var/www/html/corso/vendor/compiled.php(754): Illuminate\Database\Eloquent\Model->newQuery()
#12 /var/www/html/corso/vendor/compiled.php(545): Illuminate\Auth\EloquentUserProvider->retrieveByCredentials(Array)
#13 /var/www/html/corso/vendor/compiled.php(2091): Illuminate\Auth\Guard->attempt(Array, false)
#14 [internal function]: Corso\Http\Controllers\Auth\AuthController->postLogin(Object(Illuminate\Http\Request))
#15 /var/www/html/corso/vendor/compiled.php(8557): call_user_func_array(Array, Array)
#16 /var/www/html/corso/vendor/compiled.php(8625): Illuminate\Routing\Controller->callAction('postLogin', Array)
#17 /var/www/html/corso/vendor/compiled.php(8604): Illuminate\Routing\ControllerDispatcher->call(Object(Corso\Http\Controllers\Auth\AuthController), Object(Illuminate\Routing\Route), 'postLogin')
#18 [internal function]: Illuminate\Routing\ControllerDispatcher->Illuminate\Routing\{closure}(Object(Illuminate\Http\Request))
#19 /var/www/html/corso/vendor/compiled.php(9243): call_user_func(Object(Closure), Object(Illuminate\Http\Request))
#20 /var/www/html/corso/app/Http/Middleware/RedirectIfAuthenticated.php(81): Illuminate\Pipeline\Pipeline->Illuminate\Pipeline\{closure}(Object(Illuminate\Http\Request))
#21 /var/www/html/corso/vendor/compiled.php(9235): Corso\Http\Middleware\RedirectIfAuthenticated->handle(Object(Illuminate\Http\Request), Object(Closure))
#22 [internal function]: Illuminate\Pipeline\Pipeline->Illuminate\Pipeline\{closure}(Object(Illuminate\Http\Request))
#23 /var/www/html/corso/vendor/compiled.php(9226): call_user_func(Object(Closure), Object(Illuminate\Http\Request))
#24 /var/www/html/corso/vendor/compiled.php(8605): Illuminate\Pipeline\Pipeline->then(Object(Closure))
#25 /var/www/html/corso/vendor/compiled.php(8591): Illuminate\Routing\ControllerDispatcher->callWithinStack(Object(Corso\Http\Controllers\Auth\AuthController), Object(Illuminate\Routing\Route), Object(Illuminate\Http\Request), 'postLogin')
#26 /var/www/html/corso/vendor/compiled.php(7582): Illuminate\Routing\ControllerDispatcher->dispatch(Object(Illuminate\Routing\Route), Object(Illuminate\Http\Request), 'Corso\\Http\\Cont...', 'postLogin')
#27 /var/www/html/corso/vendor/compiled.php(7553): Illuminate\Routing\Route->runWithCustomDispatcher(Object(Illuminate\Http\Request))
#28 /var/www/html/corso/vendor/compiled.php(7218): Illuminate\Routing\Route->run(Object(Illuminate\Http\Request))
#29 [internal function]: Illuminate\Routing\Router->Illuminate\Routing\{closure}(Object(Illuminate\Http\Request))
#30 /var/www/html/corso/vendor/compiled.php(9243): call_user_func(Object(Closure), Object(Illuminate\Http\Request))
#31 [internal function]: Illuminate\Pipeline\Pipeline->Illuminate\Pipeline\{closure}(Object(Illuminate\Http\Request))
#32 /var/www/html/corso/vendor/compiled.php(9226): call_user_func(Object(Closure), Object(Illuminate\Http\Request))
#33 /var/www/html/corso/vendor/compiled.php(7219): Illuminate\Pipeline\Pipeline->then(Object(Closure))
#34 /var/www/html/corso/vendor/compiled.php(7208): Illuminate\Routing\Router->runRouteWithinStack(Object(Illuminate\Routing\Route), Object(Illuminate\Http\Request))
#35 /var/www/html/corso/vendor/compiled.php(7193): Illuminate\Routing\Router->dispatchToRoute(Object(Illuminate\Http\Request))
#36 /var/www/html/corso/vendor/compiled.php(2040): Illuminate\Routing\Router->dispatch(Object(Illuminate\Http\Request))
#37 [internal function]: Illuminate\Foundation\Http\Kernel->Illuminate\Foundation\Http\{closure}(Object(Illuminate\Http\Request))
#38 /var/www/html/corso/vendor/compiled.php(9243): call_user_func(Object(Closure), Object(Illuminate\Http\Request))
#39 /var/www/html/corso/vendor/compiled.php(2548): Illuminate\Pipeline\Pipeline->Illuminate\Pipeline\{closure}(Object(Illuminate\Http\Request))
#40 /var/www/html/corso/app/Http/Middleware/VerifyCsrfToken.php(33): Illuminate\Foundation\Http\Middleware\VerifyCsrfToken->handle(Object(Illuminate\Http\Request), Object(Closure))
#41 /var/www/html/corso/vendor/compiled.php(9235): Corso\Http\Middleware\VerifyCsrfToken->handle(Object(Illuminate\Http\Request), Object(Closure))
#42 /var/www/html/corso/vendor/compiled.php(12415): Illuminate\Pipeline\Pipeline->Illuminate\Pipeline\{closure}(Object(Illuminate\Http\Request))
#43 /var/www/html/corso/vendor/compiled.php(9235): Illuminate\View\Middleware\ShareErrorsFromSession->handle(Object(Illuminate\Http\Request), Object(Closure))
#44 /var/www/html/corso/vendor/compiled.php(11105): Illuminate\Pipeline\Pipeline->Illuminate\Pipeline\{closure}(Object(Illuminate\Http\Request))
#45 /var/www/html/corso/vendor/compiled.php(9235): Illuminate\Session\Middleware\StartSession->handle(Object(Illuminate\Http\Request), Object(Closure))
#46 /var/www/html/corso/vendor/compiled.php(12117): Illuminate\Pipeline\Pipeline->Illuminate\Pipeline\{closure}(Object(Illuminate\Http\Request))
#47 /var/www/html/corso/vendor/compiled.php(9235): Illuminate\Cookie\Middleware\AddQueuedCookiesToResponse->handle(Object(Illuminate\Http\Request), Object(Closure))
#48 /var/www/html/corso/vendor/compiled.php(12065): Illuminate\Pipeline\Pipeline->Illuminate\Pipeline\{closure}(Object(Illuminate\Http\Request))
#49 /var/www/html/corso/vendor/compiled.php(9235): Illuminate\Cookie\Middleware\EncryptCookies->handle(Object(Illuminate\Http\Request), Object(Closure))
#50 /var/www/html/corso/vendor/compiled.php(2589): Illuminate\Pipeline\Pipeline->Illuminate\Pipeline\{closure}(Object(Illuminate\Http\Request))
#51 /var/www/html/corso/vendor/compiled.php(9235): Illuminate\Foundation\Http\Middleware\CheckForMaintenanceMode->handle(Object(Illuminate\Http\Request), Object(Closure))
#52 [internal function]: Illuminate\Pipeline\Pipeline->Illuminate\Pipeline\{closure}(Object(Illuminate\Http\Request))
#53 /var/www/html/corso/vendor/compiled.php(9226): call_user_func(Object(Closure), Object(Illuminate\Http\Request))
#54 /var/www/html/corso/vendor/compiled.php(1996): Illuminate\Pipeline\Pipeline->then(Object(Closure))
#55 /var/www/html/corso/vendor/compiled.php(1983): Illuminate\Foundation\Http\Kernel->sendRequestThroughRouter(Object(Illuminate\Http\Request))
#56 /var/www/html/corso/public/index.php(53): Illuminate\Foundation\Http\Kernel->handle(Object(Illuminate\Http\Request))
#57 {main}  
